This file contains any messages produced by compilers while
running configure, to aid debugging if configure makes a mistake.

It was created by libdecnumber configure  , which was
generated by GNU Autoconf 2.69.  Invocation command line was

  $ /data/gcc/libdecnumber/configure --srcdir=../../libdecnumber --cache-file=./config.cache --prefix=/data/gcc/build/out --enable-stage1-languages=c --disable-multilib --disable-debug --disable-profiling --disable-doc --disable-libitm --disable-libsanitizer --disable-libquadmath --disable-libgomp --disable-plugins --disable-lto --enable-static --disable-shared --without-isl --without-cloog --without-c++tools --enable-languages=c,c++ --program-transform-name=s,y,y, --disable-option-checking --build=x86_64-pc-linux-gnu --host=x86_64-pc-linux-gnu --target=x86_64-pc-linux-gnu --disable-intermodule --enable-checking=yes,types --disable-coverage --enable-languages=c,c++ --disable-build-format-warnings

## --------- ##
## Platform. ##
## --------- ##

hostname = wisper-UOSx64
uname -m = x86_64
uname -r = 5.10.0-amd64-desktop
uname -s = Linux
uname -v = #20.00.61.00-release SMP Thu Jul 20 15:49:09 CST 2023

/usr/bin/uname -p = unknown
/bin/uname -X     = unknown

/bin/arch              = x86_64
/usr/bin/arch -k       = unknown
/usr/convex/getsysinfo = unknown
/usr/bin/hostinfo      = unknown
/bin/machine           = unknown
/usr/bin/oslevel       = unknown
/bin/universe          = unknown

PATH: /usr/share/safe-rm/bin
PATH: /usr/local/sbin
PATH: /usr/local/bin
PATH: /usr/sbin
PATH: /usr/bin
PATH: /sbin
PATH: /bin


## ----------- ##
## Core tests. ##
## ----------- ##

configure:2229: creating cache ./config.cache
configure:2335: checking whether make sets $(MAKE)
configure:2357: result: yes
configure:2374: checking for x86_64-pc-linux-gnu-gcc
configure:2401: result: gcc
configure:2670: checking for C compiler version
configure:2679: gcc --version >&5
gcc (GCC) 12.4.0
Copyright (C) 2022 Free Software Foundation, Inc.
This is free software; see the source for copying conditions.  There is NO
warranty; not even for MERCHANTABILITY or FITNESS FOR A PARTICULAR PURPOSE.

configure:2690: $? = 0
configure:2679: gcc -v >&5
Using built-in specs.
COLLECT_GCC=gcc
COLLECT_LTO_WRAPPER=/usr/local/libexec/gcc/x86_64-pc-linux-gnu/12.4.0/lto-wrapper
Target: x86_64-pc-linux-gnu
Configured with: ../configure --disable-multilib
Thread model: posix
Supported LTO compression algorithms: zlib
gcc version 12.4.0 (GCC) 
configure:2690: $? = 0
configure:2679: gcc -V >&5
gcc: error: unrecognized command-line option '-V'
gcc: fatal error: no input files
compilation terminated.
configure:2690: $? = 1
configure:2679: gcc -qversion >&5
gcc: error: unrecognized command-line option '-qversion'; did you mean '--version'?
gcc: fatal error: no input files
compilation terminated.
configure:2690: $? = 1
configure:2710: checking whether the C compiler works
configure:2732: gcc -g  -static-libstdc++ -static-libgcc  conftest.c  >&5
configure:2736: $? = 0
configure:2784: result: yes
configure:2787: checking for C compiler default output file name
configure:2789: result: a.out
configure:2795: checking for suffix of executables
configure:2802: gcc -o conftest -g  -static-libstdc++ -static-libgcc  conftest.c  >&5
configure:2806: $? = 0
configure:2828: result: 
configure:2850: checking whether we are cross compiling
configure:2858: gcc -o conftest -g  -static-libstdc++ -static-libgcc  conftest.c  >&5
configure:2862: $? = 0
configure:2869: ./conftest
configure:2873: $? = 0
configure:2861: result: no
configure:2866: checking for suffix of object files
configure:2888: gcc -c -g  conftest.c >&5
configure:2892: $? = 0
configure:2913: result: o
configure:2917: checking whether we are using the GNU C compiler
configure:2936: gcc -c -g  conftest.c >&5
configure:2936: $? = 0
configure:2945: result: yes
configure:2954: checking whether gcc accepts -g
configure:2974: gcc -c -g  conftest.c >&5
configure:2974: $? = 0
configure:3015: result: yes
configure:3032: checking for gcc option to accept ISO C89
configure:3095: gcc  -c -g  conftest.c >&5
configure:3095: $? = 0
configure:3108: result: none needed
configure:3131: checking for x86_64-pc-linux-gnu-ranlib
configure:3158: result: ranlib
configure:3223: checking for x86_64-pc-linux-gnu-ar
configure:3250: result: ar
configure:3318: checking for aclocal
configure:3334: found /usr/bin/aclocal
configure:3345: result: aclocal
configure:3361: checking for autoconf
configure:3377: found /usr/bin/autoconf
configure:3388: result: autoconf
configure:3404: checking for autoheader
configure:3420: found /usr/bin/autoheader
configure:3431: result: autoheader
configure:3467: checking whether gcc supports -W
configure:3484: gcc -c -W  conftest.c >&5
configure:3484: $? = 0
configure:3493: result: yes
configure:3467: checking whether gcc supports -Wall
configure:3484: gcc -c -Wall  conftest.c >&5
configure:3484: $? = 0
configure:3493: result: yes
configure:3467: checking whether gcc supports -Wwrite-strings
configure:3484: gcc -c -Wwrite-strings  conftest.c >&5
configure:3484: $? = 0
configure:3493: result: yes
configure:3467: checking whether gcc supports -Wstrict-prototypes
configure:3484: gcc -c -Wstrict-prototypes  conftest.c >&5
conftest.c:11:1: warning: function declaration isn't a prototype [-Wstrict-prototypes]
   11 | main ()
      | ^~~~
configure:3484: $? = 0
configure:3493: result: yes
configure:3467: checking whether gcc supports -Wmissing-prototypes
configure:3484: gcc -c -Wmissing-prototypes  conftest.c >&5
configure:3484: $? = 0
configure:3493: result: yes
configure:3467: checking whether gcc supports -Wold-style-definition
configure:3484: gcc -c -Wold-style-definition  conftest.c >&5
conftest.c: In function 'main':
conftest.c:11:1: warning: old-style function definition [-Wold-style-definition]
   11 | main ()
      | ^~~~
configure:3484: $? = 0
configure:3493: result: yes
configure:3467: checking whether gcc supports -Wmissing-format-attribute
configure:3484: gcc -c -Wmissing-format-attribute  conftest.c >&5
configure:3484: $? = 0
configure:3493: result: yes
configure:3467: checking whether gcc supports -Wcast-qual
configure:3484: gcc -c -Wcast-qual  conftest.c >&5
configure:3484: $? = 0
configure:3493: result: yes
configure:3517: checking whether gcc supports -pedantic -Wlong-long
configure:3535: gcc -c -pedantic -Wlong-long  conftest.c >&5
configure:3535: $? = 0
configure:3543: result: yes
configure:3575: checking whether gcc supports -fno-lto
configure:3592: gcc -c -fno-lto  conftest.c >&5
configure:3592: $? = 0
configure:3601: result: yes
configure:3650: checking how to run the C preprocessor
configure:3681: gcc -E  conftest.c
configure:3681: $? = 0
configure:3695: gcc -E  conftest.c
conftest.c:9:10: fatal error: ac_nonexistent.h: No such file or directory
    9 | #include <ac_nonexistent.h>
      |          ^~~~~~~~~~~~~~~~~~
compilation terminated.
configure:3695: $? = 1
configure: failed program was:
| /* confdefs.h */
| #define PACKAGE_NAME "libdecnumber"
| #define PACKAGE_TARNAME "libdecnumber"
| #define PACKAGE_VERSION " "
| #define PACKAGE_STRING "libdecnumber  "
| #define PACKAGE_BUGREPORT "gcc-bugs@gcc.gnu.org"
| #define PACKAGE_URL ""
| /* end confdefs.h.  */
| #include <ac_nonexistent.h>
configure:3720: result: gcc -E
configure:3740: gcc -E  conftest.c
configure:3740: $? = 0
configure:3754: gcc -E  conftest.c
conftest.c:9:10: fatal error: ac_nonexistent.h: No such file or directory
    9 | #include <ac_nonexistent.h>
      |          ^~~~~~~~~~~~~~~~~~
compilation terminated.
configure:3754: $? = 1
configure: failed program was:
| /* confdefs.h */
| #define PACKAGE_NAME "libdecnumber"
| #define PACKAGE_TARNAME "libdecnumber"
| #define PACKAGE_VERSION " "
| #define PACKAGE_STRING "libdecnumber  "
| #define PACKAGE_BUGREPORT "gcc-bugs@gcc.gnu.org"
| #define PACKAGE_URL ""
| /* end confdefs.h.  */
| #include <ac_nonexistent.h>
configure:3783: checking for grep that handles long lines and -e
configure:3841: result: /usr/bin/grep
configure:3846: checking for egrep
configure:3908: result: /usr/bin/grep -E
configure:3913: checking for ANSI C header files
configure:3933: gcc -c -g  conftest.c >&5
configure:3933: $? = 0
configure:4006: gcc -o conftest -g  -static-libstdc++ -static-libgcc  conftest.c  >&5
configure:4006: $? = 0
configure:4006: ./conftest
configure:4006: $? = 0
configure:4017: result: yes
configure:4030: checking for sys/types.h
configure:4030: gcc -c -g  conftest.c >&5
configure:4030: $? = 0
configure:4030: result: yes
configure:4030: checking for sys/stat.h
configure:4030: gcc -c -g  conftest.c >&5
configure:4030: $? = 0
configure:4030: result: yes
configure:4030: checking for stdlib.h
configure:4030: gcc -c -g  conftest.c >&5
configure:4030: $? = 0
configure:4030: result: yes
configure:4030: checking for string.h
configure:4030: gcc -c -g  conftest.c >&5
configure:4030: $? = 0
configure:4030: result: yes
configure:4030: checking for memory.h
configure:4030: gcc -c -g  conftest.c >&5
configure:4030: $? = 0
configure:4030: result: yes
configure:4030: checking for strings.h
configure:4030: gcc -c -g  conftest.c >&5
configure:4030: $? = 0
configure:4030: result: yes
configure:4030: checking for inttypes.h
configure:4030: gcc -c -g  conftest.c >&5
configure:4030: $? = 0
configure:4030: result: yes
configure:4030: checking for stdint.h
configure:4030: gcc -c -g  conftest.c >&5
configure:4030: $? = 0
configure:4030: result: yes
configure:4030: checking for unistd.h
configure:4030: gcc -c -g  conftest.c >&5
configure:4030: $? = 0
configure:4030: result: yes
configure:4045: checking ctype.h usability
configure:4045: gcc -c -g  conftest.c >&5
configure:4045: $? = 0
configure:4045: result: yes
configure:4045: checking ctype.h presence
configure:4045: gcc -E  conftest.c
configure:4045: $? = 0
configure:4045: result: yes
configure:4045: checking for ctype.h
configure:4045: result: yes
configure:4045: checking stddef.h usability
configure:4045: gcc -c -g  conftest.c >&5
configure:4045: $? = 0
configure:4045: result: yes
configure:4045: checking stddef.h presence
configure:4045: gcc -E  conftest.c
configure:4045: $? = 0
configure:4045: result: yes
configure:4045: checking for stddef.h
configure:4045: result: yes
configure:4045: checking for string.h
configure:4045: result: yes
configure:4045: checking stdio.h usability
configure:4045: gcc -c -g  conftest.c >&5
configure:4045: $? = 0
configure:4045: result: yes
configure:4045: checking stdio.h presence
configure:4045: gcc -E  conftest.c
configure:4045: $? = 0
configure:4045: result: yes
configure:4045: checking for stdio.h
configure:4045: result: yes
configure:4068: checking for uintmax_t
configure:4068: gcc -c -g  conftest.c >&5
configure:4068: $? = 0
configure:4068: gcc -c -g  conftest.c >&5
conftest.c: In function 'main':
conftest.c:29:24: error: expected expression before ')' token
   29 | if (sizeof ((uintmax_t)))
      |                        ^
configure:4068: $? = 1
configure: failed program was:
| /* confdefs.h */
| #define PACKAGE_NAME "libdecnumber"
| #define PACKAGE_TARNAME "libdecnumber"
| #define PACKAGE_VERSION " "
| #define PACKAGE_STRING "libdecnumber  "
| #define PACKAGE_BUGREPORT "gcc-bugs@gcc.gnu.org"
| #define PACKAGE_URL ""
| #define STDC_HEADERS 1
| #define HAVE_SYS_TYPES_H 1
| #define HAVE_SYS_STAT_H 1
| #define HAVE_STDLIB_H 1
| #define HAVE_STRING_H 1
| #define HAVE_MEMORY_H 1
| #define HAVE_STRINGS_H 1
| #define HAVE_INTTYPES_H 1
| #define HAVE_STDINT_H 1
| #define HAVE_UNISTD_H 1
| #define HAVE_CTYPE_H 1
| #define HAVE_STDDEF_H 1
| #define HAVE_STRING_H 1
| #define HAVE_STDIO_H 1
| /* end confdefs.h.  */
| #include <sys/types.h>
| #include <stdint.h>
| 
| int
| main ()
| {
| if (sizeof ((uintmax_t)))
| 	    return 0;
|   ;
|   return 0;
| }
configure:4068: result: yes
configure:4077: checking for uintptr_t
configure:4077: gcc -c -g  conftest.c >&5
configure:4077: $? = 0
configure:4077: gcc -c -g  conftest.c >&5
conftest.c: In function 'main':
conftest.c:29:24: error: expected expression before ')' token
   29 | if (sizeof ((uintptr_t)))
      |                        ^
configure:4077: $? = 1
configure: failed program was:
| /* confdefs.h */
| #define PACKAGE_NAME "libdecnumber"
| #define PACKAGE_TARNAME "libdecnumber"
| #define PACKAGE_VERSION " "
| #define PACKAGE_STRING "libdecnumber  "
| #define PACKAGE_BUGREPORT "gcc-bugs@gcc.gnu.org"
| #define PACKAGE_URL ""
| #define STDC_HEADERS 1
| #define HAVE_SYS_TYPES_H 1
| #define HAVE_SYS_STAT_H 1
| #define HAVE_STDLIB_H 1
| #define HAVE_STRING_H 1
| #define HAVE_MEMORY_H 1
| #define HAVE_STRINGS_H 1
| #define HAVE_INTTYPES_H 1
| #define HAVE_STDINT_H 1
| #define HAVE_UNISTD_H 1
| #define HAVE_CTYPE_H 1
| #define HAVE_STDDEF_H 1
| #define HAVE_STRING_H 1
| #define HAVE_STDIO_H 1
| /* end confdefs.h.  */
| #include <sys/types.h>
| #include <stdint.h>
| 
| int
| main ()
| {
| if (sizeof ((uintptr_t)))
| 	    return 0;
|   ;
|   return 0;
| }
configure:4077: result: yes
configure:4086: checking for int_least32_t
configure:4086: gcc -c -g  conftest.c >&5
configure:4086: $? = 0
configure:4086: gcc -c -g  conftest.c >&5
conftest.c: In function 'main':
conftest.c:29:28: error: expected expression before ')' token
   29 | if (sizeof ((int_least32_t)))
      |                            ^
configure:4086: $? = 1
configure: failed program was:
| /* confdefs.h */
| #define PACKAGE_NAME "libdecnumber"
| #define PACKAGE_TARNAME "libdecnumber"
| #define PACKAGE_VERSION " "
| #define PACKAGE_STRING "libdecnumber  "
| #define PACKAGE_BUGREPORT "gcc-bugs@gcc.gnu.org"
| #define PACKAGE_URL ""
| #define STDC_HEADERS 1
| #define HAVE_SYS_TYPES_H 1
| #define HAVE_SYS_STAT_H 1
| #define HAVE_STDLIB_H 1
| #define HAVE_STRING_H 1
| #define HAVE_MEMORY_H 1
| #define HAVE_STRINGS_H 1
| #define HAVE_INTTYPES_H 1
| #define HAVE_STDINT_H 1
| #define HAVE_UNISTD_H 1
| #define HAVE_CTYPE_H 1
| #define HAVE_STDDEF_H 1
| #define HAVE_STRING_H 1
| #define HAVE_STDIO_H 1
| /* end confdefs.h.  */
| #include <sys/types.h>
| #include <stdint.h>
| 
| int
| main ()
| {
| if (sizeof ((int_least32_t)))
| 	    return 0;
|   ;
|   return 0;
| }
configure:4086: result: yes
configure:4095: checking for int_fast32_t
configure:4095: gcc -c -g  conftest.c >&5
configure:4095: $? = 0
configure:4095: gcc -c -g  conftest.c >&5
conftest.c: In function 'main':
conftest.c:29:27: error: expected expression before ')' token
   29 | if (sizeof ((int_fast32_t)))
      |                           ^
configure:4095: $? = 1
configure: failed program was:
| /* confdefs.h */
| #define PACKAGE_NAME "libdecnumber"
| #define PACKAGE_TARNAME "libdecnumber"
| #define PACKAGE_VERSION " "
| #define PACKAGE_STRING "libdecnumber  "
| #define PACKAGE_BUGREPORT "gcc-bugs@gcc.gnu.org"
| #define PACKAGE_URL ""
| #define STDC_HEADERS 1
| #define HAVE_SYS_TYPES_H 1
| #define HAVE_SYS_STAT_H 1
| #define HAVE_STDLIB_H 1
| #define HAVE_STRING_H 1
| #define HAVE_MEMORY_H 1
| #define HAVE_STRINGS_H 1
| #define HAVE_INTTYPES_H 1
| #define HAVE_STDINT_H 1
| #define HAVE_UNISTD_H 1
| #define HAVE_CTYPE_H 1
| #define HAVE_STDDEF_H 1
| #define HAVE_STRING_H 1
| #define HAVE_STDIO_H 1
| /* end confdefs.h.  */
| #include <sys/types.h>
| #include <stdint.h>
| 
| int
| main ()
| {
| if (sizeof ((int_fast32_t)))
| 	    return 0;
|   ;
|   return 0;
| }
configure:4095: result: yes
configure:4104: checking for uint64_t
configure:4104: gcc -c -g  conftest.c >&5
configure:4104: $? = 0
configure:4104: gcc -c -g  conftest.c >&5
conftest.c: In function 'main':
conftest.c:29:23: error: expected expression before ')' token
   29 | if (sizeof ((uint64_t)))
      |                       ^
configure:4104: $? = 1
configure: failed program was:
| /* confdefs.h */
| #define PACKAGE_NAME "libdecnumber"
| #define PACKAGE_TARNAME "libdecnumber"
| #define PACKAGE_VERSION " "
| #define PACKAGE_STRING "libdecnumber  "
| #define PACKAGE_BUGREPORT "gcc-bugs@gcc.gnu.org"
| #define PACKAGE_URL ""
| #define STDC_HEADERS 1
| #define HAVE_SYS_TYPES_H 1
| #define HAVE_SYS_STAT_H 1
| #define HAVE_STDLIB_H 1
| #define HAVE_STRING_H 1
| #define HAVE_MEMORY_H 1
| #define HAVE_STRINGS_H 1
| #define HAVE_INTTYPES_H 1
| #define HAVE_STDINT_H 1
| #define HAVE_UNISTD_H 1
| #define HAVE_CTYPE_H 1
| #define HAVE_STDDEF_H 1
| #define HAVE_STRING_H 1
| #define HAVE_STDIO_H 1
| /* end confdefs.h.  */
| #include <sys/types.h>
| #include <stdint.h>
| 
| int
| main ()
| {
| if (sizeof ((uint64_t)))
| 	    return 0;
|   ;
|   return 0;
| }
configure:4104: result: yes
configure:4185: checking what to include in gstdint.h
configure:4213: result: stdint.h (already complete)
configure:4458: checking for an ANSI C-conforming const
configure:4524: gcc -c -g  conftest.c >&5
configure:4524: $? = 0
configure:4531: result: yes
configure:4539: checking for off_t
configure:4539: gcc -c -g  conftest.c >&5
configure:4539: $? = 0
configure:4539: gcc -c -g  conftest.c >&5
conftest.c: In function 'main':
conftest.c:59:20: error: expected expression before ')' token
   59 | if (sizeof ((off_t)))
      |                    ^
configure:4539: $? = 1
configure: failed program was:
| /* confdefs.h */
| #define PACKAGE_NAME "libdecnumber"
| #define PACKAGE_TARNAME "libdecnumber"
| #define PACKAGE_VERSION " "
| #define PACKAGE_STRING "libdecnumber  "
| #define PACKAGE_BUGREPORT "gcc-bugs@gcc.gnu.org"
| #define PACKAGE_URL ""
| #define STDC_HEADERS 1
| #define HAVE_SYS_TYPES_H 1
| #define HAVE_SYS_STAT_H 1
| #define HAVE_STDLIB_H 1
| #define HAVE_STRING_H 1
| #define HAVE_MEMORY_H 1
| #define HAVE_STRINGS_H 1
| #define HAVE_INTTYPES_H 1
| #define HAVE_STDINT_H 1
| #define HAVE_UNISTD_H 1
| #define HAVE_CTYPE_H 1
| #define HAVE_STDDEF_H 1
| #define HAVE_STRING_H 1
| #define HAVE_STDIO_H 1
| /* end confdefs.h.  */
| #include <stdio.h>
| #ifdef HAVE_SYS_TYPES_H
| # include <sys/types.h>
| #endif
| #ifdef HAVE_SYS_STAT_H
| # include <sys/stat.h>
| #endif
| #ifdef STDC_HEADERS
| # include <stdlib.h>
| # include <stddef.h>
| #else
| # ifdef HAVE_STDLIB_H
| #  include <stdlib.h>
| # endif
| #endif
| #ifdef HAVE_STRING_H
| # if !defined STDC_HEADERS && defined HAVE_MEMORY_H
| #  include <memory.h>
| # endif
| # include <string.h>
| #endif
| #ifdef HAVE_STRINGS_H
| # include <strings.h>
| #endif
| #ifdef HAVE_INTTYPES_H
| # include <inttypes.h>
| #endif
| #ifdef HAVE_STDINT_H
| # include <stdint.h>
| #endif
| #ifdef HAVE_UNISTD_H
| # include <unistd.h>
| #endif
| int
| main ()
| {
| if (sizeof ((off_t)))
| 	    return 0;
|   ;
|   return 0;
| }
configure:4539: result: yes
configure:4554: checking size of int
configure:4559: gcc -o conftest -g  -static-libstdc++ -static-libgcc  conftest.c  >&5
configure:4559: $? = 0
configure:4559: ./conftest
configure:4559: $? = 0
configure:4573: result: 4
configure:4587: checking size of long
configure:4592: gcc -o conftest -g  -static-libstdc++ -static-libgcc  conftest.c  >&5
configure:4592: $? = 0
configure:4592: ./conftest
configure:4592: $? = 0
configure:4606: result: 8
configure:4618: checking for ANSI C header files
configure:4722: result: yes
configure:4750: checking build system type
configure:4764: result: x86_64-pc-linux-gnu
configure:4784: checking host system type
configure:4797: result: x86_64-pc-linux-gnu
configure:4817: checking target system type
configure:4830: result: x86_64-pc-linux-gnu
configure:4859: checking for decimal floating point
configure:4924: result: bid
configure:4929: checking whether byte ordering is bigendian
configure:4944: gcc -c -g  conftest.c >&5
conftest.c:27:16: error: unknown type name 'not'
   27 |                not a universal capable compiler
      |                ^~~
conftest.c:27:22: error: expected '=', ',', ';', 'asm' or '__attribute__' before 'universal'
   27 |                not a universal capable compiler
      |                      ^~~~~~~~~
conftest.c:27:22: error: unknown type name 'universal'
configure:4944: $? = 1
configure: failed program was:
| /* confdefs.h */
| #define PACKAGE_NAME "libdecnumber"
| #define PACKAGE_TARNAME "libdecnumber"
| #define PACKAGE_VERSION " "
| #define PACKAGE_STRING "libdecnumber  "
| #define PACKAGE_BUGREPORT "gcc-bugs@gcc.gnu.org"
| #define PACKAGE_URL ""
| #define STDC_HEADERS 1
| #define HAVE_SYS_TYPES_H 1
| #define HAVE_SYS_STAT_H 1
| #define HAVE_STDLIB_H 1
| #define HAVE_STRING_H 1
| #define HAVE_MEMORY_H 1
| #define HAVE_STRINGS_H 1
| #define HAVE_INTTYPES_H 1
| #define HAVE_STDINT_H 1
| #define HAVE_UNISTD_H 1
| #define HAVE_CTYPE_H 1
| #define HAVE_STDDEF_H 1
| #define HAVE_STRING_H 1
| #define HAVE_STDIO_H 1
| #define SIZEOF_INT 4
| #define SIZEOF_LONG 8
| #define STDC_HEADERS 1
| /* end confdefs.h.  */
| #ifndef __APPLE_CC__
| 	       not a universal capable compiler
| 	     #endif
| 	     typedef int dummy;
| 
configure:4989: gcc -c -g  conftest.c >&5
configure:4989: $? = 0
configure:5007: gcc -c -g  conftest.c >&5
conftest.c: In function 'main':
conftest.c:33:18: error: unknown type name 'not'; did you mean 'ino_t'?
   33 |                  not big endian
      |                  ^~~
      |                  ino_t
conftest.c:33:26: error: expected '=', ',', ';', 'asm' or '__attribute__' before 'endian'
   33 |                  not big endian
      |                          ^~~~~~
configure:5007: $? = 1
configure: failed program was:
| /* confdefs.h */
| #define PACKAGE_NAME "libdecnumber"
| #define PACKAGE_TARNAME "libdecnumber"
| #define PACKAGE_VERSION " "
| #define PACKAGE_STRING "libdecnumber  "
| #define PACKAGE_BUGREPORT "gcc-bugs@gcc.gnu.org"
| #define PACKAGE_URL ""
| #define STDC_HEADERS 1
| #define HAVE_SYS_TYPES_H 1
| #define HAVE_SYS_STAT_H 1
| #define HAVE_STDLIB_H 1
| #define HAVE_STRING_H 1
| #define HAVE_MEMORY_H 1
| #define HAVE_STRINGS_H 1
| #define HAVE_INTTYPES_H 1
| #define HAVE_STDINT_H 1
| #define HAVE_UNISTD_H 1
| #define HAVE_CTYPE_H 1
| #define HAVE_STDDEF_H 1
| #define HAVE_STRING_H 1
| #define HAVE_STDIO_H 1
| #define SIZEOF_INT 4
| #define SIZEOF_LONG 8
| #define STDC_HEADERS 1
| /* end confdefs.h.  */
| #include <sys/types.h>
| 		#include <sys/param.h>
| 
| int
| main ()
| {
| #if BYTE_ORDER != BIG_ENDIAN
| 		 not big endian
| 		#endif
| 
|   ;
|   return 0;
| }
configure:5135: result: no
configure:5178: checking for CET support
configure:5207: gcc -c -g -fcf-protection  conftest.c >&5
configure:5207: $? = 0
configure:5273: gcc -o conftest -g -fcf-protection=none  -static-libstdc++ -static-libgcc  -Wl,-z,ibt,-z,shstk conftest.c  >&5
configure:5273: $? = 0
configure:5301: gcc -o conftest -g -fcf-protection=none  -static-libstdc++ -static-libgcc  -Wl,-z,ibt,-z,shstk conftest.c  >&5
configure:5301: $? = 0
configure:5301: ./conftest
configure:5301: $? = 0
configure:5348: gcc -o conftest -g -fcf-protection=none  -static-libstdc++ -static-libgcc  -Wl,-z,ibt,-z,shstk conftest.c  >&5
configure:5348: $? = 0
configure:5348: ./conftest
configure:5348: $? = 0
configure:5369: result: yes
configure:5451: updating cache ./config.cache
configure:5501: creating ./config.status

## ---------------------- ##
## Running config.status. ##
## ---------------------- ##

This file was extended by libdecnumber config.status  , which was
generated by GNU Autoconf 2.69.  Invocation command line was

  CONFIG_FILES    = 
  CONFIG_HEADERS  = 
  CONFIG_LINKS    = 
  CONFIG_COMMANDS = 
  $ ./config.status 

on wisper-UOSx64

config.status:855: creating Makefile
config.status:855: creating config.h
config.status:1024: executing gstdint.h commands

## ---------------- ##
## Cache variables. ##
## ---------------- ##

ac_cv_build=x86_64-pc-linux-gnu
ac_cv_c_bigendian=no
ac_cv_c_compiler_gnu=yes
ac_cv_c_const=yes
ac_cv_env_CC_set=set
ac_cv_env_CC_value=gcc
ac_cv_env_CFLAGS_set=set
ac_cv_env_CFLAGS_value=-g
ac_cv_env_CPPFLAGS_set=
ac_cv_env_CPPFLAGS_value=
ac_cv_env_CPP_set=
ac_cv_env_CPP_value=
ac_cv_env_LDFLAGS_set=set
ac_cv_env_LDFLAGS_value='-static-libstdc++ -static-libgcc '
ac_cv_env_LIBS_set=
ac_cv_env_LIBS_value=
ac_cv_env_build_alias_set=set
ac_cv_env_build_alias_value=x86_64-pc-linux-gnu
ac_cv_env_host_alias_set=set
ac_cv_env_host_alias_value=x86_64-pc-linux-gnu
ac_cv_env_target_alias_set=set
ac_cv_env_target_alias_value=x86_64-pc-linux-gnu
ac_cv_header_ctype_h=yes
ac_cv_header_inttypes_h=yes
ac_cv_header_memory_h=yes
ac_cv_header_stdc=yes
ac_cv_header_stddef_h=yes
ac_cv_header_stdint_h=yes
ac_cv_header_stdio_h=yes
ac_cv_header_stdlib_h=yes
ac_cv_header_string_h=yes
ac_cv_header_strings_h=yes
ac_cv_header_sys_stat_h=yes
ac_cv_header_sys_types_h=yes
ac_cv_header_unistd_h=yes
ac_cv_host=x86_64-pc-linux-gnu
ac_cv_objext=o
ac_cv_path_EGREP='/usr/bin/grep -E'
ac_cv_path_GREP=/usr/bin/grep
ac_cv_prog_ACLOCAL=aclocal
ac_cv_prog_AR=ar
ac_cv_prog_AUTOCONF=autoconf
ac_cv_prog_AUTOHEADER=autoheader
ac_cv_prog_CC=gcc
ac_cv_prog_CPP='gcc -E'
ac_cv_prog_RANLIB=ranlib
ac_cv_prog_cc_c89=
ac_cv_prog_cc_g=yes
ac_cv_prog_make_make_set=yes
ac_cv_sizeof_int=4
ac_cv_sizeof_long=8
ac_cv_target=x86_64-pc-linux-gnu
ac_cv_type_int_fast32_t=yes
ac_cv_type_int_least32_t=yes
ac_cv_type_off_t=yes
ac_cv_type_u_int64_t=no
ac_cv_type_uint64_t=yes
ac_cv_type_uintmax_t=yes
ac_cv_type_uintptr_t=yes
acx_cv_header_stdint=stdint.h
acx_cv_header_stdint_kind='(already complete)'
acx_cv_prog_cc_pedantic__Wlong_long=yes
acx_cv_prog_cc_warning__W=yes
acx_cv_prog_cc_warning__Wall=yes
acx_cv_prog_cc_warning__Wcast_qual=yes
acx_cv_prog_cc_warning__Wmissing_format_attribute=yes
acx_cv_prog_cc_warning__Wmissing_prototypes=yes
acx_cv_prog_cc_warning__Wold_style_definition=yes
acx_cv_prog_cc_warning__Wstrict_prototypes=yes
acx_cv_prog_cc_warning__Wwrite_strings=yes
acx_cv_prog_cc_warning__fno_lto=yes

## ----------------- ##
## Output variables. ##
## ----------------- ##

ACLOCAL='aclocal'
ADDITIONAL_OBJS=' $(bid_OBJS)'
AR='ar'
AUTOCONF='autoconf'
AUTOHEADER='autoheader'
CC='gcc'
CET_HOST_FLAGS=''
CFLAGS='-g'
CPP='gcc -E'
CPPFLAGS=''
DEFS='-DHAVE_CONFIG_H'
ECHO_C=''
ECHO_N='-n'
ECHO_T=''
EGREP='/usr/bin/grep -E'
EXEEXT=''
GREP='/usr/bin/grep'
LDFLAGS='-static-libstdc++ -static-libgcc '
LIBOBJS=''
LIBS=''
LTLIBOBJS=''
MAINT='#'
OBJEXT='o'
PACKAGE_BUGREPORT='gcc-bugs@gcc.gnu.org'
PACKAGE_NAME='libdecnumber'
PACKAGE_STRING='libdecnumber  '
PACKAGE_TARNAME='libdecnumber'
PACKAGE_URL=''
PACKAGE_VERSION=' '
PATH_SEPARATOR=':'
PICFLAG=''
RANLIB='ranlib'
SET_MAKE=''
SHELL='/bin/bash'
WARN_CFLAGS='-W -Wall -Wwrite-strings -Wstrict-prototypes -Wmissing-prototypes -Wold-style-definition -Wmissing-format-attribute -Wcast-qual'
WARN_PEDANTIC='-pedantic -Wno-long-long'
WERROR=''
ac_ct_CC=''
bindir='${exec_prefix}/bin'
build='x86_64-pc-linux-gnu'
build_alias='x86_64-pc-linux-gnu'
build_cpu='x86_64'
build_os='linux-gnu'
build_vendor='pc'
datadir='${datarootdir}'
datarootdir='${prefix}/share'
docdir='${datarootdir}/doc/${PACKAGE_TARNAME}'
dvidir='${docdir}'
enable_decimal_float='bid'
exec_prefix='${prefix}'
host='x86_64-pc-linux-gnu'
host_alias='x86_64-pc-linux-gnu'
host_cpu='x86_64'
host_os='linux-gnu'
host_vendor='pc'
htmldir='${docdir}'
includedir='${prefix}/include'
infodir='${datarootdir}/info'
libdir='${exec_prefix}/lib'
libexecdir='${exec_prefix}/libexec'
localedir='${datarootdir}/locale'
localstatedir='${prefix}/var'
mandir='${datarootdir}/man'
nolto_flags='-fno-lto'
oldincludedir='/usr/include'
pdfdir='${docdir}'
prefix='/data/gcc/build/out'
program_transform_name='s,y,y,'
psdir='${docdir}'
sbindir='${exec_prefix}/sbin'
sharedstatedir='${prefix}/com'
sysconfdir='${prefix}/etc'
target='x86_64-pc-linux-gnu'
target_alias='x86_64-pc-linux-gnu'
target_cpu='x86_64'
target_os='linux-gnu'
target_vendor='pc'

## ----------- ##
## confdefs.h. ##
## ----------- ##

/* confdefs.h */
#define PACKAGE_NAME "libdecnumber"
#define PACKAGE_TARNAME "libdecnumber"
#define PACKAGE_VERSION " "
#define PACKAGE_STRING "libdecnumber  "
#define PACKAGE_BUGREPORT "gcc-bugs@gcc.gnu.org"
#define PACKAGE_URL ""
#define STDC_HEADERS 1
#define HAVE_SYS_TYPES_H 1
#define HAVE_SYS_STAT_H 1
#define HAVE_STDLIB_H 1
#define HAVE_STRING_H 1
#define HAVE_MEMORY_H 1
#define HAVE_STRINGS_H 1
#define HAVE_INTTYPES_H 1
#define HAVE_STDINT_H 1
#define HAVE_UNISTD_H 1
#define HAVE_CTYPE_H 1
#define HAVE_STDDEF_H 1
#define HAVE_STRING_H 1
#define HAVE_STDIO_H 1
#define SIZEOF_INT 4
#define SIZEOF_LONG 8
#define STDC_HEADERS 1

configure: exit 0
