This file contains any messages produced by compilers while
running configure, to aid debugging if configure makes a mistake.

It was created by configure, which was
generated by GNU Autoconf 2.69.  Invocation command line was

  $ ../configure --prefix=/data/gcc/build/out --enable-languages=c --enable-stage1-languages=c --disable-multilib --disable-debug --disable-profiling --disable-doc --disable-plugins --disable-libitm --disable-libsanitizer --disable-libquadmath --disable-libgomp --disable-plugins --disable-lto --enable-static --disable-shared --without-isl --without-cloog --without-c++tools CFLAGS=-O2 -fPIC CXXFLAGS=-O2 -fPIC

## --------- ##
## Platform. ##
## --------- ##

hostname = wisper-UOSx64
uname -m = x86_64
uname -r = 5.10.0-amd64-desktop
uname -s = Linux
uname -v = #20.00.61.00-release SMP Thu Jul 20 15:49:09 CST 2023

/usr/bin/uname -p = unknown
/bin/uname -X     = unknown

/bin/arch              = x86_64
/usr/bin/arch -k       = unknown
/usr/convex/getsysinfo = unknown
/usr/bin/hostinfo      = unknown
/bin/machine           = unknown
/usr/bin/oslevel       = unknown
/bin/universe          = unknown

PATH: /usr/share/safe-rm/bin
PATH: /usr/local/sbin
PATH: /usr/local/bin
PATH: /usr/sbin
PATH: /usr/bin
PATH: /sbin
PATH: /bin


## ----------- ##
## Core tests. ##
## ----------- ##

configure:2374: checking build system type
configure:2388: result: x86_64-pc-linux-gnu
configure:2435: checking host system type
configure:2448: result: x86_64-pc-linux-gnu
configure:2468: checking target system type
configure:2481: result: x86_64-pc-linux-gnu
configure:2535: checking for a BSD-compatible install
configure:2603: result: /usr/bin/install -c
configure:2614: checking whether ln works
configure:2636: result: yes
configure:2640: checking whether ln -s works
configure:2644: result: yes
configure:2651: checking for a sed that does not truncate output
configure:2715: result: /usr/bin/sed
configure:2724: checking for gawk
configure:2740: found /usr/bin/gawk
configure:2751: result: gawk
configure:3252: checking for libatomic support
configure:3262: result: yes
configure:3328: checking for libvtv support
configure:3338: result: yes
configure:3458: checking for libphobos support
configure:3468: result: yes
configure:4180: checking for gcc
configure:4196: found /usr/local/bin/gcc
configure:4207: result: gcc
configure:4436: checking for C compiler version
configure:4445: gcc --version >&5
gcc (GCC) 12.4.0
Copyright (C) 2022 Free Software Foundation, Inc.
This is free software; see the source for copying conditions.  There is NO
warranty; not even for MERCHANTABILITY or FITNESS FOR A PARTICULAR PURPOSE.

configure:4456: $? = 0
configure:4445: gcc -v >&5
Using built-in specs.
COLLECT_GCC=gcc
COLLECT_LTO_WRAPPER=/usr/local/libexec/gcc/x86_64-pc-linux-gnu/12.4.0/lto-wrapper
Target: x86_64-pc-linux-gnu
Configured with: ../configure --disable-multilib
Thread model: posix
Supported LTO compression algorithms: zlib
gcc version 12.4.0 (GCC) 
configure:4456: $? = 0
configure:4445: gcc -V >&5
gcc: error: unrecognized command-line option '-V'
gcc: fatal error: no input files
compilation terminated.
configure:4456: $? = 1
configure:4445: gcc -qversion >&5
gcc: error: unrecognized command-line option '-qversion'; did you mean '--version'?
gcc: fatal error: no input files
compilation terminated.
configure:4456: $? = 1
configure:4476: checking whether the C compiler works
configure:4498: gcc -O2 -fPIC   conftest.c  >&5
configure:4502: $? = 0
configure:4550: result: yes
configure:4553: checking for C compiler default output file name
configure:4555: result: a.out
configure:4561: checking for suffix of executables
configure:4568: gcc -o conftest -O2 -fPIC   conftest.c  >&5
configure:4572: $? = 0
configure:4594: result: 
configure:4616: checking whether we are cross compiling
configure:4624: gcc -o conftest -O2 -fPIC   conftest.c  >&5
configure:4628: $? = 0
configure:4635: ./conftest
configure:4639: $? = 0
configure:4627: result: no
configure:4632: checking for suffix of object files
configure:4654: gcc -c -O2 -fPIC  conftest.c >&5
configure:4658: $? = 0
configure:4679: result: o
configure:4683: checking whether we are using the GNU C compiler
configure:4702: gcc -c -O2 -fPIC  conftest.c >&5
configure:4702: $? = 0
configure:4711: result: yes
configure:4720: checking whether gcc accepts -g
configure:4740: gcc -c -g  conftest.c >&5
configure:4740: $? = 0
configure:4781: result: yes
configure:4798: checking for gcc option to accept ISO C89
configure:4861: gcc  -c -O2 -fPIC  conftest.c >&5
configure:4861: $? = 0
configure:4874: result: none needed
configure:4894: checking for gcc option to accept ISO C99
configure:5043: gcc  -c -O2 -fPIC  conftest.c >&5
configure:5043: $? = 0
configure:5056: result: none needed
configure:5129: checking for g++
configure:5145: found /usr/local/bin/g++
configure:5156: result: g++
configure:5183: checking for C++ compiler version
configure:5192: g++ --version >&5
g++ (GCC) 12.4.0
Copyright (C) 2022 Free Software Foundation, Inc.
This is free software; see the source for copying conditions.  There is NO
warranty; not even for MERCHANTABILITY or FITNESS FOR A PARTICULAR PURPOSE.

configure:5203: $? = 0
configure:5192: g++ -v >&5
Using built-in specs.
COLLECT_GCC=g++
COLLECT_LTO_WRAPPER=/usr/local/libexec/gcc/x86_64-pc-linux-gnu/12.4.0/lto-wrapper
Target: x86_64-pc-linux-gnu
Configured with: ../configure --disable-multilib
Thread model: posix
Supported LTO compression algorithms: zlib
gcc version 12.4.0 (GCC) 
configure:5203: $? = 0
configure:5192: g++ -V >&5
g++: error: unrecognized command-line option '-V'
g++: fatal error: no input files
compilation terminated.
configure:5203: $? = 1
configure:5192: g++ -qversion >&5
g++: error: unrecognized command-line option '-qversion'; did you mean '--version'?
g++: fatal error: no input files
compilation terminated.
configure:5203: $? = 1
configure:5207: checking whether we are using the GNU C++ compiler
configure:5226: g++ -c -O2 -fPIC  conftest.cpp >&5
configure:5226: $? = 0
configure:5235: result: yes
configure:5244: checking whether g++ accepts -g
configure:5264: g++ -c -g  conftest.cpp >&5
configure:5264: $? = 0
configure:5305: result: yes
configure:5354: checking whether g++ accepts -static-libstdc++ -static-libgcc
configure:5371: g++ -o conftest -O2 -fPIC   -static-libstdc++ -static-libgcc conftest.cpp  >&5
configure:5371: $? = 0
configure:5372: result: yes
configure:5436: checking for gnatbind
configure:5466: result: no
configure:5528: checking for gnatmake
configure:5558: result: no
configure:5577: checking whether compiler driver understands Ada
configure:5600: result: no
configure:5654: checking for gdc
configure:5684: result: no
configure:5703: checking whether the D compiler works
configure:5720: result: no
configure:5728: checking how to compare bootstrapped objects
configure:5753: result: cmp --ignore-initial=16 $$f1 $$f2
configure:7897: checking for objdir
configure:7912: result: .libs
configure:9624: checking for default BUILD_CONFIG
configure:9656: result: bootstrap-debug
configure:9661: checking for --enable-vtable-verify
configure:9674: result: no
configure:10310: checking for bison
configure:10326: found /usr/bin/bison
configure:10337: result: bison -y
configure:10357: checking for bison
configure:10373: found /usr/bin/bison
configure:10384: result: bison
configure:10404: checking for gm4
configure:10434: result: no
configure:10404: checking for gnum4
configure:10434: result: no
configure:10404: checking for m4
configure:10420: found /usr/bin/m4
configure:10431: result: m4
configure:10451: checking for flex
configure:10467: found /usr/bin/flex
configure:10478: result: flex
configure:10499: checking for flex
configure:10515: found /usr/bin/flex
configure:10526: result: flex
configure:10546: checking for makeinfo
configure:10576: result: no
configure:10607: checking for expect
configure:10623: found /usr/bin/expect
configure:10634: result: expect
configure:10656: checking for runtest
configure:10686: result: no
configure:10801: checking for ar
configure:10817: found /usr/bin/ar
configure:10828: result: ar
configure:10942: checking for as
configure:10958: found /usr/bin/as
configure:10969: result: as
configure:11083: checking for dlltool
configure:11113: result: no
configure:11224: checking for dsymutil
configure:11254: result: no
configure:11365: checking for ld
configure:11381: found /usr/bin/ld
configure:11392: result: ld
configure:11506: checking for lipo
configure:11536: result: no
configure:11647: checking for nm
configure:11663: found /usr/bin/nm
configure:11674: result: nm
configure:11788: checking for ranlib
configure:11804: found /usr/bin/ranlib
configure:11815: result: ranlib
configure:11924: checking for strip
configure:11940: found /usr/bin/strip
configure:11951: result: strip
configure:12060: checking for windres
configure:12090: result: no
configure:12201: checking for windmc
configure:12231: result: no
configure:12342: checking for objcopy
configure:12358: found /usr/bin/objcopy
configure:12369: result: objcopy
configure:12483: checking for objdump
configure:12499: found /usr/bin/objdump
configure:12510: result: objdump
configure:12624: checking for otool
configure:12654: result: no
configure:12765: checking for readelf
configure:12781: found /usr/bin/readelf
configure:12792: result: readelf
configure:12947: checking for cc
configure:12963: found /usr/bin/cc
configure:12974: result: cc
configure:13108: checking for c++
configure:13124: found /usr/local/bin/c++
configure:13135: result: c++
configure:13269: checking for gcc
configure:13285: found /usr/local/bin/gcc
configure:13296: result: gcc
configure:13425: checking for gfortran
configure:13441: found /usr/local/bin/gfortran
configure:13452: result: gfortran
configure:13586: checking for gccgo
configure:13616: result: no
configure:13747: checking for gdc
configure:13777: result: no
configure:13838: checking for ar
configure:13871: result: no
configure:13988: checking for ar
configure:14004: found /usr/bin/ar
configure:14015: result: ar
configure:14068: checking for as
configure:14101: result: no
configure:14218: checking for as
configure:14234: found /usr/bin/as
configure:14245: result: as
configure:14298: checking for dlltool
configure:14331: result: no
configure:14448: checking for dlltool
configure:14478: result: no
configure:14528: checking for dsymutil
configure:14561: result: no
configure:14678: checking for dsymutil
configure:14708: result: no
configure:14758: checking for ld
configure:14791: result: no
configure:14908: checking for ld
configure:14924: found /usr/bin/ld
configure:14935: result: ld
configure:14988: checking for lipo
configure:15021: result: no
configure:15138: checking for lipo
configure:15168: result: no
configure:15218: checking for nm
configure:15251: result: no
configure:15368: checking for nm
configure:15384: found /usr/bin/nm
configure:15395: result: nm
configure:15448: checking for objcopy
configure:15481: result: no
configure:15598: checking for objcopy
configure:15614: found /usr/bin/objcopy
configure:15625: result: objcopy
configure:15678: checking for objdump
configure:15711: result: no
configure:15828: checking for objdump
configure:15844: found /usr/bin/objdump
configure:15855: result: objdump
configure:15908: checking for otool
configure:15941: result: no
configure:16058: checking for otool
configure:16088: result: no
configure:16138: checking for ranlib
configure:16171: result: no
configure:16288: checking for ranlib
configure:16304: found /usr/bin/ranlib
configure:16315: result: ranlib
configure:16368: checking for readelf
configure:16401: result: no
configure:16518: checking for readelf
configure:16534: found /usr/bin/readelf
configure:16545: result: readelf
configure:16598: checking for strip
configure:16631: result: no
configure:16748: checking for strip
configure:16764: found /usr/bin/strip
configure:16775: result: strip
configure:16828: checking for windres
configure:16861: result: no
configure:16978: checking for windres
configure:17008: result: no
configure:17058: checking for windmc
configure:17091: result: no
configure:17208: checking for windmc
configure:17238: result: no
configure:17266: checking where to find the target ar
configure:17299: result: host tool
configure:17308: checking where to find the target as
configure:17341: result: host tool
configure:17350: checking where to find the target cc
configure:17373: result: just compiled
configure:17392: checking where to find the target c++
configure:17418: result: just compiled
configure:17437: checking where to find the target c++ for libstdc++
configure:17463: result: just compiled
configure:17482: checking where to find the target dlltool
configure:17515: result: host tool
configure:17524: checking where to find the target dsymutil
configure:17546: result: host tool
configure:17555: checking where to find the target gcc
configure:17578: result: just compiled
configure:17597: checking where to find the target gfortran
configure:17633: result: host tool
configure:17642: checking where to find the target gccgo
configure:17678: result: host tool
configure:17687: checking where to find the target gdc
configure:17723: result: host tool
configure:17732: checking where to find the target ld
configure:17765: result: host tool
configure:17774: checking where to find the target lipo
configure:17796: result: host tool
configure:17805: checking where to find the target nm
configure:17838: result: host tool
configure:17847: checking where to find the target objcopy
configure:17880: result: host tool
configure:17889: checking where to find the target objdump
configure:17922: result: host tool
configure:17931: checking where to find the target otool
configure:17953: result: host tool
configure:17962: checking where to find the target ranlib
configure:17995: result: host tool
configure:18004: checking where to find the target readelf
configure:18037: result: host tool
configure:18046: checking where to find the target strip
configure:18079: result: host tool
configure:18088: checking where to find the target windres
configure:18121: result: host tool
configure:18130: checking where to find the target windmc
configure:18163: result: host tool
configure:18200: checking whether to enable maintainer-specific portions of Makefiles
configure:18209: result: no
configure:18444: creating ./config.status

## ---------------------- ##
## Running config.status. ##
## ---------------------- ##

This file was extended by config.status, which was
generated by GNU Autoconf 2.69.  Invocation command line was

  CONFIG_FILES    = 
  CONFIG_HEADERS  = 
  CONFIG_LINKS    = 
  CONFIG_COMMANDS = 
  $ ./config.status 

on wisper-UOSx64

config.status:1063: creating Makefile

## ---------------- ##
## Cache variables. ##
## ---------------- ##

ac_cv_build=x86_64-pc-linux-gnu
ac_cv_c_compiler_gnu=yes
ac_cv_cxx_compiler_gnu=yes
ac_cv_env_AR_FOR_TARGET_set=
ac_cv_env_AR_FOR_TARGET_value=
ac_cv_env_AR_set=
ac_cv_env_AR_value=
ac_cv_env_AS_FOR_TARGET_set=
ac_cv_env_AS_FOR_TARGET_value=
ac_cv_env_AS_set=
ac_cv_env_AS_value=
ac_cv_env_CCC_set=
ac_cv_env_CCC_value=
ac_cv_env_CC_FOR_TARGET_set=
ac_cv_env_CC_FOR_TARGET_value=
ac_cv_env_CC_set=
ac_cv_env_CC_value=
ac_cv_env_CFLAGS_set=set
ac_cv_env_CFLAGS_value='-O2 -fPIC'
ac_cv_env_CPPFLAGS_set=
ac_cv_env_CPPFLAGS_value=
ac_cv_env_CXXFLAGS_set=set
ac_cv_env_CXXFLAGS_value='-O2 -fPIC'
ac_cv_env_CXX_FOR_TARGET_set=
ac_cv_env_CXX_FOR_TARGET_value=
ac_cv_env_CXX_set=
ac_cv_env_CXX_value=
ac_cv_env_DLLTOOL_FOR_TARGET_set=
ac_cv_env_DLLTOOL_FOR_TARGET_value=
ac_cv_env_DLLTOOL_set=
ac_cv_env_DLLTOOL_value=
ac_cv_env_DSYMUTIL_FOR_TARGET_set=
ac_cv_env_DSYMUTIL_FOR_TARGET_value=
ac_cv_env_DSYMUTIL_set=
ac_cv_env_DSYMUTIL_value=
ac_cv_env_GCC_FOR_TARGET_set=
ac_cv_env_GCC_FOR_TARGET_value=
ac_cv_env_GDC_FOR_TARGET_set=
ac_cv_env_GDC_FOR_TARGET_value=
ac_cv_env_GFORTRAN_FOR_TARGET_set=
ac_cv_env_GFORTRAN_FOR_TARGET_value=
ac_cv_env_GOC_FOR_TARGET_set=
ac_cv_env_GOC_FOR_TARGET_value=
ac_cv_env_LDFLAGS_set=
ac_cv_env_LDFLAGS_value=
ac_cv_env_LD_FOR_TARGET_set=
ac_cv_env_LD_FOR_TARGET_value=
ac_cv_env_LD_set=
ac_cv_env_LD_value=
ac_cv_env_LIBS_set=
ac_cv_env_LIBS_value=
ac_cv_env_LIPO_FOR_TARGET_set=
ac_cv_env_LIPO_FOR_TARGET_value=
ac_cv_env_LIPO_set=
ac_cv_env_LIPO_value=
ac_cv_env_NM_FOR_TARGET_set=
ac_cv_env_NM_FOR_TARGET_value=
ac_cv_env_NM_set=
ac_cv_env_NM_value=
ac_cv_env_OBJCOPY_FOR_TARGET_set=
ac_cv_env_OBJCOPY_FOR_TARGET_value=
ac_cv_env_OBJCOPY_set=
ac_cv_env_OBJCOPY_value=
ac_cv_env_OBJDUMP_FOR_TARGET_set=
ac_cv_env_OBJDUMP_FOR_TARGET_value=
ac_cv_env_OBJDUMP_set=
ac_cv_env_OBJDUMP_value=
ac_cv_env_OTOOL_FOR_TARGET_set=
ac_cv_env_OTOOL_FOR_TARGET_value=
ac_cv_env_OTOOL_set=
ac_cv_env_OTOOL_value=
ac_cv_env_RANLIB_FOR_TARGET_set=
ac_cv_env_RANLIB_FOR_TARGET_value=
ac_cv_env_RANLIB_set=
ac_cv_env_RANLIB_value=
ac_cv_env_READELF_FOR_TARGET_set=
ac_cv_env_READELF_FOR_TARGET_value=
ac_cv_env_READELF_set=
ac_cv_env_READELF_value=
ac_cv_env_STRIP_FOR_TARGET_set=
ac_cv_env_STRIP_FOR_TARGET_value=
ac_cv_env_STRIP_set=
ac_cv_env_STRIP_value=
ac_cv_env_WINDMC_FOR_TARGET_set=
ac_cv_env_WINDMC_FOR_TARGET_value=
ac_cv_env_WINDMC_set=
ac_cv_env_WINDMC_value=
ac_cv_env_WINDRES_FOR_TARGET_set=
ac_cv_env_WINDRES_FOR_TARGET_value=
ac_cv_env_WINDRES_set=
ac_cv_env_WINDRES_value=
ac_cv_env_build_alias_set=
ac_cv_env_build_alias_value=
ac_cv_env_build_configargs_set=
ac_cv_env_build_configargs_value=
ac_cv_env_host_alias_set=
ac_cv_env_host_alias_value=
ac_cv_env_host_configargs_set=
ac_cv_env_host_configargs_value=
ac_cv_env_target_alias_set=
ac_cv_env_target_alias_value=
ac_cv_env_target_configargs_set=
ac_cv_env_target_configargs_value=
ac_cv_host=x86_64-pc-linux-gnu
ac_cv_objext=o
ac_cv_path_SED=/usr/bin/sed
ac_cv_path_install='/usr/bin/install -c'
ac_cv_prog_AR=ar
ac_cv_prog_AR_FOR_TARGET=ar
ac_cv_prog_AS=as
ac_cv_prog_AS_FOR_TARGET=as
ac_cv_prog_AWK=gawk
ac_cv_prog_BISON=bison
ac_cv_prog_CC_FOR_TARGET=cc
ac_cv_prog_CXX_FOR_TARGET=c++
ac_cv_prog_EXPECT=expect
ac_cv_prog_FLEX=flex
ac_cv_prog_GCC_FOR_TARGET=gcc
ac_cv_prog_GFORTRAN_FOR_TARGET=gfortran
ac_cv_prog_LD=ld
ac_cv_prog_LD_FOR_TARGET=ld
ac_cv_prog_LEX=flex
ac_cv_prog_M4=m4
ac_cv_prog_NM=nm
ac_cv_prog_NM_FOR_TARGET=nm
ac_cv_prog_OBJCOPY=objcopy
ac_cv_prog_OBJCOPY_FOR_TARGET=objcopy
ac_cv_prog_OBJDUMP=objdump
ac_cv_prog_OBJDUMP_FOR_TARGET=objdump
ac_cv_prog_RANLIB=ranlib
ac_cv_prog_RANLIB_FOR_TARGET=ranlib
ac_cv_prog_READELF=readelf
ac_cv_prog_READELF_FOR_TARGET=readelf
ac_cv_prog_STRIP=strip
ac_cv_prog_STRIP_FOR_TARGET=strip
ac_cv_prog_YACC='bison -y'
ac_cv_prog_ac_ct_CC=gcc
ac_cv_prog_ac_ct_CXX=g++
ac_cv_prog_cc_c89=
ac_cv_prog_cc_c99=
ac_cv_prog_cc_g=yes
ac_cv_prog_cxx_g=yes
ac_cv_target=x86_64-pc-linux-gnu
acx_cv_cc_gcc_supports_ada=no
acx_cv_d_compiler_works=no
acx_cv_prog_LN=ln
gcc_cv_prog_cmp_skip='cmp --ignore-initial=16 $$f1 $$f2'
gcc_cv_tool_dirs=/data/gcc/build/out/libexec/gcc/x86_64-pc-linux-gnu/12.4.1:/data/gcc/build/out/libexec/gcc/x86_64-pc-linux-gnu:/usr/lib/gcc/x86_64-pc-linux-gnu/12.4.1:/usr/lib/gcc/x86_64-pc-linux-gnu:/data/gcc/build/out/x86_64-pc-linux-gnu/bin/x86_64-pc-linux-gnu/12.4.1:/data/gcc/build/out/x86_64-pc-linux-gnu/bin:
gcc_cv_tool_prefix=/data/gcc/build/out
lt_cv_objdir=.libs

## ----------------- ##
## Output variables. ##
## ----------------- ##

AR='ar'
AR_FOR_BUILD='$(AR)'
AR_FOR_TARGET='$(AR)'
AS='as'
AS_FOR_BUILD='$(AS)'
AS_FOR_TARGET='$(AS)'
AWK='gawk'
BISON='bison'
BUILD_CONFIG='bootstrap-debug'
CC='gcc'
CC_FOR_BUILD='$(CC)'
CC_FOR_TARGET='$$r/$(HOST_SUBDIR)/gcc/xgcc -B$$r/$(HOST_SUBDIR)/gcc/'
CFLAGS='-O2 -fPIC'
CFLAGS_FOR_BUILD='-O2 -fPIC'
CFLAGS_FOR_TARGET='-g -O2 -fPIC'
COMPILER_AS_FOR_TARGET='$$r/$(HOST_SUBDIR)/gcc/as'
COMPILER_LD_FOR_TARGET='$$r/$(HOST_SUBDIR)/gcc/collect-ld'
COMPILER_NM_FOR_TARGET='$$r/$(HOST_SUBDIR)/gcc/nm'
CONFIGURE_GDB_TK=''
CPPFLAGS=''
CPPFLAGS_FOR_BUILD=''
CPP_FOR_BUILD=''
CXX='g++ -std=c++11'
CXXFLAGS='-O2 -fPIC'
CXXFLAGS_FOR_BUILD='-O2 -fPIC'
CXXFLAGS_FOR_TARGET='-g -O2 -fPIC'
CXX_FOR_BUILD='$(CXX)'
CXX_FOR_TARGET='$$r/$(HOST_SUBDIR)/gcc/xg++ -B$$r/$(HOST_SUBDIR)/gcc/ -nostdinc++ `if test -f $$r/$(TARGET_SUBDIR)/libstdc++-v3/scripts/testsuite_flags; then $(SHELL) $$r/$(TARGET_SUBDIR)/libstdc++-v3/scripts/testsuite_flags --build-includes; else echo -funconfigured-libstdc++-v3 ; fi` -L$$r/$(TARGET_SUBDIR)/libstdc++-v3/src -L$$r/$(TARGET_SUBDIR)/libstdc++-v3/src/.libs -L$$r/$(TARGET_SUBDIR)/libstdc++-v3/libsupc++/.libs'
DEBUG_PREFIX_CFLAGS_FOR_TARGET=''
DEFS='-DPACKAGE_NAME=\"\" -DPACKAGE_TARNAME=\"\" -DPACKAGE_VERSION=\"\" -DPACKAGE_STRING=\"\" -DPACKAGE_BUGREPORT=\"\" -DPACKAGE_URL=\"\" -DLT_OBJDIR=\".libs/\"'
DLLTOOL='dlltool'
DLLTOOL_FOR_BUILD='$(DLLTOOL)'
DLLTOOL_FOR_TARGET='$(DLLTOOL)'
DSYMUTIL='dsymutil'
DSYMUTIL_FOR_BUILD='$(DSYMUTIL)'
DSYMUTIL_FOR_TARGET='$(DSYMUTIL)'
ECHO_C=''
ECHO_N='-n'
ECHO_T=''
EXEEXT=''
EXPECT='expect'
FLAGS_FOR_TARGET=' -B$(build_tooldir)/bin/ -B$(build_tooldir)/lib/ -isystem $(build_tooldir)/include -isystem $(build_tooldir)/sys-include'
FLEX='flex'
GCC_FOR_TARGET='$$r/$(HOST_SUBDIR)/gcc/xgcc -B$$r/$(HOST_SUBDIR)/gcc/'
GCC_SHLIB_SUBDIR=''
GDB_TK=''
GDC='no'
GDCFLAGS=''
GDC_FOR_BUILD='$(GDC)'
GDC_FOR_TARGET='$(GDC)'
GFORTRAN_FOR_BUILD='$(GFORTRAN)'
GFORTRAN_FOR_TARGET='$(GFORTRAN)'
GNATBIND='no'
GNATMAKE='no'
GOC_FOR_BUILD='$(GOC)'
GOC_FOR_TARGET='$(GOC)'
HAVE_CXX11=''
HAVE_CXX11_FOR_BUILD=''
INSTALL_DATA='${INSTALL} -m 644'
INSTALL_GDB_TK=''
INSTALL_PROGRAM='${INSTALL}'
INSTALL_SCRIPT='${INSTALL}'
LD='ld'
LDFLAGS=''
LDFLAGS_FOR_BUILD=''
LDFLAGS_FOR_TARGET=''
LD_FOR_BUILD='$(LD)'
LD_FOR_TARGET='$(LD)'
LEX='flex'
LIBOBJS=''
LIBS=''
LIPO='lipo'
LIPO_FOR_TARGET='$(LIPO)'
LN='ln'
LN_S='ln -s'
LTLIBOBJS=''
M4='m4'
MAINT='#'
MAINTAINER_MODE_FALSE=''
MAINTAINER_MODE_TRUE='#'
MAKEINFO='/data/gcc/missing makeinfo'
NM='nm'
NM_FOR_BUILD='$(NM)'
NM_FOR_TARGET='$(NM)'
OBJCOPY='objcopy'
OBJCOPY_FOR_TARGET='$(OBJCOPY)'
OBJDUMP='objdump'
OBJDUMP_FOR_TARGET='$(OBJDUMP)'
OBJEXT='o'
OTOOL='otool'
OTOOL_FOR_TARGET='$(OTOOL)'
PACKAGE_BUGREPORT=''
PACKAGE_NAME=''
PACKAGE_STRING=''
PACKAGE_TARNAME=''
PACKAGE_URL=''
PACKAGE_VERSION=''
PATH_SEPARATOR=':'
PGO_BUILD_GEN_CFLAGS=''
PGO_BUILD_LTO_CFLAGS=''
PGO_BUILD_USE_CFLAGS=''
RANLIB='ranlib'
RANLIB_FOR_BUILD='$(RANLIB)'
RANLIB_FOR_TARGET='$(RANLIB)'
RAW_CXX_FOR_TARGET='$$r/$(HOST_SUBDIR)/gcc/xgcc -shared-libgcc -B$$r/$(HOST_SUBDIR)/gcc -nostdinc++ -L$$r/$(TARGET_SUBDIR)/libstdc++-v3/src -L$$r/$(TARGET_SUBDIR)/libstdc++-v3/src/.libs -L$$r/$(TARGET_SUBDIR)/libstdc++-v3/libsupc++/.libs'
READELF='readelf'
READELF_FOR_TARGET='$(READELF)'
RPATH_ENVVAR='LD_LIBRARY_PATH'
RUNTEST='runtest'
SED='/usr/bin/sed'
SHELL='/bin/bash'
STRIP='strip'
STRIP_FOR_TARGET='$(STRIP)'
SYSROOT_CFLAGS_FOR_TARGET=''
TOPLEVEL_CONFIGURE_ARGUMENTS='../configure --prefix=/data/gcc/build/out --enable-languages=c --enable-stage1-languages=c --disable-multilib --disable-debug --disable-profiling --disable-doc --disable-plugins --disable-libitm --disable-libsanitizer --disable-libquadmath --disable-libgomp --disable-plugins --disable-lto --enable-static --disable-shared --without-isl --without-cloog --without-c++tools CFLAGS='\''-O2 -fPIC'\'' CXXFLAGS='\''-O2 -fPIC'\'''
WINDMC='windmc'
WINDMC_FOR_BUILD='$(WINDMC)'
WINDMC_FOR_TARGET='$(WINDMC)'
WINDRES='windres'
WINDRES_FOR_BUILD='$(WINDRES)'
WINDRES_FOR_TARGET='$(WINDRES)'
YACC='bison -y'
ac_ct_CC='gcc'
ac_ct_CXX='g++'
bindir='${exec_prefix}/bin'
build='x86_64-pc-linux-gnu'
build_alias=''
build_configargs=' --cache-file=./config.cache '\''--prefix=/data/gcc/build/out'\'' '\''--enable-stage1-languages=c'\'' '\''--disable-multilib'\'' '\''--disable-debug'\'' '\''--disable-profiling'\'' '\''--disable-doc'\'' '\''--disable-libitm'\'' '\''--disable-libsanitizer'\'' '\''--disable-libquadmath'\'' '\''--disable-libgomp'\'' '\''--disable-plugins'\'' '\''--disable-lto'\'' '\''--enable-static'\'' '\''--disable-shared'\'' '\''--without-isl'\'' '\''--without-cloog'\'' '\''--without-c++tools'\'' '\''--enable-languages=c,c++'\'' --program-transform-name='\''s,y,y,'\'' --disable-option-checking'
build_configdirs=' libiberty libcpp fixincludes'
build_cpu='x86_64'
build_libsubdir='build-x86_64-pc-linux-gnu'
build_noncanonical='x86_64-pc-linux-gnu'
build_os='linux-gnu'
build_subdir='build-x86_64-pc-linux-gnu'
build_tooldir='${exec_prefix}/x86_64-pc-linux-gnu'
build_vendor='pc'
compare_exclusions='gcc/cc*-checksum$(objext) | gcc/ada/*tools/*'
configdirs=' intl libiberty zlib libbacktrace libcpp libcody libdecnumber gmp mpfr mpc libiconv fixincludes gcc libcc1 c++tools'
datadir='${datarootdir}'
datarootdir='${prefix}/share'
do_compare='cmp --ignore-initial=16 $$f1 $$f2'
docdir='${datarootdir}/doc/${PACKAGE}'
dvidir='${docdir}'
exec_prefix='${prefix}'
extra_host_libiberty_configure_flags='--enable-shared'
extra_host_zlib_configure_flags=''
extra_isl_gmp_configure_flags='--with-gmp-builddir=$$r/$(HOST_SUBDIR)/gmp'
extra_liboffloadmic_configure_flags=''
extra_linker_plugin_configure_flags=''
extra_linker_plugin_flags=''
extra_mpc_gmp_configure_flags='--with-gmp-include=$$r/$(HOST_SUBDIR)/gmp --with-gmp-lib=$$r/$(HOST_SUBDIR)/gmp/.libs'
extra_mpc_mpfr_configure_flags='--with-mpfr-include=$$s/mpfr/src --with-mpfr-lib=$$r/$(HOST_SUBDIR)/mpfr/src/.libs'
extra_mpfr_configure_flags='--with-gmp-include=$$r/$(HOST_SUBDIR)/gmp --with-gmp-lib=$$r/$(HOST_SUBDIR)/gmp/.libs'
get_gcc_base_ver='cat'
gmpinc='-I$$r/$(HOST_SUBDIR)/gmp -I$$s/gmp -I$$r/$(HOST_SUBDIR)/mpfr/src -I$$s/mpfr/src -I$$s/mpc/src '
gmplibs='-L$$r/$(HOST_SUBDIR)/gmp/.libs -L$$r/$(HOST_SUBDIR)/mpfr/src/.libs -L$$r/$(HOST_SUBDIR)/mpc/src/.libs -lmpc -lmpfr -lgmp'
host='x86_64-pc-linux-gnu'
host_alias=''
host_configargs=' --cache-file=./config.cache  '\''--prefix=/data/gcc/build/out'\'' '\''--enable-stage1-languages=c'\'' '\''--disable-multilib'\'' '\''--disable-debug'\'' '\''--disable-profiling'\'' '\''--disable-doc'\'' '\''--disable-libitm'\'' '\''--disable-libsanitizer'\'' '\''--disable-libquadmath'\'' '\''--disable-libgomp'\'' '\''--disable-plugins'\'' '\''--disable-lto'\'' '\''--enable-static'\'' '\''--disable-shared'\'' '\''--without-isl'\'' '\''--without-cloog'\'' '\''--without-c++tools'\'' '\''--enable-languages=c,c++'\'' --program-transform-name='\''s,y,y,'\'' --disable-option-checking'
host_cpu='x86_64'
host_noncanonical='x86_64-pc-linux-gnu'
host_os='linux-gnu'
host_shared='no'
host_subdir='.'
host_vendor='pc'
htmldir='${docdir}'
includedir='${prefix}/include'
infodir='${datarootdir}/info'
islinc=''
isllibs=''
libdir='${exec_prefix}/lib'
libexecdir='${exec_prefix}/libexec'
localedir='${datarootdir}/locale'
localstatedir='${prefix}/var'
mandir='${datarootdir}/man'
oldincludedir='/usr/include'
pdfdir='${docdir}'
poststage1_ldflags='-static-libstdc++ -static-libgcc'
poststage1_libs=''
prefix='/data/gcc/build/out'
program_transform_name='s,y,y,'
psdir='${docdir}'
sbindir='${exec_prefix}/sbin'
sharedstatedir='${prefix}/com'
stage1_cflags='-g'
stage1_checking='--enable-checking=yes,types'
stage1_languages='c,c++'
stage1_ldflags='-static-libstdc++ -static-libgcc'
stage1_libs=''
stage2_werror_flag=''
sysconfdir='${prefix}/etc'
target='x86_64-pc-linux-gnu'
target_alias=''
target_configargs='--cache-file=./config.cache   '\''--prefix=/data/gcc/build/out'\'' '\''--enable-stage1-languages=c'\'' '\''--disable-multilib'\'' '\''--disable-debug'\'' '\''--disable-profiling'\'' '\''--disable-doc'\'' '\''--disable-libitm'\'' '\''--disable-libsanitizer'\'' '\''--disable-libquadmath'\'' '\''--disable-libgomp'\'' '\''--disable-plugins'\'' '\''--disable-lto'\'' '\''--enable-static'\'' '\''--disable-shared'\'' '\''--without-isl'\'' '\''--without-cloog'\'' '\''--without-c++tools'\'' '\''--enable-languages=c,c++'\'' --program-transform-name='\''s,y,y,'\'' --disable-option-checking'
target_configdirs=' libgcc libatomic libstdc++-v3 libvtv libssp'
target_cpu='x86_64'
target_noncanonical='x86_64-pc-linux-gnu'
target_os='linux-gnu'
target_subdir='x86_64-pc-linux-gnu'
target_vendor='pc'
tooldir='${exec_prefix}/x86_64-pc-linux-gnu'

## ------------------- ##
## File substitutions. ##
## ------------------- ##

alphaieee_frag='/dev/null'
host_makefile_frag='/dev/null'
ospace_frag='/dev/null'
serialization_dependencies='serdep.tmp'
target_makefile_frag='../config/mt-gnu'

## ----------- ##
## confdefs.h. ##
## ----------- ##

/* confdefs.h */
#define PACKAGE_NAME ""
#define PACKAGE_TARNAME ""
#define PACKAGE_VERSION ""
#define PACKAGE_STRING ""
#define PACKAGE_BUGREPORT ""
#define PACKAGE_URL ""
#define LT_OBJDIR ".libs/"

configure: exit 0
