This file contains any messages produced by compilers while
running configure, to aid debugging if configure makes a mistake.

It was created by fixincludes configure  , which was
generated by GNU Autoconf 2.69.  Invocation command line was

  $ /data/gcc/fixincludes/configure --srcdir=../../../fixincludes --cache-file=./config.cache --prefix=/data/gcc/build/out --enable-stage1-languages=c --disable-multilib --disable-debug --disable-profiling --disable-doc --disable-libitm --disable-libsanitizer --disable-libquadmath --disable-libgomp --disable-plugins --disable-lto --enable-static --disable-shared --without-isl --without-cloog --without-c++tools --enable-languages=c,c++ --program-transform-name=s,y,y, --disable-option-checking --with-build-subdir=build-x86_64-pc-linux-gnu --build=x86_64-pc-linux-gnu --host=x86_64-pc-linux-gnu --target=x86_64-pc-linux-gnu

## --------- ##
## Platform. ##
## --------- ##

hostname = wisper-UOSx64
uname -m = x86_64
uname -r = 5.10.0-amd64-desktop
uname -s = Linux
uname -v = #20.00.61.00-release SMP Thu Jul 20 15:49:09 CST 2023

/usr/bin/uname -p = unknown
/bin/uname -X     = unknown

/bin/arch              = x86_64
/usr/bin/arch -k       = unknown
/usr/convex/getsysinfo = unknown
/usr/bin/hostinfo      = unknown
/bin/machine           = unknown
/usr/bin/oslevel       = unknown
/bin/universe          = unknown

PATH: /usr/share/safe-rm/bin
PATH: /usr/local/sbin
PATH: /usr/local/bin
PATH: /usr/sbin
PATH: /usr/bin
PATH: /sbin
PATH: /bin


## ----------- ##
## Core tests. ##
## ----------- ##

configure:2094: creating cache ./config.cache
configure:3197: checking build system type
configure:3211: result: x86_64-pc-linux-gnu
configure:3231: checking host system type
configure:3244: result: x86_64-pc-linux-gnu
configure:3264: checking target system type
configure:3277: result: x86_64-pc-linux-gnu
configure:3312: checking for x86_64-pc-linux-gnu-gcc
configure:3339: result: gcc
configure:3608: checking for C compiler version
configure:3617: gcc --version >&5
gcc (GCC) 12.4.0
Copyright (C) 2022 Free Software Foundation, Inc.
This is free software; see the source for copying conditions.  There is NO
warranty; not even for MERCHANTABILITY or FITNESS FOR A PARTICULAR PURPOSE.

configure:3628: $? = 0
configure:3617: gcc -v >&5
Using built-in specs.
COLLECT_GCC=gcc
COLLECT_LTO_WRAPPER=/usr/local/libexec/gcc/x86_64-pc-linux-gnu/12.4.0/lto-wrapper
Target: x86_64-pc-linux-gnu
Configured with: ../configure --disable-multilib
Thread model: posix
Supported LTO compression algorithms: zlib
gcc version 12.4.0 (GCC) 
configure:3628: $? = 0
configure:3617: gcc -V >&5
gcc: error: unrecognized command-line option '-V'
gcc: fatal error: no input files
compilation terminated.
configure:3628: $? = 1
configure:3617: gcc -qversion >&5
gcc: error: unrecognized command-line option '-qversion'; did you mean '--version'?
gcc: fatal error: no input files
compilation terminated.
configure:3628: $? = 1
configure:3648: checking whether the C compiler works
configure:3670: gcc -O2 -fPIC   conftest.c  >&5
configure:3674: $? = 0
configure:3722: result: yes
configure:3725: checking for C compiler default output file name
configure:3727: result: a.out
configure:3733: checking for suffix of executables
configure:3740: gcc -o conftest -O2 -fPIC   conftest.c  >&5
configure:3744: $? = 0
configure:3766: result: 
configure:3788: checking whether we are cross compiling
configure:3796: gcc -o conftest -O2 -fPIC   conftest.c  >&5
configure:3800: $? = 0
configure:3807: ./conftest
configure:3811: $? = 0
configure:3799: result: no
configure:3804: checking for suffix of object files
configure:3826: gcc -c -O2 -fPIC  conftest.c >&5
configure:3830: $? = 0
configure:3851: result: o
configure:3855: checking whether we are using the GNU C compiler
configure:3874: gcc -c -O2 -fPIC  conftest.c >&5
configure:3874: $? = 0
configure:3883: result: yes
configure:3892: checking whether gcc accepts -g
configure:3912: gcc -c -g  conftest.c >&5
configure:3912: $? = 0
configure:3953: result: yes
configure:3970: checking for gcc option to accept ISO C89
configure:4033: gcc  -c -O2 -fPIC  conftest.c >&5
configure:4033: $? = 0
configure:4046: result: none needed
configure:4072: checking how to run the C preprocessor
configure:4103: gcc -E  conftest.c
configure:4103: $? = 0
configure:4117: gcc -E  conftest.c
conftest.c:9:10: fatal error: ac_nonexistent.h: No such file or directory
    9 | #include <ac_nonexistent.h>
      |          ^~~~~~~~~~~~~~~~~~
compilation terminated.
configure:4117: $? = 1
configure: failed program was:
| /* confdefs.h */
| #define PACKAGE_NAME "fixincludes"
| #define PACKAGE_TARNAME "fixincludes"
| #define PACKAGE_VERSION " "
| #define PACKAGE_STRING "fixincludes  "
| #define PACKAGE_BUGREPORT ""
| #define PACKAGE_URL ""
| /* end confdefs.h.  */
| #include <ac_nonexistent.h>
configure:4142: result: gcc -E
configure:4162: gcc -E  conftest.c
configure:4162: $? = 0
configure:4176: gcc -E  conftest.c
conftest.c:9:10: fatal error: ac_nonexistent.h: No such file or directory
    9 | #include <ac_nonexistent.h>
      |          ^~~~~~~~~~~~~~~~~~
compilation terminated.
configure:4176: $? = 1
configure: failed program was:
| /* confdefs.h */
| #define PACKAGE_NAME "fixincludes"
| #define PACKAGE_TARNAME "fixincludes"
| #define PACKAGE_VERSION " "
| #define PACKAGE_STRING "fixincludes  "
| #define PACKAGE_BUGREPORT ""
| #define PACKAGE_URL ""
| /* end confdefs.h.  */
| #include <ac_nonexistent.h>
configure:4205: checking for grep that handles long lines and -e
configure:4263: result: /usr/bin/grep
configure:4268: checking for egrep
configure:4330: result: /usr/bin/grep -E
configure:4335: checking for ANSI C header files
configure:4355: gcc -c -O2 -fPIC  conftest.c >&5
configure:4355: $? = 0
configure:4428: gcc -o conftest -O2 -fPIC   conftest.c  >&5
configure:4428: $? = 0
configure:4428: ./conftest
configure:4428: $? = 0
configure:4439: result: yes
configure:4452: checking for sys/types.h
configure:4452: gcc -c -O2 -fPIC  conftest.c >&5
configure:4452: $? = 0
configure:4452: result: yes
configure:4452: checking for sys/stat.h
configure:4452: gcc -c -O2 -fPIC  conftest.c >&5
configure:4452: $? = 0
configure:4452: result: yes
configure:4452: checking for stdlib.h
configure:4452: gcc -c -O2 -fPIC  conftest.c >&5
configure:4452: $? = 0
configure:4452: result: yes
configure:4452: checking for string.h
configure:4452: gcc -c -O2 -fPIC  conftest.c >&5
configure:4452: $? = 0
configure:4452: result: yes
configure:4452: checking for memory.h
configure:4452: gcc -c -O2 -fPIC  conftest.c >&5
configure:4452: $? = 0
configure:4452: result: yes
configure:4452: checking for strings.h
configure:4452: gcc -c -O2 -fPIC  conftest.c >&5
configure:4452: $? = 0
configure:4452: result: yes
configure:4452: checking for inttypes.h
configure:4452: gcc -c -O2 -fPIC  conftest.c >&5
configure:4452: $? = 0
configure:4452: result: yes
configure:4452: checking for stdint.h
configure:4452: gcc -c -O2 -fPIC  conftest.c >&5
configure:4452: $? = 0
configure:4452: result: yes
configure:4452: checking for unistd.h
configure:4452: gcc -c -O2 -fPIC  conftest.c >&5
configure:4452: $? = 0
configure:4452: result: yes
configure:4465: checking minix/config.h usability
configure:4465: gcc -c -O2 -fPIC  conftest.c >&5
conftest.c:52:10: fatal error: minix/config.h: No such file or directory
   52 | #include <minix/config.h>
      |          ^~~~~~~~~~~~~~~~
compilation terminated.
configure:4465: $? = 1
configure: failed program was:
| /* confdefs.h */
| #define PACKAGE_NAME "fixincludes"
| #define PACKAGE_TARNAME "fixincludes"
| #define PACKAGE_VERSION " "
| #define PACKAGE_STRING "fixincludes  "
| #define PACKAGE_BUGREPORT ""
| #define PACKAGE_URL ""
| #define STDC_HEADERS 1
| #define HAVE_SYS_TYPES_H 1
| #define HAVE_SYS_STAT_H 1
| #define HAVE_STDLIB_H 1
| #define HAVE_STRING_H 1
| #define HAVE_MEMORY_H 1
| #define HAVE_STRINGS_H 1
| #define HAVE_INTTYPES_H 1
| #define HAVE_STDINT_H 1
| #define HAVE_UNISTD_H 1
| /* end confdefs.h.  */
| #include <stdio.h>
| #ifdef HAVE_SYS_TYPES_H
| # include <sys/types.h>
| #endif
| #ifdef HAVE_SYS_STAT_H
| # include <sys/stat.h>
| #endif
| #ifdef STDC_HEADERS
| # include <stdlib.h>
| # include <stddef.h>
| #else
| # ifdef HAVE_STDLIB_H
| #  include <stdlib.h>
| # endif
| #endif
| #ifdef HAVE_STRING_H
| # if !defined STDC_HEADERS && defined HAVE_MEMORY_H
| #  include <memory.h>
| # endif
| # include <string.h>
| #endif
| #ifdef HAVE_STRINGS_H
| # include <strings.h>
| #endif
| #ifdef HAVE_INTTYPES_H
| # include <inttypes.h>
| #endif
| #ifdef HAVE_STDINT_H
| # include <stdint.h>
| #endif
| #ifdef HAVE_UNISTD_H
| # include <unistd.h>
| #endif
| #include <minix/config.h>
configure:4465: result: no
configure:4465: checking minix/config.h presence
configure:4465: gcc -E  conftest.c
conftest.c:19:10: fatal error: minix/config.h: No such file or directory
   19 | #include <minix/config.h>
      |          ^~~~~~~~~~~~~~~~
compilation terminated.
configure:4465: $? = 1
configure: failed program was:
| /* confdefs.h */
| #define PACKAGE_NAME "fixincludes"
| #define PACKAGE_TARNAME "fixincludes"
| #define PACKAGE_VERSION " "
| #define PACKAGE_STRING "fixincludes  "
| #define PACKAGE_BUGREPORT ""
| #define PACKAGE_URL ""
| #define STDC_HEADERS 1
| #define HAVE_SYS_TYPES_H 1
| #define HAVE_SYS_STAT_H 1
| #define HAVE_STDLIB_H 1
| #define HAVE_STRING_H 1
| #define HAVE_MEMORY_H 1
| #define HAVE_STRINGS_H 1
| #define HAVE_INTTYPES_H 1
| #define HAVE_STDINT_H 1
| #define HAVE_UNISTD_H 1
| /* end confdefs.h.  */
| #include <minix/config.h>
configure:4465: result: no
configure:4465: checking for minix/config.h
configure:4465: result: no
configure:4486: checking whether it is safe to define __EXTENSIONS__
configure:4504: gcc -c -O2 -fPIC  conftest.c >&5
configure:4504: $? = 0
configure:4511: result: yes
configure:4525: checking for a sed that does not truncate output
configure:4589: result: /usr/bin/sed
configure:4617: checking whether gcc supports -W
configure:4634: gcc -c -W  conftest.c >&5
configure:4634: $? = 0
configure:4643: result: yes
configure:4617: checking whether gcc supports -Wall
configure:4634: gcc -c -Wall  conftest.c >&5
configure:4634: $? = 0
configure:4643: result: yes
configure:4617: checking whether gcc supports -Wwrite-strings
configure:4634: gcc -c -Wwrite-strings  conftest.c >&5
configure:4634: $? = 0
configure:4643: result: yes
configure:4617: checking whether gcc supports -Wstrict-prototypes
configure:4634: gcc -c -Wstrict-prototypes  conftest.c >&5
conftest.c:26:1: warning: function declaration isn't a prototype [-Wstrict-prototypes]
   26 | main ()
      | ^~~~
configure:4634: $? = 0
configure:4643: result: yes
configure:4617: checking whether gcc supports -Wmissing-prototypes
configure:4634: gcc -c -Wmissing-prototypes  conftest.c >&5
configure:4634: $? = 0
configure:4643: result: yes
configure:4617: checking whether gcc supports -Wold-style-definition
configure:4634: gcc -c -Wold-style-definition  conftest.c >&5
conftest.c: In function 'main':
conftest.c:26:1: warning: old-style function definition [-Wold-style-definition]
   26 | main ()
      | ^~~~
configure:4634: $? = 0
configure:4643: result: yes
configure:4617: checking whether gcc supports -Wmissing-format-attribute
configure:4634: gcc -c -Wmissing-format-attribute  conftest.c >&5
configure:4634: $? = 0
configure:4643: result: yes
configure:4617: checking whether gcc supports -Woverlength-strings
configure:4634: gcc -c -Woverlength-strings  conftest.c >&5
configure:4634: $? = 0
configure:4643: result: yes
configure:4667: checking whether gcc supports -pedantic -Wlong-long
configure:4685: gcc -c -pedantic -Wlong-long  conftest.c >&5
configure:4685: $? = 0
configure:4693: result: yes
configure:4825: checking for ANSI C header files
configure:4929: result: yes
configure:4941: checking stddef.h usability
configure:4941: gcc -c -O2 -fPIC  conftest.c >&5
configure:4941: $? = 0
configure:4941: result: yes
configure:4941: checking stddef.h presence
configure:4941: gcc -E  conftest.c
configure:4941: $? = 0
configure:4941: result: yes
configure:4941: checking for stddef.h
configure:4941: result: yes
configure:4941: checking for stdlib.h
configure:4941: result: yes
configure:4941: checking for strings.h
configure:4941: result: yes
configure:4941: checking for unistd.h
configure:4941: result: yes
configure:4941: checking fcntl.h usability
configure:4941: gcc -c -O2 -fPIC  conftest.c >&5
configure:4941: $? = 0
configure:4941: result: yes
configure:4941: checking fcntl.h presence
configure:4941: gcc -E  conftest.c
configure:4941: $? = 0
configure:4941: result: yes
configure:4941: checking for fcntl.h
configure:4941: result: yes
configure:4941: checking sys/file.h usability
configure:4941: gcc -c -O2 -fPIC  conftest.c >&5
configure:4941: $? = 0
configure:4941: result: yes
configure:4941: checking sys/file.h presence
configure:4941: gcc -E  conftest.c
configure:4941: $? = 0
configure:4941: result: yes
configure:4941: checking for sys/file.h
configure:4941: result: yes
configure:4941: checking for sys/stat.h
configure:4941: result: yes
configure:4955: checking for clearerr_unlocked
configure:4955: gcc -o conftest -O2 -fPIC   conftest.c  >&5
configure:4955: $? = 0
configure:4955: result: yes
configure:4955: checking for feof_unlocked
configure:4955: gcc -o conftest -O2 -fPIC   conftest.c  >&5
configure:4955: $? = 0
configure:4955: result: yes
configure:4955: checking for ferror_unlocked
configure:4955: gcc -o conftest -O2 -fPIC   conftest.c  >&5
configure:4955: $? = 0
configure:4955: result: yes
configure:4955: checking for fflush_unlocked
configure:4955: gcc -o conftest -O2 -fPIC   conftest.c  >&5
configure:4955: $? = 0
configure:4955: result: yes
configure:4955: checking for fgetc_unlocked
configure:4955: gcc -o conftest -O2 -fPIC   conftest.c  >&5
configure:4955: $? = 0
configure:4955: result: yes
configure:4955: checking for fgets_unlocked
configure:4955: gcc -o conftest -O2 -fPIC   conftest.c  >&5
configure:4955: $? = 0
configure:4955: result: yes
configure:4955: checking for fileno_unlocked
configure:4955: gcc -o conftest -O2 -fPIC   conftest.c  >&5
configure:4955: $? = 0
configure:4955: result: yes
configure:4955: checking for fprintf_unlocked
configure:4955: gcc -o conftest -O2 -fPIC   conftest.c  >&5
conftest.c:63:6: warning: conflicting types for built-in function 'fprintf_unlocked'; expected 'int(void *, const char *, ...)' [-Wbuiltin-declaration-mismatch]
   63 | char fprintf_unlocked ();
      |      ^~~~~~~~~~~~~~~~
/usr/bin/ld: /tmp/ccOviPzJ.o: in function `main':
conftest.c:(.text.startup+0x7): undefined reference to `fprintf_unlocked'
collect2: error: ld returned 1 exit status
configure:4955: $? = 1
configure: failed program was:
| /* confdefs.h */
| #define PACKAGE_NAME "fixincludes"
| #define PACKAGE_TARNAME "fixincludes"
| #define PACKAGE_VERSION " "
| #define PACKAGE_STRING "fixincludes  "
| #define PACKAGE_BUGREPORT ""
| #define PACKAGE_URL ""
| #define STDC_HEADERS 1
| #define HAVE_SYS_TYPES_H 1
| #define HAVE_SYS_STAT_H 1
| #define HAVE_STDLIB_H 1
| #define HAVE_STRING_H 1
| #define HAVE_MEMORY_H 1
| #define HAVE_STRINGS_H 1
| #define HAVE_INTTYPES_H 1
| #define HAVE_STDINT_H 1
| #define HAVE_UNISTD_H 1
| #define __EXTENSIONS__ 1
| #define _ALL_SOURCE 1
| #define _GNU_SOURCE 1
| #define _POSIX_PTHREAD_SEMANTICS 1
| #define _TANDEM_SOURCE 1
| #define EXE_EXT ""
| #define STDC_HEADERS 1
| #define HAVE_STDDEF_H 1
| #define HAVE_STDLIB_H 1
| #define HAVE_STRINGS_H 1
| #define HAVE_UNISTD_H 1
| #define HAVE_FCNTL_H 1
| #define HAVE_SYS_FILE_H 1
| #define HAVE_SYS_STAT_H 1
| #define HAVE_CLEARERR_UNLOCKED 1
| #define HAVE_FEOF_UNLOCKED 1
| #define HAVE_FERROR_UNLOCKED 1
| #define HAVE_FFLUSH_UNLOCKED 1
| #define HAVE_FGETC_UNLOCKED 1
| #define HAVE_FGETS_UNLOCKED 1
| #define HAVE_FILENO_UNLOCKED 1
| /* end confdefs.h.  */
| /* Define fprintf_unlocked to an innocuous variant, in case <limits.h> declares fprintf_unlocked.
|    For example, HP-UX 11i <limits.h> declares gettimeofday.  */
| #define fprintf_unlocked innocuous_fprintf_unlocked
| 
| /* System header to define __stub macros and hopefully few prototypes,
|     which can conflict with char fprintf_unlocked (); below.
|     Prefer <limits.h> to <assert.h> if __STDC__ is defined, since
|     <limits.h> exists even on freestanding compilers.  */
| 
| #ifdef __STDC__
| # include <limits.h>
| #else
| # include <assert.h>
| #endif
| 
| #undef fprintf_unlocked
| 
| /* Override any GCC internal prototype to avoid an error.
|    Use char because int might match the return type of a GCC
|    builtin and then its argument prototype would still apply.  */
| #ifdef __cplusplus
| extern "C"
| #endif
| char fprintf_unlocked ();
| /* The GNU C library defines this for functions which it implements
|     to always fail with ENOSYS.  Some functions are actually named
|     something starting with __ and the normal name is an alias.  */
| #if defined __stub_fprintf_unlocked || defined __stub___fprintf_unlocked
| choke me
| #endif
| 
| int
| main ()
| {
| return fprintf_unlocked ();
|   ;
|   return 0;
| }
configure:4955: result: no
configure:4955: checking for fputc_unlocked
configure:4955: gcc -o conftest -O2 -fPIC   conftest.c  >&5
conftest.c:63:6: warning: conflicting types for built-in function 'fputc_unlocked'; expected 'int(int,  void *)' [-Wbuiltin-declaration-mismatch]
   63 | char fputc_unlocked ();
      |      ^~~~~~~~~~~~~~
configure:4955: $? = 0
configure:4955: result: yes
configure:4955: checking for fputs_unlocked
configure:4955: gcc -o conftest -O2 -fPIC   conftest.c  >&5
conftest.c:64:6: warning: conflicting types for built-in function 'fputs_unlocked'; expected 'int(const char *, void *)' [-Wbuiltin-declaration-mismatch]
   64 | char fputs_unlocked ();
      |      ^~~~~~~~~~~~~~
configure:4955: $? = 0
configure:4955: result: yes
configure:4955: checking for fread_unlocked
configure:4955: gcc -o conftest -O2 -fPIC   conftest.c  >&5
configure:4955: $? = 0
configure:4955: result: yes
configure:4955: checking for fwrite_unlocked
configure:4955: gcc -o conftest -O2 -fPIC   conftest.c  >&5
conftest.c:66:6: warning: conflicting types for built-in function 'fwrite_unlocked'; expected 'long unsigned int(const void *, long unsigned int,  long unsigned int,  void *)' [-Wbuiltin-declaration-mismatch]
   66 | char fwrite_unlocked ();
      |      ^~~~~~~~~~~~~~~
configure:4955: $? = 0
configure:4955: result: yes
configure:4955: checking for getchar_unlocked
configure:4955: gcc -o conftest -O2 -fPIC   conftest.c  >&5
configure:4955: $? = 0
configure:4955: result: yes
configure:4955: checking for getc_unlocked
configure:4955: gcc -o conftest -O2 -fPIC   conftest.c  >&5
configure:4955: $? = 0
configure:4955: result: yes
configure:4955: checking for putchar_unlocked
configure:4955: gcc -o conftest -O2 -fPIC   conftest.c  >&5
conftest.c:69:6: warning: conflicting types for built-in function 'putchar_unlocked'; expected 'int(int)' [-Wbuiltin-declaration-mismatch]
   69 | char putchar_unlocked ();
      |      ^~~~~~~~~~~~~~~~
configure:4955: $? = 0
configure:4955: result: yes
configure:4955: checking for putc_unlocked
configure:4955: gcc -o conftest -O2 -fPIC   conftest.c  >&5
conftest.c:70:6: warning: conflicting types for built-in function 'putc_unlocked'; expected 'int(int,  void *)' [-Wbuiltin-declaration-mismatch]
   70 | char putc_unlocked ();
      |      ^~~~~~~~~~~~~
configure:4955: $? = 0
configure:4955: result: yes
configure:4964: checking whether abort is declared
configure:4964: gcc -c -O2 -fPIC  conftest.c >&5
configure:4964: $? = 0
configure:4964: result: yes
configure:4974: checking whether asprintf is declared
configure:4974: gcc -c -O2 -fPIC  conftest.c >&5
configure:4974: $? = 0
configure:4974: result: yes
configure:4985: checking whether basename is declared
configure:4985: gcc -c -O2 -fPIC  conftest.c >&5
configure:4985: $? = 0
configure:4985: result: yes
configure:4995: checking whether errno is declared
configure:4995: gcc -c -O2 -fPIC  conftest.c >&5
conftest.c: In function 'main':
conftest.c:91:10: error: 'errno' undeclared (first use in this function)
   91 |   (void) errno;
      |          ^~~~~
conftest.c:83:1: note: 'errno' is defined in header '<errno.h>'; did you forget to '#include <errno.h>'?
   82 | # include <unistd.h>
   83 | #endif
conftest.c:91:10: note: each undeclared identifier is reported only once for each function it appears in
   91 |   (void) errno;
      |          ^~~~~
configure:4995: $? = 1
configure: failed program was:
| /* confdefs.h */
| #define PACKAGE_NAME "fixincludes"
| #define PACKAGE_TARNAME "fixincludes"
| #define PACKAGE_VERSION " "
| #define PACKAGE_STRING "fixincludes  "
| #define PACKAGE_BUGREPORT ""
| #define PACKAGE_URL ""
| #define STDC_HEADERS 1
| #define HAVE_SYS_TYPES_H 1
| #define HAVE_SYS_STAT_H 1
| #define HAVE_STDLIB_H 1
| #define HAVE_STRING_H 1
| #define HAVE_MEMORY_H 1
| #define HAVE_STRINGS_H 1
| #define HAVE_INTTYPES_H 1
| #define HAVE_STDINT_H 1
| #define HAVE_UNISTD_H 1
| #define __EXTENSIONS__ 1
| #define _ALL_SOURCE 1
| #define _GNU_SOURCE 1
| #define _POSIX_PTHREAD_SEMANTICS 1
| #define _TANDEM_SOURCE 1
| #define EXE_EXT ""
| #define STDC_HEADERS 1
| #define HAVE_STDDEF_H 1
| #define HAVE_STDLIB_H 1
| #define HAVE_STRINGS_H 1
| #define HAVE_UNISTD_H 1
| #define HAVE_FCNTL_H 1
| #define HAVE_SYS_FILE_H 1
| #define HAVE_SYS_STAT_H 1
| #define HAVE_CLEARERR_UNLOCKED 1
| #define HAVE_FEOF_UNLOCKED 1
| #define HAVE_FERROR_UNLOCKED 1
| #define HAVE_FFLUSH_UNLOCKED 1
| #define HAVE_FGETC_UNLOCKED 1
| #define HAVE_FGETS_UNLOCKED 1
| #define HAVE_FILENO_UNLOCKED 1
| #define HAVE_FPUTC_UNLOCKED 1
| #define HAVE_FPUTS_UNLOCKED 1
| #define HAVE_FREAD_UNLOCKED 1
| #define HAVE_FWRITE_UNLOCKED 1
| #define HAVE_GETCHAR_UNLOCKED 1
| #define HAVE_GETC_UNLOCKED 1
| #define HAVE_PUTCHAR_UNLOCKED 1
| #define HAVE_PUTC_UNLOCKED 1
| #define HAVE_DECL_ABORT 1
| #define HAVE_DECL_ASPRINTF 1
| #define HAVE_DECL_BASENAME 1
| /* end confdefs.h.  */
| #include <stdio.h>
| #ifdef HAVE_SYS_TYPES_H
| # include <sys/types.h>
| #endif
| #ifdef HAVE_SYS_STAT_H
| # include <sys/stat.h>
| #endif
| #ifdef STDC_HEADERS
| # include <stdlib.h>
| # include <stddef.h>
| #else
| # ifdef HAVE_STDLIB_H
| #  include <stdlib.h>
| # endif
| #endif
| #ifdef HAVE_STRING_H
| # if !defined STDC_HEADERS && defined HAVE_MEMORY_H
| #  include <memory.h>
| # endif
| # include <string.h>
| #endif
| #ifdef HAVE_STRINGS_H
| # include <strings.h>
| #endif
| #ifdef HAVE_INTTYPES_H
| # include <inttypes.h>
| #endif
| #ifdef HAVE_STDINT_H
| # include <stdint.h>
| #endif
| #ifdef HAVE_UNISTD_H
| # include <unistd.h>
| #endif
| int
| main ()
| {
| #ifndef errno
| #ifdef __cplusplus
|   (void) errno;
| #else
|   (void) errno;
| #endif
| #endif
| 
|   ;
|   return 0;
| }
configure:4995: result: no
configure:5005: checking whether vasprintf is declared
configure:5005: gcc -c -O2 -fPIC  conftest.c >&5
configure:5005: $? = 0
configure:5005: result: yes
configure:5015: checking whether memmem is declared
configure:5015: gcc -c -O2 -fPIC  conftest.c >&5
configure:5015: $? = 0
configure:5015: result: yes
configure:5026: checking whether clearerr_unlocked is declared
configure:5026: gcc -c -O2 -fPIC  conftest.c >&5
configure:5026: $? = 0
configure:5026: result: yes
configure:5036: checking whether feof_unlocked is declared
configure:5036: gcc -c -O2 -fPIC  conftest.c >&5
configure:5036: $? = 0
configure:5036: result: yes
configure:5046: checking whether ferror_unlocked is declared
configure:5046: gcc -c -O2 -fPIC  conftest.c >&5
configure:5046: $? = 0
configure:5046: result: yes
configure:5056: checking whether fflush_unlocked is declared
configure:5056: gcc -c -O2 -fPIC  conftest.c >&5
configure:5056: $? = 0
configure:5056: result: yes
configure:5066: checking whether fgetc_unlocked is declared
configure:5066: gcc -c -O2 -fPIC  conftest.c >&5
configure:5066: $? = 0
configure:5066: result: yes
configure:5076: checking whether fgets_unlocked is declared
configure:5076: gcc -c -O2 -fPIC  conftest.c >&5
configure:5076: $? = 0
configure:5076: result: yes
configure:5086: checking whether fileno_unlocked is declared
configure:5086: gcc -c -O2 -fPIC  conftest.c >&5
configure:5086: $? = 0
configure:5086: result: yes
configure:5096: checking whether fprintf_unlocked is declared
configure:5096: gcc -c -O2 -fPIC  conftest.c >&5
conftest.c: In function 'main':
conftest.c:101:10: error: 'fprintf_unlocked' undeclared (first use in this function); did you mean 'fwrite_unlocked'?
  101 |   (void) fprintf_unlocked;
      |          ^~~~~~~~~~~~~~~~
      |          fwrite_unlocked
conftest.c:101:10: note: each undeclared identifier is reported only once for each function it appears in
configure:5096: $? = 1
configure: failed program was:
| /* confdefs.h */
| #define PACKAGE_NAME "fixincludes"
| #define PACKAGE_TARNAME "fixincludes"
| #define PACKAGE_VERSION " "
| #define PACKAGE_STRING "fixincludes  "
| #define PACKAGE_BUGREPORT ""
| #define PACKAGE_URL ""
| #define STDC_HEADERS 1
| #define HAVE_SYS_TYPES_H 1
| #define HAVE_SYS_STAT_H 1
| #define HAVE_STDLIB_H 1
| #define HAVE_STRING_H 1
| #define HAVE_MEMORY_H 1
| #define HAVE_STRINGS_H 1
| #define HAVE_INTTYPES_H 1
| #define HAVE_STDINT_H 1
| #define HAVE_UNISTD_H 1
| #define __EXTENSIONS__ 1
| #define _ALL_SOURCE 1
| #define _GNU_SOURCE 1
| #define _POSIX_PTHREAD_SEMANTICS 1
| #define _TANDEM_SOURCE 1
| #define EXE_EXT ""
| #define STDC_HEADERS 1
| #define HAVE_STDDEF_H 1
| #define HAVE_STDLIB_H 1
| #define HAVE_STRINGS_H 1
| #define HAVE_UNISTD_H 1
| #define HAVE_FCNTL_H 1
| #define HAVE_SYS_FILE_H 1
| #define HAVE_SYS_STAT_H 1
| #define HAVE_CLEARERR_UNLOCKED 1
| #define HAVE_FEOF_UNLOCKED 1
| #define HAVE_FERROR_UNLOCKED 1
| #define HAVE_FFLUSH_UNLOCKED 1
| #define HAVE_FGETC_UNLOCKED 1
| #define HAVE_FGETS_UNLOCKED 1
| #define HAVE_FILENO_UNLOCKED 1
| #define HAVE_FPUTC_UNLOCKED 1
| #define HAVE_FPUTS_UNLOCKED 1
| #define HAVE_FREAD_UNLOCKED 1
| #define HAVE_FWRITE_UNLOCKED 1
| #define HAVE_GETCHAR_UNLOCKED 1
| #define HAVE_GETC_UNLOCKED 1
| #define HAVE_PUTCHAR_UNLOCKED 1
| #define HAVE_PUTC_UNLOCKED 1
| #define HAVE_DECL_ABORT 1
| #define HAVE_DECL_ASPRINTF 1
| #define HAVE_DECL_BASENAME 1
| #define HAVE_DECL_ERRNO 0
| #define HAVE_DECL_VASPRINTF 1
| #define HAVE_DECL_MEMMEM 1
| #define HAVE_DECL_CLEARERR_UNLOCKED 1
| #define HAVE_DECL_FEOF_UNLOCKED 1
| #define HAVE_DECL_FERROR_UNLOCKED 1
| #define HAVE_DECL_FFLUSH_UNLOCKED 1
| #define HAVE_DECL_FGETC_UNLOCKED 1
| #define HAVE_DECL_FGETS_UNLOCKED 1
| #define HAVE_DECL_FILENO_UNLOCKED 1
| /* end confdefs.h.  */
| #include <stdio.h>
| #ifdef HAVE_SYS_TYPES_H
| # include <sys/types.h>
| #endif
| #ifdef HAVE_SYS_STAT_H
| # include <sys/stat.h>
| #endif
| #ifdef STDC_HEADERS
| # include <stdlib.h>
| # include <stddef.h>
| #else
| # ifdef HAVE_STDLIB_H
| #  include <stdlib.h>
| # endif
| #endif
| #ifdef HAVE_STRING_H
| # if !defined STDC_HEADERS && defined HAVE_MEMORY_H
| #  include <memory.h>
| # endif
| # include <string.h>
| #endif
| #ifdef HAVE_STRINGS_H
| # include <strings.h>
| #endif
| #ifdef HAVE_INTTYPES_H
| # include <inttypes.h>
| #endif
| #ifdef HAVE_STDINT_H
| # include <stdint.h>
| #endif
| #ifdef HAVE_UNISTD_H
| # include <unistd.h>
| #endif
| int
| main ()
| {
| #ifndef fprintf_unlocked
| #ifdef __cplusplus
|   (void) fprintf_unlocked;
| #else
|   (void) fprintf_unlocked;
| #endif
| #endif
| 
|   ;
|   return 0;
| }
configure:5096: result: no
configure:5106: checking whether fputc_unlocked is declared
configure:5106: gcc -c -O2 -fPIC  conftest.c >&5
configure:5106: $? = 0
configure:5106: result: yes
configure:5116: checking whether fputs_unlocked is declared
configure:5116: gcc -c -O2 -fPIC  conftest.c >&5
configure:5116: $? = 0
configure:5116: result: yes
configure:5126: checking whether fread_unlocked is declared
configure:5126: gcc -c -O2 -fPIC  conftest.c >&5
configure:5126: $? = 0
configure:5126: result: yes
configure:5136: checking whether fwrite_unlocked is declared
configure:5136: gcc -c -O2 -fPIC  conftest.c >&5
configure:5136: $? = 0
configure:5136: result: yes
configure:5146: checking whether getchar_unlocked is declared
configure:5146: gcc -c -O2 -fPIC  conftest.c >&5
configure:5146: $? = 0
configure:5146: result: yes
configure:5156: checking whether getc_unlocked is declared
configure:5156: gcc -c -O2 -fPIC  conftest.c >&5
configure:5156: $? = 0
configure:5156: result: yes
configure:5166: checking whether putchar_unlocked is declared
configure:5166: gcc -c -O2 -fPIC  conftest.c >&5
configure:5166: $? = 0
configure:5166: result: yes
configure:5176: checking whether putc_unlocked is declared
configure:5176: gcc -c -O2 -fPIC  conftest.c >&5
configure:5176: $? = 0
configure:5176: result: yes
configure:5189: checking for an ANSI C-conforming const
configure:5255: gcc -c -O2 -fPIC  conftest.c >&5
configure:5255: $? = 0
configure:5262: result: yes
configure:5273: checking sys/mman.h usability
configure:5273: gcc -c -O2 -fPIC  conftest.c >&5
configure:5273: $? = 0
configure:5273: result: yes
configure:5273: checking sys/mman.h presence
configure:5273: gcc -E  conftest.c
configure:5273: $? = 0
configure:5273: result: yes
configure:5273: checking for sys/mman.h
configure:5273: result: yes
configure:5281: checking for mmap
configure:5281: gcc -o conftest -O2 -fPIC   conftest.c  >&5
configure:5281: $? = 0
configure:5281: result: yes
configure:5294: checking whether read-only mmap of a plain file works
configure:5311: result: yes
configure:5313: checking whether mmap from /dev/zero works
configure:5335: result: yes
configure:5339: checking for MAP_ANON(YMOUS)
configure:5362: gcc -c -O2 -fPIC  conftest.c >&5
configure:5362: $? = 0
configure:5369: result: yes
configure:5375: checking whether mmap with MAP_ANON(YMOUS) works
configure:5392: result: yes
configure:5414: checking whether to enable maintainer-specific portions of Makefiles
configure:5423: result: no
configure:5513: updating cache ./config.cache
configure:5562: creating ./config.status

## ---------------------- ##
## Running config.status. ##
## ---------------------- ##

This file was extended by fixincludes config.status  , which was
generated by GNU Autoconf 2.69.  Invocation command line was

  CONFIG_FILES    = 
  CONFIG_HEADERS  = 
  CONFIG_LINKS    = 
  CONFIG_COMMANDS = 
  $ ./config.status 

on wisper-UOSx64

config.status:869: creating Makefile
config.status:869: creating mkheaders.almost
config.status:869: creating config.h

## ---------------- ##
## Cache variables. ##
## ---------------- ##

ac_cv_build=x86_64-pc-linux-gnu
ac_cv_c_compiler_gnu=yes
ac_cv_c_const=yes
ac_cv_env_CC_set=set
ac_cv_env_CC_value=gcc
ac_cv_env_CFLAGS_set=set
ac_cv_env_CFLAGS_value='-O2 -fPIC'
ac_cv_env_CPPFLAGS_set=set
ac_cv_env_CPPFLAGS_value=
ac_cv_env_CPP_set=set
ac_cv_env_CPP_value=
ac_cv_env_LDFLAGS_set=set
ac_cv_env_LDFLAGS_value=
ac_cv_env_LIBS_set=
ac_cv_env_LIBS_value=
ac_cv_env_build_alias_set=set
ac_cv_env_build_alias_value=x86_64-pc-linux-gnu
ac_cv_env_host_alias_set=set
ac_cv_env_host_alias_value=x86_64-pc-linux-gnu
ac_cv_env_target_alias_set=set
ac_cv_env_target_alias_value=x86_64-pc-linux-gnu
ac_cv_func_clearerr_unlocked=yes
ac_cv_func_feof_unlocked=yes
ac_cv_func_ferror_unlocked=yes
ac_cv_func_fflush_unlocked=yes
ac_cv_func_fgetc_unlocked=yes
ac_cv_func_fgets_unlocked=yes
ac_cv_func_fileno_unlocked=yes
ac_cv_func_fprintf_unlocked=no
ac_cv_func_fputc_unlocked=yes
ac_cv_func_fputs_unlocked=yes
ac_cv_func_fread_unlocked=yes
ac_cv_func_fwrite_unlocked=yes
ac_cv_func_getc_unlocked=yes
ac_cv_func_getchar_unlocked=yes
ac_cv_func_mmap=yes
ac_cv_func_putc_unlocked=yes
ac_cv_func_putchar_unlocked=yes
ac_cv_have_decl_abort=yes
ac_cv_have_decl_asprintf=yes
ac_cv_have_decl_basename_char_p_=yes
ac_cv_have_decl_clearerr_unlocked=yes
ac_cv_have_decl_errno=no
ac_cv_have_decl_feof_unlocked=yes
ac_cv_have_decl_ferror_unlocked=yes
ac_cv_have_decl_fflush_unlocked=yes
ac_cv_have_decl_fgetc_unlocked=yes
ac_cv_have_decl_fgets_unlocked=yes
ac_cv_have_decl_fileno_unlocked=yes
ac_cv_have_decl_fprintf_unlocked=no
ac_cv_have_decl_fputc_unlocked=yes
ac_cv_have_decl_fputs_unlocked=yes
ac_cv_have_decl_fread_unlocked=yes
ac_cv_have_decl_fwrite_unlocked=yes
ac_cv_have_decl_getc_unlocked=yes
ac_cv_have_decl_getchar_unlocked=yes
ac_cv_have_decl_memmem=yes
ac_cv_have_decl_putc_unlocked=yes
ac_cv_have_decl_putchar_unlocked=yes
ac_cv_have_decl_vasprintf=yes
ac_cv_header_fcntl_h=yes
ac_cv_header_inttypes_h=yes
ac_cv_header_memory_h=yes
ac_cv_header_minix_config_h=no
ac_cv_header_stdc=yes
ac_cv_header_stddef_h=yes
ac_cv_header_stdint_h=yes
ac_cv_header_stdlib_h=yes
ac_cv_header_string_h=yes
ac_cv_header_strings_h=yes
ac_cv_header_sys_file_h=yes
ac_cv_header_sys_mman_h=yes
ac_cv_header_sys_stat_h=yes
ac_cv_header_sys_types_h=yes
ac_cv_header_unistd_h=yes
ac_cv_host=x86_64-pc-linux-gnu
ac_cv_objext=o
ac_cv_path_EGREP='/usr/bin/grep -E'
ac_cv_path_GREP=/usr/bin/grep
ac_cv_path_SED=/usr/bin/sed
ac_cv_prog_CC=gcc
ac_cv_prog_CPP='gcc -E'
ac_cv_prog_cc_c89=
ac_cv_prog_cc_g=yes
ac_cv_safe_to_define___extensions__=yes
ac_cv_target=x86_64-pc-linux-gnu
acx_cv_prog_cc_pedantic__Wlong_long=yes
acx_cv_prog_cc_warning__W=yes
acx_cv_prog_cc_warning__Wall=yes
acx_cv_prog_cc_warning__Wmissing_format_attribute=yes
acx_cv_prog_cc_warning__Wmissing_prototypes=yes
acx_cv_prog_cc_warning__Wold_style_definition=yes
acx_cv_prog_cc_warning__Woverlength_strings=yes
acx_cv_prog_cc_warning__Wstrict_prototypes=yes
acx_cv_prog_cc_warning__Wwrite_strings=yes
gcc_cv_decl_map_anon=yes
gcc_cv_func_mmap_anon=yes
gcc_cv_func_mmap_dev_zero=yes
gcc_cv_func_mmap_file=yes

## ----------------- ##
## Output variables. ##
## ----------------- ##

CC='gcc'
CFLAGS='-O2 -fPIC'
CPP='gcc -E'
CPPFLAGS=''
DEFS='-DHAVE_CONFIG_H'
ECHO_C=''
ECHO_N='-n'
ECHO_T=''
EGREP='/usr/bin/grep -E'
EXEEXT=''
GREP='/usr/bin/grep'
LDFLAGS=''
LIBOBJS=''
LIBS=''
LTLIBOBJS=''
MAINT='#'
OBJEXT='o'
PACKAGE_BUGREPORT=''
PACKAGE_NAME='fixincludes'
PACKAGE_STRING='fixincludes  '
PACKAGE_TARNAME='fixincludes'
PACKAGE_URL=''
PACKAGE_VERSION=' '
PATH_SEPARATOR=':'
SED='/usr/bin/sed'
SHELL='/bin/bash'
TARGET='oneprocess'
WARN_CFLAGS='-W -Wall -Wwrite-strings -Wstrict-prototypes -Wmissing-prototypes -Wold-style-definition -Wmissing-format-attribute -Wno-overlength-strings'
WARN_PEDANTIC='-pedantic -Wno-long-long'
WERROR=''
ac_ct_CC=''
bindir='${exec_prefix}/bin'
build='x86_64-pc-linux-gnu'
build_alias='x86_64-pc-linux-gnu'
build_cpu='x86_64'
build_os='linux-gnu'
build_vendor='pc'
datadir='${datarootdir}'
datarootdir='${prefix}/share'
docdir='${datarootdir}/doc/${PACKAGE_TARNAME}'
dvidir='${docdir}'
exec_prefix='${prefix}'
get_gcc_base_ver='cat'
host='x86_64-pc-linux-gnu'
host_alias='x86_64-pc-linux-gnu'
host_cpu='x86_64'
host_os='linux-gnu'
host_vendor='pc'
htmldir='${docdir}'
includedir='${prefix}/include'
infodir='${datarootdir}/info'
libdir='${exec_prefix}/lib'
libexecdir='${exec_prefix}/libexec'
localedir='${datarootdir}/locale'
localstatedir='${prefix}/var'
mandir='${datarootdir}/man'
oldincludedir='/usr/include'
pdfdir='${docdir}'
prefix='/data/gcc/build/out'
program_transform_name='s,y,y,'
psdir='${docdir}'
sbindir='${exec_prefix}/sbin'
sharedstatedir='${prefix}/com'
sysconfdir='${prefix}/etc'
target='x86_64-pc-linux-gnu'
target_alias='x86_64-pc-linux-gnu'
target_cpu='x86_64'
target_noncanonical='x86_64-pc-linux-gnu'
target_os='linux-gnu'
target_vendor='pc'

## ----------- ##
## confdefs.h. ##
## ----------- ##

/* confdefs.h */
#define PACKAGE_NAME "fixincludes"
#define PACKAGE_TARNAME "fixincludes"
#define PACKAGE_VERSION " "
#define PACKAGE_STRING "fixincludes  "
#define PACKAGE_BUGREPORT ""
#define PACKAGE_URL ""
#define STDC_HEADERS 1
#define HAVE_SYS_TYPES_H 1
#define HAVE_SYS_STAT_H 1
#define HAVE_STDLIB_H 1
#define HAVE_STRING_H 1
#define HAVE_MEMORY_H 1
#define HAVE_STRINGS_H 1
#define HAVE_INTTYPES_H 1
#define HAVE_STDINT_H 1
#define HAVE_UNISTD_H 1
#define __EXTENSIONS__ 1
#define _ALL_SOURCE 1
#define _GNU_SOURCE 1
#define _POSIX_PTHREAD_SEMANTICS 1
#define _TANDEM_SOURCE 1
#define EXE_EXT ""
#define STDC_HEADERS 1
#define HAVE_STDDEF_H 1
#define HAVE_STDLIB_H 1
#define HAVE_STRINGS_H 1
#define HAVE_UNISTD_H 1
#define HAVE_FCNTL_H 1
#define HAVE_SYS_FILE_H 1
#define HAVE_SYS_STAT_H 1
#define HAVE_CLEARERR_UNLOCKED 1
#define HAVE_FEOF_UNLOCKED 1
#define HAVE_FERROR_UNLOCKED 1
#define HAVE_FFLUSH_UNLOCKED 1
#define HAVE_FGETC_UNLOCKED 1
#define HAVE_FGETS_UNLOCKED 1
#define HAVE_FILENO_UNLOCKED 1
#define HAVE_FPUTC_UNLOCKED 1
#define HAVE_FPUTS_UNLOCKED 1
#define HAVE_FREAD_UNLOCKED 1
#define HAVE_FWRITE_UNLOCKED 1
#define HAVE_GETCHAR_UNLOCKED 1
#define HAVE_GETC_UNLOCKED 1
#define HAVE_PUTCHAR_UNLOCKED 1
#define HAVE_PUTC_UNLOCKED 1
#define HAVE_DECL_ABORT 1
#define HAVE_DECL_ASPRINTF 1
#define HAVE_DECL_BASENAME 1
#define HAVE_DECL_ERRNO 0
#define HAVE_DECL_VASPRINTF 1
#define HAVE_DECL_MEMMEM 1
#define HAVE_DECL_CLEARERR_UNLOCKED 1
#define HAVE_DECL_FEOF_UNLOCKED 1
#define HAVE_DECL_FERROR_UNLOCKED 1
#define HAVE_DECL_FFLUSH_UNLOCKED 1
#define HAVE_DECL_FGETC_UNLOCKED 1
#define HAVE_DECL_FGETS_UNLOCKED 1
#define HAVE_DECL_FILENO_UNLOCKED 1
#define HAVE_DECL_FPRINTF_UNLOCKED 0
#define HAVE_DECL_FPUTC_UNLOCKED 1
#define HAVE_DECL_FPUTS_UNLOCKED 1
#define HAVE_DECL_FREAD_UNLOCKED 1
#define HAVE_DECL_FWRITE_UNLOCKED 1
#define HAVE_DECL_GETCHAR_UNLOCKED 1
#define HAVE_DECL_GETC_UNLOCKED 1
#define HAVE_DECL_PUTCHAR_UNLOCKED 1
#define HAVE_DECL_PUTC_UNLOCKED 1
#define HAVE_MMAP_FILE 1
#define HAVE_MMAP_DEV_ZERO 1
#define HAVE_MMAP_ANON 1
#define SED_PROGRAM "/usr/bin/sed"

configure: exit 0
