This file contains any messages produced by compilers while
running configure, to aid debugging if configure makes a mistake.

It was created by package-unused configure version-unused, which was
generated by GNU Autoconf 2.69.  Invocation command line was

  $ /data/gcc/libbacktrace/configure --srcdir=../../libbacktrace --cache-file=./config.cache --prefix=/data/gcc/build/out --enable-stage1-languages=c --disable-multilib --disable-debug --disable-profiling --disable-doc --disable-libitm --disable-libsanitizer --disable-libquadmath --disable-libgomp --disable-plugins --disable-lto --enable-static --disable-shared --without-isl --without-cloog --without-c++tools --enable-languages=c,c++ --program-transform-name=s,y,y, --disable-option-checking --build=x86_64-pc-linux-gnu --host=x86_64-pc-linux-gnu --target=x86_64-pc-linux-gnu --disable-intermodule --enable-checking=yes,types --disable-coverage --enable-languages=c,c++ --disable-build-format-warnings

## --------- ##
## Platform. ##
## --------- ##

hostname = wisper-UOSx64
uname -m = x86_64
uname -r = 5.10.0-amd64-desktop
uname -s = Linux
uname -v = #20.00.61.00-release SMP Thu Jul 20 15:49:09 CST 2023

/usr/bin/uname -p = unknown
/bin/uname -X     = unknown

/bin/arch              = x86_64
/usr/bin/arch -k       = unknown
/usr/convex/getsysinfo = unknown
/usr/bin/hostinfo      = unknown
/bin/machine           = unknown
/usr/bin/oslevel       = unknown
/bin/universe          = unknown

PATH: /usr/share/safe-rm/bin
PATH: /usr/local/sbin
PATH: /usr/local/bin
PATH: /usr/sbin
PATH: /usr/bin
PATH: /sbin
PATH: /bin


## ----------- ##
## Core tests. ##
## ----------- ##

configure:2463: creating cache ./config.cache
configure:2616: checking build system type
configure:2630: result: x86_64-pc-linux-gnu
configure:2650: checking host system type
configure:2663: result: x86_64-pc-linux-gnu
configure:2683: checking target system type
configure:2696: result: x86_64-pc-linux-gnu
configure:2736: checking for x86_64-pc-linux-gnu-gcc
configure:2763: result: gcc
configure:3032: checking for C compiler version
configure:3041: gcc --version >&5
gcc (GCC) 12.4.0
Copyright (C) 2022 Free Software Foundation, Inc.
This is free software; see the source for copying conditions.  There is NO
warranty; not even for MERCHANTABILITY or FITNESS FOR A PARTICULAR PURPOSE.

configure:3052: $? = 0
configure:3041: gcc -v >&5
Using built-in specs.
COLLECT_GCC=gcc
COLLECT_LTO_WRAPPER=/usr/local/libexec/gcc/x86_64-pc-linux-gnu/12.4.0/lto-wrapper
Target: x86_64-pc-linux-gnu
Configured with: ../configure --disable-multilib
Thread model: posix
Supported LTO compression algorithms: zlib
gcc version 12.4.0 (GCC) 
configure:3052: $? = 0
configure:3041: gcc -V >&5
gcc: error: unrecognized command-line option '-V'
gcc: fatal error: no input files
compilation terminated.
configure:3052: $? = 1
configure:3041: gcc -qversion >&5
gcc: error: unrecognized command-line option '-qversion'; did you mean '--version'?
gcc: fatal error: no input files
compilation terminated.
configure:3052: $? = 1
configure:3072: checking whether the C compiler works
configure:3094: gcc -g  -static-libstdc++ -static-libgcc  conftest.c  >&5
configure:3098: $? = 0
configure:3146: result: yes
configure:3149: checking for C compiler default output file name
configure:3151: result: a.out
configure:3157: checking for suffix of executables
configure:3164: gcc -o conftest -g  -static-libstdc++ -static-libgcc  conftest.c  >&5
configure:3168: $? = 0
configure:3190: result: 
configure:3212: checking whether we are cross compiling
configure:3220: gcc -o conftest -g  -static-libstdc++ -static-libgcc  conftest.c  >&5
configure:3224: $? = 0
configure:3231: ./conftest
configure:3235: $? = 0
configure:3223: result: no
configure:3228: checking for suffix of object files
configure:3250: gcc -c -g  conftest.c >&5
configure:3254: $? = 0
configure:3275: result: o
configure:3279: checking whether we are using the GNU C compiler
configure:3298: gcc -c -g  conftest.c >&5
configure:3298: $? = 0
configure:3307: result: yes
configure:3316: checking whether gcc accepts -g
configure:3336: gcc -c -g  conftest.c >&5
configure:3336: $? = 0
configure:3377: result: yes
configure:3394: checking for gcc option to accept ISO C89
configure:3457: gcc  -c -g  conftest.c >&5
configure:3457: $? = 0
configure:3470: result: none needed
configure:3495: checking whether gcc understands -c and -o together
configure:3517: gcc -c conftest.c -o conftest2.o
configure:3520: $? = 0
configure:3517: gcc -c conftest.c -o conftest2.o
configure:3520: $? = 0
configure:3532: result: yes
configure:3555: checking how to run the C preprocessor
configure:3586: gcc -E  conftest.c
configure:3586: $? = 0
configure:3600: gcc -E  conftest.c
conftest.c:9:10: fatal error: ac_nonexistent.h: No such file or directory
    9 | #include <ac_nonexistent.h>
      |          ^~~~~~~~~~~~~~~~~~
compilation terminated.
configure:3600: $? = 1
configure: failed program was:
| /* confdefs.h */
| #define PACKAGE_NAME "package-unused"
| #define PACKAGE_TARNAME "libbacktrace"
| #define PACKAGE_VERSION "version-unused"
| #define PACKAGE_STRING "package-unused version-unused"
| #define PACKAGE_BUGREPORT ""
| #define PACKAGE_URL ""
| /* end confdefs.h.  */
| #include <ac_nonexistent.h>
configure:3625: result: gcc -E
configure:3645: gcc -E  conftest.c
configure:3645: $? = 0
configure:3659: gcc -E  conftest.c
conftest.c:9:10: fatal error: ac_nonexistent.h: No such file or directory
    9 | #include <ac_nonexistent.h>
      |          ^~~~~~~~~~~~~~~~~~
compilation terminated.
configure:3659: $? = 1
configure: failed program was:
| /* confdefs.h */
| #define PACKAGE_NAME "package-unused"
| #define PACKAGE_TARNAME "libbacktrace"
| #define PACKAGE_VERSION "version-unused"
| #define PACKAGE_STRING "package-unused version-unused"
| #define PACKAGE_BUGREPORT ""
| #define PACKAGE_URL ""
| /* end confdefs.h.  */
| #include <ac_nonexistent.h>
configure:3688: checking for grep that handles long lines and -e
configure:3746: result: /usr/bin/grep
configure:3751: checking for egrep
configure:3813: result: /usr/bin/grep -E
configure:3818: checking for ANSI C header files
configure:3838: gcc -c -g  conftest.c >&5
configure:3838: $? = 0
configure:3911: gcc -o conftest -g  -static-libstdc++ -static-libgcc  conftest.c  >&5
configure:3911: $? = 0
configure:3911: ./conftest
configure:3911: $? = 0
configure:3922: result: yes
configure:3935: checking for sys/types.h
configure:3935: gcc -c -g  conftest.c >&5
configure:3935: $? = 0
configure:3935: result: yes
configure:3935: checking for sys/stat.h
configure:3935: gcc -c -g  conftest.c >&5
configure:3935: $? = 0
configure:3935: result: yes
configure:3935: checking for stdlib.h
configure:3935: gcc -c -g  conftest.c >&5
configure:3935: $? = 0
configure:3935: result: yes
configure:3935: checking for string.h
configure:3935: gcc -c -g  conftest.c >&5
configure:3935: $? = 0
configure:3935: result: yes
configure:3935: checking for memory.h
configure:3935: gcc -c -g  conftest.c >&5
configure:3935: $? = 0
configure:3935: result: yes
configure:3935: checking for strings.h
configure:3935: gcc -c -g  conftest.c >&5
configure:3935: $? = 0
configure:3935: result: yes
configure:3935: checking for inttypes.h
configure:3935: gcc -c -g  conftest.c >&5
configure:3935: $? = 0
configure:3935: result: yes
configure:3935: checking for stdint.h
configure:3935: gcc -c -g  conftest.c >&5
configure:3935: $? = 0
configure:3935: result: yes
configure:3935: checking for unistd.h
configure:3935: gcc -c -g  conftest.c >&5
configure:3935: $? = 0
configure:3935: result: yes
configure:3948: checking minix/config.h usability
configure:3948: gcc -c -g  conftest.c >&5
conftest.c:52:10: fatal error: minix/config.h: No such file or directory
   52 | #include <minix/config.h>
      |          ^~~~~~~~~~~~~~~~
compilation terminated.
configure:3948: $? = 1
configure: failed program was:
| /* confdefs.h */
| #define PACKAGE_NAME "package-unused"
| #define PACKAGE_TARNAME "libbacktrace"
| #define PACKAGE_VERSION "version-unused"
| #define PACKAGE_STRING "package-unused version-unused"
| #define PACKAGE_BUGREPORT ""
| #define PACKAGE_URL ""
| #define STDC_HEADERS 1
| #define HAVE_SYS_TYPES_H 1
| #define HAVE_SYS_STAT_H 1
| #define HAVE_STDLIB_H 1
| #define HAVE_STRING_H 1
| #define HAVE_MEMORY_H 1
| #define HAVE_STRINGS_H 1
| #define HAVE_INTTYPES_H 1
| #define HAVE_STDINT_H 1
| #define HAVE_UNISTD_H 1
| /* end confdefs.h.  */
| #include <stdio.h>
| #ifdef HAVE_SYS_TYPES_H
| # include <sys/types.h>
| #endif
| #ifdef HAVE_SYS_STAT_H
| # include <sys/stat.h>
| #endif
| #ifdef STDC_HEADERS
| # include <stdlib.h>
| # include <stddef.h>
| #else
| # ifdef HAVE_STDLIB_H
| #  include <stdlib.h>
| # endif
| #endif
| #ifdef HAVE_STRING_H
| # if !defined STDC_HEADERS && defined HAVE_MEMORY_H
| #  include <memory.h>
| # endif
| # include <string.h>
| #endif
| #ifdef HAVE_STRINGS_H
| # include <strings.h>
| #endif
| #ifdef HAVE_INTTYPES_H
| # include <inttypes.h>
| #endif
| #ifdef HAVE_STDINT_H
| # include <stdint.h>
| #endif
| #ifdef HAVE_UNISTD_H
| # include <unistd.h>
| #endif
| #include <minix/config.h>
configure:3948: result: no
configure:3948: checking minix/config.h presence
configure:3948: gcc -E  conftest.c
conftest.c:19:10: fatal error: minix/config.h: No such file or directory
   19 | #include <minix/config.h>
      |          ^~~~~~~~~~~~~~~~
compilation terminated.
configure:3948: $? = 1
configure: failed program was:
| /* confdefs.h */
| #define PACKAGE_NAME "package-unused"
| #define PACKAGE_TARNAME "libbacktrace"
| #define PACKAGE_VERSION "version-unused"
| #define PACKAGE_STRING "package-unused version-unused"
| #define PACKAGE_BUGREPORT ""
| #define PACKAGE_URL ""
| #define STDC_HEADERS 1
| #define HAVE_SYS_TYPES_H 1
| #define HAVE_SYS_STAT_H 1
| #define HAVE_STDLIB_H 1
| #define HAVE_STRING_H 1
| #define HAVE_MEMORY_H 1
| #define HAVE_STRINGS_H 1
| #define HAVE_INTTYPES_H 1
| #define HAVE_STDINT_H 1
| #define HAVE_UNISTD_H 1
| /* end confdefs.h.  */
| #include <minix/config.h>
configure:3948: result: no
configure:3948: checking for minix/config.h
configure:3948: result: no
configure:3969: checking whether it is safe to define __EXTENSIONS__
configure:3987: gcc -c -g  conftest.c >&5
configure:3987: $? = 0
configure:3994: result: yes
configure:4037: checking for a BSD-compatible install
configure:4105: result: /usr/bin/install -c
configure:4116: checking whether build environment is sane
configure:4171: result: yes
configure:4317: checking for a thread-safe mkdir -p
configure:4356: result: /usr/bin/mkdir -p
configure:4363: checking for gawk
configure:4390: result: gawk
configure:4401: checking whether make sets $(MAKE)
configure:4423: result: yes
configure:4452: checking whether make supports nested variables
configure:4469: result: yes
configure:4588: checking whether to enable maintainer-specific portions of Makefiles
configure:4597: result: no
configure:4631: checking for x86_64-pc-linux-gnu-gcc
configure:4658: result: gcc
configure:4927: checking for C compiler version
configure:4936: gcc --version >&5
gcc (GCC) 12.4.0
Copyright (C) 2022 Free Software Foundation, Inc.
This is free software; see the source for copying conditions.  There is NO
warranty; not even for MERCHANTABILITY or FITNESS FOR A PARTICULAR PURPOSE.

configure:4947: $? = 0
configure:4936: gcc -v >&5
Using built-in specs.
COLLECT_GCC=gcc
COLLECT_LTO_WRAPPER=/usr/local/libexec/gcc/x86_64-pc-linux-gnu/12.4.0/lto-wrapper
Target: x86_64-pc-linux-gnu
Configured with: ../configure --disable-multilib
Thread model: posix
Supported LTO compression algorithms: zlib
gcc version 12.4.0 (GCC) 
configure:4947: $? = 0
configure:4936: gcc -V >&5
gcc: error: unrecognized command-line option '-V'
gcc: fatal error: no input files
compilation terminated.
configure:4947: $? = 1
configure:4936: gcc -qversion >&5
gcc: error: unrecognized command-line option '-qversion'; did you mean '--version'?
gcc: fatal error: no input files
compilation terminated.
configure:4947: $? = 1
configure:4951: checking whether we are using the GNU C compiler
configure:4979: result: yes
configure:4988: checking whether gcc accepts -g
configure:5049: result: yes
configure:5066: checking for gcc option to accept ISO C89
configure:5142: result: none needed
configure:5167: checking whether gcc understands -c and -o together
configure:5204: result: yes
configure:5228: checking for x86_64-pc-linux-gnu-ranlib
configure:5255: result: ranlib
configure:5322: checking for gawk
configure:5349: result: gawk
configure:5366: checking for dwz
configure:5382: found /usr/bin/dwz
configure:5393: result: dwz
configure:5456: checking how to print strings
configure:5483: result: printf
configure:5504: checking for a sed that does not truncate output
configure:5568: result: /usr/bin/sed
configure:5586: checking for fgrep
configure:5648: result: /usr/bin/grep -F
configure:5683: checking for ld used by gcc
configure:5750: result: ld
configure:5757: checking if the linker (ld) is GNU ld
configure:5772: result: yes
configure:5784: checking for BSD- or MS-compatible name lister (nm)
configure:5833: result: nm
configure:5963: checking the name lister (nm) interface
configure:5970: gcc -c -g  conftest.c >&5
configure:5973: nm "conftest.o"
configure:5976: output
0000000000000000 B some_variable
configure:5977: result: BSD nm
configure:5980: checking whether ln -s works
configure:5984: result: yes
configure:5992: checking the maximum length of command line arguments
configure:6117: result: 1572864
configure:6134: checking whether the shell understands some XSI constructs
configure:6143: result: yes
configure:6147: checking whether the shell understands "+="
configure:6151: result: yes
configure:6186: checking for ld option to reload object files
configure:6193: result: -r
configure:6222: checking for x86_64-pc-linux-gnu-objdump
configure:6249: result: objdump
configure:6321: checking how to recognize dependent libraries
configure:6522: result: pass_all
configure:6542: checking for x86_64-pc-linux-gnu-ar
configure:6569: result: ar
configure:6647: checking for x86_64-pc-linux-gnu-strip
configure:6677: result: no
configure:6687: checking for strip
configure:6703: found /usr/bin/strip
configure:6714: result: strip
configure:6746: checking for x86_64-pc-linux-gnu-ranlib
configure:6773: result: ranlib
configure:6915: checking command to parse nm output from gcc object
configure:7033: gcc -c -g  conftest.c >&5
configure:7036: $? = 0
configure:7040: nm conftest.o \| sed -n -e 's/^.*[ ]\([ABCDGIRSTW][ABCDGIRSTW]*\)[ ][ ]*\([_A-Za-z][_A-Za-z0-9]*\)$/\1 \2 \2/p' \> conftest.nm
configure:7043: $? = 0
configure:7097: gcc -o conftest -g  -static-libstdc++ -static-libgcc  conftest.c conftstm.o >&5
configure:7100: $? = 0
configure:7138: result: ok
configure:7233: gcc -c -g  conftest.c >&5
configure:7236: $? = 0
configure:7988: checking for dlfcn.h
configure:7988: gcc -c -g  conftest.c >&5
configure:7988: $? = 0
configure:7988: result: yes
configure:8175: checking for objdir
configure:8190: result: .libs
configure:8461: checking if gcc supports -fno-rtti -fno-exceptions
configure:8479: gcc -c -g  -fno-rtti -fno-exceptions conftest.c >&5
cc1: warning: command-line option '-fno-rtti' is valid for C++/D/ObjC++ but not for C
configure:8483: $? = 0
configure:8496: result: no
configure:8516: checking for gcc option to produce PIC
configure:8802: result: -fPIC -DPIC
configure:8814: checking if gcc PIC flag -fPIC -DPIC works
configure:8832: gcc -c -g  -fPIC -DPIC -DPIC conftest.c >&5
configure:8836: $? = 0
configure:8849: result: yes
configure:8873: checking if gcc static flag -static works
configure:8901: result: yes
configure:8916: checking if gcc supports -c -o file.o
configure:8937: gcc -c -g  -o out/conftest2.o conftest.c >&5
configure:8941: $? = 0
configure:8963: result: yes
configure:8971: checking if gcc supports -c -o file.o
configure:9018: result: yes
configure:9051: checking whether the gcc linker (ld -m elf_x86_64) supports shared libraries
configure:10122: result: yes
configure:10367: checking dynamic linker characteristics
configure:10813: gcc -o conftest -g  -static-libstdc++ -static-libgcc  -Wl,-rpath -Wl,/foo conftest.c  >&5
configure:10813: $? = 0
configure:11035: result: GNU/Linux ld.so
configure:11142: checking how to hardcode library paths into programs
configure:11167: result: immediate
configure:11707: checking whether stripping libraries is possible
configure:11712: result: yes
configure:11747: checking if libtool supports shared libraries
configure:11749: result: yes
configure:11752: checking whether to build shared libraries
configure:11773: result: no
configure:11776: checking whether to build static libraries
configure:11780: result: yes
configure:8976: checking for special C compiler options needed for large files
configure:9021: result: no
configure:9027: checking for _FILE_OFFSET_BITS value needed for large files
configure:9052: gcc -c -g  conftest.c >&5
configure:9052: $? = 0
configure:9084: result: no
configure:9177: checking unwind.h usability
configure:9177: gcc -c -g  conftest.c >&5
configure:9177: $? = 0
configure:9177: result: yes
configure:9177: checking unwind.h presence
configure:9177: gcc -E  conftest.c
configure:9177: $? = 0
configure:9177: result: yes
configure:9177: checking for unwind.h
configure:9177: result: yes
configure:9179: checking for _Unwind_Backtrace
configure:9179: gcc -o conftest -g  -static-libstdc++ -static-libgcc  conftest.c  >&5
configure:9179: $? = 0
configure:9179: result: yes
configure:9200: checking for -funwind-tables option
configure:9218: gcc -c -g -funwind-tables  conftest.c >&5
configure:9218: $? = 0
configure:9226: result: yes
configure:9231: checking for -frandom-seed=string option
configure:9249: gcc -c -g -frandom-seed=conftest.lo  conftest.c >&5
configure:9249: $? = 0
configure:9257: result: yes
configure:9374: checking whether gcc supports -W
configure:9391: gcc -c -W  conftest.c >&5
configure:9391: $? = 0
configure:9400: result: yes
configure:9374: checking whether gcc supports -Wall
configure:9391: gcc -c -Wall  conftest.c >&5
configure:9391: $? = 0
configure:9400: result: yes
configure:9374: checking whether gcc supports -Wwrite-strings
configure:9391: gcc -c -Wwrite-strings  conftest.c >&5
configure:9391: $? = 0
configure:9400: result: yes
configure:9374: checking whether gcc supports -Wstrict-prototypes
configure:9391: gcc -c -Wstrict-prototypes  conftest.c >&5
conftest.c:28:1: warning: function declaration isn't a prototype [-Wstrict-prototypes]
   28 | main ()
      | ^~~~
configure:9391: $? = 0
configure:9400: result: yes
configure:9374: checking whether gcc supports -Wmissing-prototypes
configure:9391: gcc -c -Wmissing-prototypes  conftest.c >&5
configure:9391: $? = 0
configure:9400: result: yes
configure:9374: checking whether gcc supports -Wold-style-definition
configure:9391: gcc -c -Wold-style-definition  conftest.c >&5
conftest.c: In function 'main':
conftest.c:28:1: warning: old-style function definition [-Wold-style-definition]
   28 | main ()
      | ^~~~
configure:9391: $? = 0
configure:9400: result: yes
configure:9374: checking whether gcc supports -Wmissing-format-attribute
configure:9391: gcc -c -Wmissing-format-attribute  conftest.c >&5
configure:9391: $? = 0
configure:9400: result: yes
configure:9374: checking whether gcc supports -Wcast-qual
configure:9391: gcc -c -Wcast-qual  conftest.c >&5
configure:9391: $? = 0
configure:9400: result: yes
configure:9465: checking for _Unwind_GetIPInfo
configure:9480: gcc -o conftest -g -Werror-implicit-function-declaration  -static-libstdc++ -static-libgcc  conftest.c  >&5
configure:9480: $? = 0
configure:9488: result: yes
configure:9521: checking for CET support
configure:9550: gcc -c -g -fcf-protection  conftest.c >&5
configure:9550: $? = 0
configure:9616: gcc -o conftest -g -fcf-protection=none  -static-libstdc++ -static-libgcc  -Wl,-z,ibt,-z,shstk conftest.c  >&5
configure:9616: $? = 0
configure:9644: gcc -o conftest -g -fcf-protection=none  -static-libstdc++ -static-libgcc  -Wl,-z,ibt,-z,shstk conftest.c  >&5
configure:9644: $? = 0
configure:9644: ./conftest
configure:9644: $? = 0
configure:9691: gcc -o conftest -g -fcf-protection=none  -static-libstdc++ -static-libgcc  -Wl,-z,ibt,-z,shstk conftest.c  >&5
configure:9691: $? = 0
configure:9691: ./conftest
configure:9691: $? = 0
configure:9712: result: yes
configure:9731: checking __sync extensions
configure:9755: gcc -o conftest -g  -static-libstdc++ -static-libgcc  conftest.c  >&5
configure:9755: $? = 0
configure:9764: result: yes
configure:9776: checking __atomic extensions
configure:9796: gcc -o conftest -g  -static-libstdc++ -static-libgcc  conftest.c  >&5
configure:9796: $? = 0
configure:9805: result: yes
configure:9816: checking output filetype
configure:9833: gcc -c -g  conftest.c >&5
configure:9833: $? = 0
configure:9844: result: elf64
configure:9926: checking for uintmax_t
configure:9926: gcc -c -g  conftest.c >&5
configure:9926: $? = 0
configure:9926: gcc -c -g  conftest.c >&5
conftest.c: In function 'main':
conftest.c:37:24: error: expected expression before ')' token
   37 | if (sizeof ((uintmax_t)))
      |                        ^
configure:9926: $? = 1
configure: failed program was:
| /* confdefs.h */
| #define PACKAGE_NAME "package-unused"
| #define PACKAGE_TARNAME "libbacktrace"
| #define PACKAGE_VERSION "version-unused"
| #define PACKAGE_STRING "package-unused version-unused"
| #define PACKAGE_BUGREPORT ""
| #define PACKAGE_URL ""
| #define STDC_HEADERS 1
| #define HAVE_SYS_TYPES_H 1
| #define HAVE_SYS_STAT_H 1
| #define HAVE_STDLIB_H 1
| #define HAVE_STRING_H 1
| #define HAVE_MEMORY_H 1
| #define HAVE_STRINGS_H 1
| #define HAVE_INTTYPES_H 1
| #define HAVE_STDINT_H 1
| #define HAVE_UNISTD_H 1
| #define __EXTENSIONS__ 1
| #define _ALL_SOURCE 1
| #define _GNU_SOURCE 1
| #define _POSIX_PTHREAD_SEMANTICS 1
| #define _TANDEM_SOURCE 1
| #define HAVE_DLFCN_H 1
| #define LT_OBJDIR ".libs/"
| #define HAVE_GETIPINFO 1
| #define HAVE_SYNC_FUNCTIONS 1
| #define HAVE_ATOMIC_FUNCTIONS 1
| #define BACKTRACE_ELF_SIZE 64
| #define BACKTRACE_XCOFF_SIZE unused
| /* end confdefs.h.  */
| #include <sys/types.h>
| #include <stdint.h>
| 
| int
| main ()
| {
| if (sizeof ((uintmax_t)))
| 	    return 0;
|   ;
|   return 0;
| }
configure:9926: result: yes
configure:9935: checking for uintptr_t
configure:9935: gcc -c -g  conftest.c >&5
configure:9935: $? = 0
configure:9935: gcc -c -g  conftest.c >&5
conftest.c: In function 'main':
conftest.c:37:24: error: expected expression before ')' token
   37 | if (sizeof ((uintptr_t)))
      |                        ^
configure:9935: $? = 1
configure: failed program was:
| /* confdefs.h */
| #define PACKAGE_NAME "package-unused"
| #define PACKAGE_TARNAME "libbacktrace"
| #define PACKAGE_VERSION "version-unused"
| #define PACKAGE_STRING "package-unused version-unused"
| #define PACKAGE_BUGREPORT ""
| #define PACKAGE_URL ""
| #define STDC_HEADERS 1
| #define HAVE_SYS_TYPES_H 1
| #define HAVE_SYS_STAT_H 1
| #define HAVE_STDLIB_H 1
| #define HAVE_STRING_H 1
| #define HAVE_MEMORY_H 1
| #define HAVE_STRINGS_H 1
| #define HAVE_INTTYPES_H 1
| #define HAVE_STDINT_H 1
| #define HAVE_UNISTD_H 1
| #define __EXTENSIONS__ 1
| #define _ALL_SOURCE 1
| #define _GNU_SOURCE 1
| #define _POSIX_PTHREAD_SEMANTICS 1
| #define _TANDEM_SOURCE 1
| #define HAVE_DLFCN_H 1
| #define LT_OBJDIR ".libs/"
| #define HAVE_GETIPINFO 1
| #define HAVE_SYNC_FUNCTIONS 1
| #define HAVE_ATOMIC_FUNCTIONS 1
| #define BACKTRACE_ELF_SIZE 64
| #define BACKTRACE_XCOFF_SIZE unused
| /* end confdefs.h.  */
| #include <sys/types.h>
| #include <stdint.h>
| 
| int
| main ()
| {
| if (sizeof ((uintptr_t)))
| 	    return 0;
|   ;
|   return 0;
| }
configure:9935: result: yes
configure:9944: checking for int_least32_t
configure:9944: gcc -c -g  conftest.c >&5
configure:9944: $? = 0
configure:9944: gcc -c -g  conftest.c >&5
conftest.c: In function 'main':
conftest.c:37:28: error: expected expression before ')' token
   37 | if (sizeof ((int_least32_t)))
      |                            ^
configure:9944: $? = 1
configure: failed program was:
| /* confdefs.h */
| #define PACKAGE_NAME "package-unused"
| #define PACKAGE_TARNAME "libbacktrace"
| #define PACKAGE_VERSION "version-unused"
| #define PACKAGE_STRING "package-unused version-unused"
| #define PACKAGE_BUGREPORT ""
| #define PACKAGE_URL ""
| #define STDC_HEADERS 1
| #define HAVE_SYS_TYPES_H 1
| #define HAVE_SYS_STAT_H 1
| #define HAVE_STDLIB_H 1
| #define HAVE_STRING_H 1
| #define HAVE_MEMORY_H 1
| #define HAVE_STRINGS_H 1
| #define HAVE_INTTYPES_H 1
| #define HAVE_STDINT_H 1
| #define HAVE_UNISTD_H 1
| #define __EXTENSIONS__ 1
| #define _ALL_SOURCE 1
| #define _GNU_SOURCE 1
| #define _POSIX_PTHREAD_SEMANTICS 1
| #define _TANDEM_SOURCE 1
| #define HAVE_DLFCN_H 1
| #define LT_OBJDIR ".libs/"
| #define HAVE_GETIPINFO 1
| #define HAVE_SYNC_FUNCTIONS 1
| #define HAVE_ATOMIC_FUNCTIONS 1
| #define BACKTRACE_ELF_SIZE 64
| #define BACKTRACE_XCOFF_SIZE unused
| /* end confdefs.h.  */
| #include <sys/types.h>
| #include <stdint.h>
| 
| int
| main ()
| {
| if (sizeof ((int_least32_t)))
| 	    return 0;
|   ;
|   return 0;
| }
configure:9944: result: yes
configure:9953: checking for int_fast32_t
configure:9953: gcc -c -g  conftest.c >&5
configure:9953: $? = 0
configure:9953: gcc -c -g  conftest.c >&5
conftest.c: In function 'main':
conftest.c:37:27: error: expected expression before ')' token
   37 | if (sizeof ((int_fast32_t)))
      |                           ^
configure:9953: $? = 1
configure: failed program was:
| /* confdefs.h */
| #define PACKAGE_NAME "package-unused"
| #define PACKAGE_TARNAME "libbacktrace"
| #define PACKAGE_VERSION "version-unused"
| #define PACKAGE_STRING "package-unused version-unused"
| #define PACKAGE_BUGREPORT ""
| #define PACKAGE_URL ""
| #define STDC_HEADERS 1
| #define HAVE_SYS_TYPES_H 1
| #define HAVE_SYS_STAT_H 1
| #define HAVE_STDLIB_H 1
| #define HAVE_STRING_H 1
| #define HAVE_MEMORY_H 1
| #define HAVE_STRINGS_H 1
| #define HAVE_INTTYPES_H 1
| #define HAVE_STDINT_H 1
| #define HAVE_UNISTD_H 1
| #define __EXTENSIONS__ 1
| #define _ALL_SOURCE 1
| #define _GNU_SOURCE 1
| #define _POSIX_PTHREAD_SEMANTICS 1
| #define _TANDEM_SOURCE 1
| #define HAVE_DLFCN_H 1
| #define LT_OBJDIR ".libs/"
| #define HAVE_GETIPINFO 1
| #define HAVE_SYNC_FUNCTIONS 1
| #define HAVE_ATOMIC_FUNCTIONS 1
| #define BACKTRACE_ELF_SIZE 64
| #define BACKTRACE_XCOFF_SIZE unused
| /* end confdefs.h.  */
| #include <sys/types.h>
| #include <stdint.h>
| 
| int
| main ()
| {
| if (sizeof ((int_fast32_t)))
| 	    return 0;
|   ;
|   return 0;
| }
configure:9953: result: yes
configure:9962: checking for uint64_t
configure:9962: gcc -c -g  conftest.c >&5
configure:9962: $? = 0
configure:9962: gcc -c -g  conftest.c >&5
conftest.c: In function 'main':
conftest.c:37:23: error: expected expression before ')' token
   37 | if (sizeof ((uint64_t)))
      |                       ^
configure:9962: $? = 1
configure: failed program was:
| /* confdefs.h */
| #define PACKAGE_NAME "package-unused"
| #define PACKAGE_TARNAME "libbacktrace"
| #define PACKAGE_VERSION "version-unused"
| #define PACKAGE_STRING "package-unused version-unused"
| #define PACKAGE_BUGREPORT ""
| #define PACKAGE_URL ""
| #define STDC_HEADERS 1
| #define HAVE_SYS_TYPES_H 1
| #define HAVE_SYS_STAT_H 1
| #define HAVE_STDLIB_H 1
| #define HAVE_STRING_H 1
| #define HAVE_MEMORY_H 1
| #define HAVE_STRINGS_H 1
| #define HAVE_INTTYPES_H 1
| #define HAVE_STDINT_H 1
| #define HAVE_UNISTD_H 1
| #define __EXTENSIONS__ 1
| #define _ALL_SOURCE 1
| #define _GNU_SOURCE 1
| #define _POSIX_PTHREAD_SEMANTICS 1
| #define _TANDEM_SOURCE 1
| #define HAVE_DLFCN_H 1
| #define LT_OBJDIR ".libs/"
| #define HAVE_GETIPINFO 1
| #define HAVE_SYNC_FUNCTIONS 1
| #define HAVE_ATOMIC_FUNCTIONS 1
| #define BACKTRACE_ELF_SIZE 64
| #define BACKTRACE_XCOFF_SIZE unused
| /* end confdefs.h.  */
| #include <sys/types.h>
| #include <stdint.h>
| 
| int
| main ()
| {
| if (sizeof ((uint64_t)))
| 	    return 0;
|   ;
|   return 0;
| }
configure:9962: result: yes
configure:10043: checking what to include in gstdint.h
configure:10071: result: stdint.h (already complete)
configure:10317: checking sys/mman.h usability
configure:10317: gcc -c -g  conftest.c >&5
configure:10317: $? = 0
configure:10317: result: yes
configure:10317: checking sys/mman.h presence
configure:10317: gcc -E  conftest.c
configure:10317: $? = 0
configure:10317: result: yes
configure:10317: checking for sys/mman.h
configure:10317: result: yes
configure:10340: checking for mmap
configure:10340: gcc -o conftest -g  -static-libstdc++ -static-libgcc  conftest.c  >&5
configure:10340: $? = 0
configure:10340: result: yes
configure:10363: gcc -E  conftest.c
configure:10363: $? = 0
configure:10382: checking link.h usability
configure:10382: gcc -c -g  conftest.c >&5
configure:10382: $? = 0
configure:10382: result: yes
configure:10382: checking link.h presence
configure:10382: gcc -E  conftest.c
configure:10382: $? = 0
configure:10382: result: yes
configure:10382: checking for link.h
configure:10382: result: yes
configure:10411: checking for dl_iterate_phdr
configure:10411: gcc -o conftest -g  -static-libstdc++ -static-libgcc  conftest.c  >&5
configure:10411: $? = 0
configure:10411: result: yes
configure:10429: checking mach-o/dyld.h usability
configure:10429: gcc -c -g  conftest.c >&5
conftest.c:67:10: fatal error: mach-o/dyld.h: No such file or directory
   67 | #include <mach-o/dyld.h>
      |          ^~~~~~~~~~~~~~~
compilation terminated.
configure:10429: $? = 1
configure: failed program was:
| /* confdefs.h */
| #define PACKAGE_NAME "package-unused"
| #define PACKAGE_TARNAME "libbacktrace"
| #define PACKAGE_VERSION "version-unused"
| #define PACKAGE_STRING "package-unused version-unused"
| #define PACKAGE_BUGREPORT ""
| #define PACKAGE_URL ""
| #define STDC_HEADERS 1
| #define HAVE_SYS_TYPES_H 1
| #define HAVE_SYS_STAT_H 1
| #define HAVE_STDLIB_H 1
| #define HAVE_STRING_H 1
| #define HAVE_MEMORY_H 1
| #define HAVE_STRINGS_H 1
| #define HAVE_INTTYPES_H 1
| #define HAVE_STDINT_H 1
| #define HAVE_UNISTD_H 1
| #define __EXTENSIONS__ 1
| #define _ALL_SOURCE 1
| #define _GNU_SOURCE 1
| #define _POSIX_PTHREAD_SEMANTICS 1
| #define _TANDEM_SOURCE 1
| #define HAVE_DLFCN_H 1
| #define LT_OBJDIR ".libs/"
| #define HAVE_GETIPINFO 1
| #define HAVE_SYNC_FUNCTIONS 1
| #define HAVE_ATOMIC_FUNCTIONS 1
| #define BACKTRACE_ELF_SIZE 64
| #define BACKTRACE_XCOFF_SIZE unused
| #define HAVE_SYS_MMAN_H 1
| #define HAVE_LINK_H 1
| #define HAVE_DL_ITERATE_PHDR 1
| /* end confdefs.h.  */
| #include <stdio.h>
| #ifdef HAVE_SYS_TYPES_H
| # include <sys/types.h>
| #endif
| #ifdef HAVE_SYS_STAT_H
| # include <sys/stat.h>
| #endif
| #ifdef STDC_HEADERS
| # include <stdlib.h>
| # include <stddef.h>
| #else
| # ifdef HAVE_STDLIB_H
| #  include <stdlib.h>
| # endif
| #endif
| #ifdef HAVE_STRING_H
| # if !defined STDC_HEADERS && defined HAVE_MEMORY_H
| #  include <memory.h>
| # endif
| # include <string.h>
| #endif
| #ifdef HAVE_STRINGS_H
| # include <strings.h>
| #endif
| #ifdef HAVE_INTTYPES_H
| # include <inttypes.h>
| #endif
| #ifdef HAVE_STDINT_H
| # include <stdint.h>
| #endif
| #ifdef HAVE_UNISTD_H
| # include <unistd.h>
| #endif
| #include <mach-o/dyld.h>
configure:10429: result: no
configure:10429: checking mach-o/dyld.h presence
configure:10429: gcc -E  conftest.c
conftest.c:34:10: fatal error: mach-o/dyld.h: No such file or directory
   34 | #include <mach-o/dyld.h>
      |          ^~~~~~~~~~~~~~~
compilation terminated.
configure:10429: $? = 1
configure: failed program was:
| /* confdefs.h */
| #define PACKAGE_NAME "package-unused"
| #define PACKAGE_TARNAME "libbacktrace"
| #define PACKAGE_VERSION "version-unused"
| #define PACKAGE_STRING "package-unused version-unused"
| #define PACKAGE_BUGREPORT ""
| #define PACKAGE_URL ""
| #define STDC_HEADERS 1
| #define HAVE_SYS_TYPES_H 1
| #define HAVE_SYS_STAT_H 1
| #define HAVE_STDLIB_H 1
| #define HAVE_STRING_H 1
| #define HAVE_MEMORY_H 1
| #define HAVE_STRINGS_H 1
| #define HAVE_INTTYPES_H 1
| #define HAVE_STDINT_H 1
| #define HAVE_UNISTD_H 1
| #define __EXTENSIONS__ 1
| #define _ALL_SOURCE 1
| #define _GNU_SOURCE 1
| #define _POSIX_PTHREAD_SEMANTICS 1
| #define _TANDEM_SOURCE 1
| #define HAVE_DLFCN_H 1
| #define LT_OBJDIR ".libs/"
| #define HAVE_GETIPINFO 1
| #define HAVE_SYNC_FUNCTIONS 1
| #define HAVE_ATOMIC_FUNCTIONS 1
| #define BACKTRACE_ELF_SIZE 64
| #define BACKTRACE_XCOFF_SIZE unused
| #define HAVE_SYS_MMAN_H 1
| #define HAVE_LINK_H 1
| #define HAVE_DL_ITERATE_PHDR 1
| /* end confdefs.h.  */
| #include <mach-o/dyld.h>
configure:10429: result: no
configure:10429: checking for mach-o/dyld.h
configure:10429: result: no
configure:10443: checking sys/ldr.h usability
configure:10443: gcc -c -g  conftest.c >&5
conftest.c:67:10: fatal error: sys/ldr.h: No such file or directory
   67 | #include <sys/ldr.h>
      |          ^~~~~~~~~~~
compilation terminated.
configure:10443: $? = 1
configure: failed program was:
| /* confdefs.h */
| #define PACKAGE_NAME "package-unused"
| #define PACKAGE_TARNAME "libbacktrace"
| #define PACKAGE_VERSION "version-unused"
| #define PACKAGE_STRING "package-unused version-unused"
| #define PACKAGE_BUGREPORT ""
| #define PACKAGE_URL ""
| #define STDC_HEADERS 1
| #define HAVE_SYS_TYPES_H 1
| #define HAVE_SYS_STAT_H 1
| #define HAVE_STDLIB_H 1
| #define HAVE_STRING_H 1
| #define HAVE_MEMORY_H 1
| #define HAVE_STRINGS_H 1
| #define HAVE_INTTYPES_H 1
| #define HAVE_STDINT_H 1
| #define HAVE_UNISTD_H 1
| #define __EXTENSIONS__ 1
| #define _ALL_SOURCE 1
| #define _GNU_SOURCE 1
| #define _POSIX_PTHREAD_SEMANTICS 1
| #define _TANDEM_SOURCE 1
| #define HAVE_DLFCN_H 1
| #define LT_OBJDIR ".libs/"
| #define HAVE_GETIPINFO 1
| #define HAVE_SYNC_FUNCTIONS 1
| #define HAVE_ATOMIC_FUNCTIONS 1
| #define BACKTRACE_ELF_SIZE 64
| #define BACKTRACE_XCOFF_SIZE unused
| #define HAVE_SYS_MMAN_H 1
| #define HAVE_LINK_H 1
| #define HAVE_DL_ITERATE_PHDR 1
| /* end confdefs.h.  */
| #include <stdio.h>
| #ifdef HAVE_SYS_TYPES_H
| # include <sys/types.h>
| #endif
| #ifdef HAVE_SYS_STAT_H
| # include <sys/stat.h>
| #endif
| #ifdef STDC_HEADERS
| # include <stdlib.h>
| # include <stddef.h>
| #else
| # ifdef HAVE_STDLIB_H
| #  include <stdlib.h>
| # endif
| #endif
| #ifdef HAVE_STRING_H
| # if !defined STDC_HEADERS && defined HAVE_MEMORY_H
| #  include <memory.h>
| # endif
| # include <string.h>
| #endif
| #ifdef HAVE_STRINGS_H
| # include <strings.h>
| #endif
| #ifdef HAVE_INTTYPES_H
| # include <inttypes.h>
| #endif
| #ifdef HAVE_STDINT_H
| # include <stdint.h>
| #endif
| #ifdef HAVE_UNISTD_H
| # include <unistd.h>
| #endif
| #include <sys/ldr.h>
configure:10443: result: no
configure:10443: checking sys/ldr.h presence
configure:10443: gcc -E  conftest.c
conftest.c:34:10: fatal error: sys/ldr.h: No such file or directory
   34 | #include <sys/ldr.h>
      |          ^~~~~~~~~~~
compilation terminated.
configure:10443: $? = 1
configure: failed program was:
| /* confdefs.h */
| #define PACKAGE_NAME "package-unused"
| #define PACKAGE_TARNAME "libbacktrace"
| #define PACKAGE_VERSION "version-unused"
| #define PACKAGE_STRING "package-unused version-unused"
| #define PACKAGE_BUGREPORT ""
| #define PACKAGE_URL ""
| #define STDC_HEADERS 1
| #define HAVE_SYS_TYPES_H 1
| #define HAVE_SYS_STAT_H 1
| #define HAVE_STDLIB_H 1
| #define HAVE_STRING_H 1
| #define HAVE_MEMORY_H 1
| #define HAVE_STRINGS_H 1
| #define HAVE_INTTYPES_H 1
| #define HAVE_STDINT_H 1
| #define HAVE_UNISTD_H 1
| #define __EXTENSIONS__ 1
| #define _ALL_SOURCE 1
| #define _GNU_SOURCE 1
| #define _POSIX_PTHREAD_SEMANTICS 1
| #define _TANDEM_SOURCE 1
| #define HAVE_DLFCN_H 1
| #define LT_OBJDIR ".libs/"
| #define HAVE_GETIPINFO 1
| #define HAVE_SYNC_FUNCTIONS 1
| #define HAVE_ATOMIC_FUNCTIONS 1
| #define BACKTRACE_ELF_SIZE 64
| #define BACKTRACE_XCOFF_SIZE unused
| #define HAVE_SYS_MMAN_H 1
| #define HAVE_LINK_H 1
| #define HAVE_DL_ITERATE_PHDR 1
| /* end confdefs.h.  */
| #include <sys/ldr.h>
configure:10443: result: no
configure:10443: checking for sys/ldr.h
configure:10443: result: no
configure:10494: checking for fcntl
configure:10494: gcc -o conftest -g  -static-libstdc++ -static-libgcc  conftest.c  >&5
configure:10494: $? = 0
configure:10494: result: yes
configure:10508: checking whether strnlen is declared
configure:10508: gcc -c -g  conftest.c >&5
configure:10508: $? = 0
configure:10508: result: yes
configure:10518: checking whether getpagesize is declared
configure:10518: gcc -c -g  conftest.c >&5
configure:10518: $? = 0
configure:10518: result: yes
configure:10532: checking for lstat
configure:10532: gcc -o conftest -g  -static-libstdc++ -static-libgcc  conftest.c  >&5
configure:10532: $? = 0
configure:10532: result: yes
configure:10532: checking for readlink
configure:10532: gcc -o conftest -g  -static-libstdc++ -static-libgcc  conftest.c  >&5
configure:10532: $? = 0
configure:10532: result: yes
configure:10549: checking for getexecname
configure:10549: gcc -o conftest -g  -static-libstdc++ -static-libgcc  conftest.c  >&5
/usr/bin/ld: /tmp/ccUF1qty.o: in function `main':
/data/gcc/build/libbacktrace/conftest.c:73: undefined reference to `getexecname'
collect2: error: ld returned 1 exit status
configure:10549: $? = 1
configure: failed program was:
| /* confdefs.h */
| #define PACKAGE_NAME "package-unused"
| #define PACKAGE_TARNAME "libbacktrace"
| #define PACKAGE_VERSION "version-unused"
| #define PACKAGE_STRING "package-unused version-unused"
| #define PACKAGE_BUGREPORT ""
| #define PACKAGE_URL ""
| #define STDC_HEADERS 1
| #define HAVE_SYS_TYPES_H 1
| #define HAVE_SYS_STAT_H 1
| #define HAVE_STDLIB_H 1
| #define HAVE_STRING_H 1
| #define HAVE_MEMORY_H 1
| #define HAVE_STRINGS_H 1
| #define HAVE_INTTYPES_H 1
| #define HAVE_STDINT_H 1
| #define HAVE_UNISTD_H 1
| #define __EXTENSIONS__ 1
| #define _ALL_SOURCE 1
| #define _GNU_SOURCE 1
| #define _POSIX_PTHREAD_SEMANTICS 1
| #define _TANDEM_SOURCE 1
| #define HAVE_DLFCN_H 1
| #define LT_OBJDIR ".libs/"
| #define HAVE_GETIPINFO 1
| #define HAVE_SYNC_FUNCTIONS 1
| #define HAVE_ATOMIC_FUNCTIONS 1
| #define BACKTRACE_ELF_SIZE 64
| #define BACKTRACE_XCOFF_SIZE unused
| #define HAVE_SYS_MMAN_H 1
| #define HAVE_LINK_H 1
| #define HAVE_DL_ITERATE_PHDR 1
| #define HAVE_FCNTL 1
| #define HAVE_DECL_STRNLEN 1
| #define HAVE_DECL_GETPAGESIZE 1
| #define HAVE_LSTAT 1
| #define HAVE_READLINK 1
| /* end confdefs.h.  */
| /* Define getexecname to an innocuous variant, in case <limits.h> declares getexecname.
|    For example, HP-UX 11i <limits.h> declares gettimeofday.  */
| #define getexecname innocuous_getexecname
| 
| /* System header to define __stub macros and hopefully few prototypes,
|     which can conflict with char getexecname (); below.
|     Prefer <limits.h> to <assert.h> if __STDC__ is defined, since
|     <limits.h> exists even on freestanding compilers.  */
| 
| #ifdef __STDC__
| # include <limits.h>
| #else
| # include <assert.h>
| #endif
| 
| #undef getexecname
| 
| /* Override any GCC internal prototype to avoid an error.
|    Use char because int might match the return type of a GCC
|    builtin and then its argument prototype would still apply.  */
| #ifdef __cplusplus
| extern "C"
| #endif
| char getexecname ();
| /* The GNU C library defines this for functions which it implements
|     to always fail with ENOSYS.  Some functions are actually named
|     something starting with __ and the normal name is an alias.  */
| #if defined __stub_getexecname || defined __stub___getexecname
| choke me
| #endif
| 
| int
| main ()
| {
| return getexecname ();
|   ;
|   return 0;
| }
configure:10549: result: no
configure:10565: checking for KERN_PROC
configure:10584: gcc -c -g  conftest.c >&5
conftest.c: In function 'main':
conftest.c:46:33: error: 'KERN_PROC' undeclared (first use in this function); did you mean 'KERN_PROF'?
   46 | int mib0 = CTL_KERN; int mib1 = KERN_PROC; int mib2 = KERN_PROC_PATHNAME;
      |                                 ^~~~~~~~~
      |                                 KERN_PROF
conftest.c:46:33: note: each undeclared identifier is reported only once for each function it appears in
conftest.c:46:55: error: 'KERN_PROC_PATHNAME' undeclared (first use in this function)
   46 | int mib0 = CTL_KERN; int mib1 = KERN_PROC; int mib2 = KERN_PROC_PATHNAME;
      |                                                       ^~~~~~~~~~~~~~~~~~
configure:10584: $? = 1
configure: failed program was:
| /* confdefs.h */
| #define PACKAGE_NAME "package-unused"
| #define PACKAGE_TARNAME "libbacktrace"
| #define PACKAGE_VERSION "version-unused"
| #define PACKAGE_STRING "package-unused version-unused"
| #define PACKAGE_BUGREPORT ""
| #define PACKAGE_URL ""
| #define STDC_HEADERS 1
| #define HAVE_SYS_TYPES_H 1
| #define HAVE_SYS_STAT_H 1
| #define HAVE_STDLIB_H 1
| #define HAVE_STRING_H 1
| #define HAVE_MEMORY_H 1
| #define HAVE_STRINGS_H 1
| #define HAVE_INTTYPES_H 1
| #define HAVE_STDINT_H 1
| #define HAVE_UNISTD_H 1
| #define __EXTENSIONS__ 1
| #define _ALL_SOURCE 1
| #define _GNU_SOURCE 1
| #define _POSIX_PTHREAD_SEMANTICS 1
| #define _TANDEM_SOURCE 1
| #define HAVE_DLFCN_H 1
| #define LT_OBJDIR ".libs/"
| #define HAVE_GETIPINFO 1
| #define HAVE_SYNC_FUNCTIONS 1
| #define HAVE_ATOMIC_FUNCTIONS 1
| #define BACKTRACE_ELF_SIZE 64
| #define BACKTRACE_XCOFF_SIZE unused
| #define HAVE_SYS_MMAN_H 1
| #define HAVE_LINK_H 1
| #define HAVE_DL_ITERATE_PHDR 1
| #define HAVE_FCNTL 1
| #define HAVE_DECL_STRNLEN 1
| #define HAVE_DECL_GETPAGESIZE 1
| #define HAVE_LSTAT 1
| #define HAVE_READLINK 1
| /* end confdefs.h.  */
| 
| #include <sys/types.h>
| #include <sys/sysctl.h>
| 
| int
| main ()
| {
| int mib0 = CTL_KERN; int mib1 = KERN_PROC; int mib2 = KERN_PROC_PATHNAME;
|   ;
|   return 0;
| }
configure:10591: result: no
configure:10599: checking for KERN_PROG_ARGS
configure:10618: gcc -c -g  conftest.c >&5
conftest.c: In function 'main':
conftest.c:46:33: error: 'KERN_PROC_ARGS' undeclared (first use in this function)
   46 | int mib0 = CTL_KERN; int mib1 = KERN_PROC_ARGS; int mib2 = KERN_PROC_PATHNAME;
      |                                 ^~~~~~~~~~~~~~
conftest.c:46:33: note: each undeclared identifier is reported only once for each function it appears in
conftest.c:46:60: error: 'KERN_PROC_PATHNAME' undeclared (first use in this function)
   46 | int mib0 = CTL_KERN; int mib1 = KERN_PROC_ARGS; int mib2 = KERN_PROC_PATHNAME;
      |                                                            ^~~~~~~~~~~~~~~~~~
configure:10618: $? = 1
configure: failed program was:
| /* confdefs.h */
| #define PACKAGE_NAME "package-unused"
| #define PACKAGE_TARNAME "libbacktrace"
| #define PACKAGE_VERSION "version-unused"
| #define PACKAGE_STRING "package-unused version-unused"
| #define PACKAGE_BUGREPORT ""
| #define PACKAGE_URL ""
| #define STDC_HEADERS 1
| #define HAVE_SYS_TYPES_H 1
| #define HAVE_SYS_STAT_H 1
| #define HAVE_STDLIB_H 1
| #define HAVE_STRING_H 1
| #define HAVE_MEMORY_H 1
| #define HAVE_STRINGS_H 1
| #define HAVE_INTTYPES_H 1
| #define HAVE_STDINT_H 1
| #define HAVE_UNISTD_H 1
| #define __EXTENSIONS__ 1
| #define _ALL_SOURCE 1
| #define _GNU_SOURCE 1
| #define _POSIX_PTHREAD_SEMANTICS 1
| #define _TANDEM_SOURCE 1
| #define HAVE_DLFCN_H 1
| #define LT_OBJDIR ".libs/"
| #define HAVE_GETIPINFO 1
| #define HAVE_SYNC_FUNCTIONS 1
| #define HAVE_ATOMIC_FUNCTIONS 1
| #define BACKTRACE_ELF_SIZE 64
| #define BACKTRACE_XCOFF_SIZE unused
| #define HAVE_SYS_MMAN_H 1
| #define HAVE_LINK_H 1
| #define HAVE_DL_ITERATE_PHDR 1
| #define HAVE_FCNTL 1
| #define HAVE_DECL_STRNLEN 1
| #define HAVE_DECL_GETPAGESIZE 1
| #define HAVE_LSTAT 1
| #define HAVE_READLINK 1
| /* end confdefs.h.  */
| 
| #include <sys/types.h>
| #include <sys/sysctl.h>
| 
| int
| main ()
| {
| int mib0 = CTL_KERN; int mib1 = KERN_PROC_ARGS; int mib2 = KERN_PROC_PATHNAME;
|   ;
|   return 0;
| }
configure:10625: result: no
configure:10636: checking for clock_gettime
configure:10636: gcc -o conftest -g  -static-libstdc++ -static-libgcc  conftest.c  >&5
configure:10636: $? = 0
configure:10636: result: yes
configure:10697: checking whether -pthread is supported
configure:10708: gcc -c -g -pthread  conftest.c >&5
configure:10708: $? = 0
configure:10716: result: yes
configure:10733: checking whether -gdwarf-5 is supported
configure:10751: gcc -o conftest -g -gdwarf-5  -static-libstdc++ -static-libgcc  conftest.c  >&5
configure:10751: $? = 0
configure:10760: result: yes
configure:10771: checking for compress in -lz
configure:10796: gcc -o conftest -g  -static-libstdc++ -static-libgcc  conftest.c -lz   >&5
configure:10796: $? = 0
configure:10805: result: yes
configure:10822: checking whether --compress-debug-sections is supported
configure:10840: gcc -o conftest -g  -static-libstdc++ -static-libgcc  -Wl,--compress-debug-sections=zlib-gnu conftest.c  >&5
configure:10840: $? = 0
configure:10849: result: yes
configure:10863: checking for objcopy
configure:10879: found /usr/bin/objcopy
configure:10890: result: objcopy
configure:10900: checking for readelf
configure:10927: result: readelf
configure:10935: checking whether objcopy supports debuglink
configure:10950: result: yes
configure:10964: checking for dsymutil
configure:10991: result: dsymutil
configure:11011: checking for nm
configure:11038: result: nm
configure:11049: checking for xz
configure:11065: found /usr/bin/xz
configure:11076: result: xz
configure:11094: checking for comm
configure:11110: found /usr/bin/comm
configure:11121: result: comm
configure:11147: checking for lzma_auto_decoder in -llzma
configure:11172: gcc -o conftest -g  -static-libstdc++ -static-libgcc  conftest.c -llzma   >&5
configure:11172: $? = 0
configure:11181: result: yes
configure:11198: checking whether tests can run
configure:11217: gcc -o conftest -g  -static-libstdc++ -static-libgcc  conftest.c  >&5
configure:11217: $? = 0
configure:11217: ./conftest
configure:11217: $? = 0
configure:11227: result: yes
configure:11310: updating cache ./config.cache
configure:11354: checking that generated files are newer than configure
configure:11360: result: done
configure:11431: creating ./config.status

## ---------------------- ##
## Running config.status. ##
## ---------------------- ##

This file was extended by package-unused config.status version-unused, which was
generated by GNU Autoconf 2.69.  Invocation command line was

  CONFIG_FILES    = 
  CONFIG_HEADERS  = 
  CONFIG_LINKS    = 
  CONFIG_COMMANDS = 
  $ ./config.status 

on wisper-UOSx64

config.status:1166: creating Makefile
config.status:1166: creating backtrace-supported.h
config.status:1166: creating install-debuginfo-for-buildid.sh
config.status:1166: creating config.h
config.status:1380: executing libtool commands
config.status:1380: executing gstdint.h commands
config.status:1380: executing default commands

## ---------------- ##
## Cache variables. ##
## ---------------- ##

ac_cv_build=x86_64-pc-linux-gnu
ac_cv_c_compiler_gnu=yes
ac_cv_env_CC_set=set
ac_cv_env_CC_value=gcc
ac_cv_env_CFLAGS_set=set
ac_cv_env_CFLAGS_value=-g
ac_cv_env_CPPFLAGS_set=
ac_cv_env_CPPFLAGS_value=
ac_cv_env_CPP_set=
ac_cv_env_CPP_value=
ac_cv_env_DSYMUTIL_set=set
ac_cv_env_DSYMUTIL_value=dsymutil
ac_cv_env_LDFLAGS_set=set
ac_cv_env_LDFLAGS_value='-static-libstdc++ -static-libgcc '
ac_cv_env_LIBS_set=
ac_cv_env_LIBS_value=
ac_cv_env_NM_set=set
ac_cv_env_NM_value=nm
ac_cv_env_OBJCOPY_set=set
ac_cv_env_OBJCOPY_value=
ac_cv_env_build_alias_set=set
ac_cv_env_build_alias_value=x86_64-pc-linux-gnu
ac_cv_env_host_alias_set=set
ac_cv_env_host_alias_value=x86_64-pc-linux-gnu
ac_cv_env_target_alias_set=set
ac_cv_env_target_alias_value=x86_64-pc-linux-gnu
ac_cv_func__Unwind_Backtrace=yes
ac_cv_func_clock_gettime=yes
ac_cv_func_dl_iterate_phdr=yes
ac_cv_func_fcntl=yes
ac_cv_func_getexecname=no
ac_cv_func_lstat=yes
ac_cv_func_mmap=yes
ac_cv_func_readlink=yes
ac_cv_have_decl_getpagesize=yes
ac_cv_have_decl_strnlen=yes
ac_cv_header_dlfcn_h=yes
ac_cv_header_inttypes_h=yes
ac_cv_header_link_h=yes
ac_cv_header_mach_o_dyld_h=no
ac_cv_header_memory_h=yes
ac_cv_header_minix_config_h=no
ac_cv_header_stdc=yes
ac_cv_header_stdint_h=yes
ac_cv_header_stdlib_h=yes
ac_cv_header_string_h=yes
ac_cv_header_strings_h=yes
ac_cv_header_sys_ldr_h=no
ac_cv_header_sys_mman_h=yes
ac_cv_header_sys_stat_h=yes
ac_cv_header_sys_types_h=yes
ac_cv_header_unistd_h=yes
ac_cv_header_unwind_h=yes
ac_cv_host=x86_64-pc-linux-gnu
ac_cv_lib_lzma_lzma_auto_decoder=yes
ac_cv_lib_z_compress=yes
ac_cv_objext=o
ac_cv_path_EGREP='/usr/bin/grep -E'
ac_cv_path_FGREP='/usr/bin/grep -F'
ac_cv_path_GREP=/usr/bin/grep
ac_cv_path_SED=/usr/bin/sed
ac_cv_path_mkdir=/usr/bin/mkdir
ac_cv_prog_AR=ar
ac_cv_prog_AWK=gawk
ac_cv_prog_CC=gcc
ac_cv_prog_COMM=comm
ac_cv_prog_CPP='gcc -E'
ac_cv_prog_DSYMUTIL=dsymutil
ac_cv_prog_DWZ=dwz
ac_cv_prog_NM=nm
ac_cv_prog_OBJCOPY=objcopy
ac_cv_prog_OBJDUMP=objdump
ac_cv_prog_RANLIB=ranlib
ac_cv_prog_READELF=readelf
ac_cv_prog_XZ=xz
ac_cv_prog_ac_ct_STRIP=strip
ac_cv_prog_cc_c89=
ac_cv_prog_cc_g=yes
ac_cv_prog_make_make_set=yes
ac_cv_safe_to_define___extensions__=yes
ac_cv_sys_file_offset_bits=no
ac_cv_sys_largefile_CC=no
ac_cv_target=x86_64-pc-linux-gnu
ac_cv_type_int_fast32_t=yes
ac_cv_type_int_least32_t=yes
ac_cv_type_u_int64_t=no
ac_cv_type_uint64_t=yes
ac_cv_type_uintmax_t=yes
ac_cv_type_uintptr_t=yes
acx_cv_header_stdint=stdint.h
acx_cv_header_stdint_kind='(already complete)'
acx_cv_prog_cc_warning__W=yes
acx_cv_prog_cc_warning__Wall=yes
acx_cv_prog_cc_warning__Wcast_qual=yes
acx_cv_prog_cc_warning__Wmissing_format_attribute=yes
acx_cv_prog_cc_warning__Wmissing_prototypes=yes
acx_cv_prog_cc_warning__Wold_style_definition=yes
acx_cv_prog_cc_warning__Wstrict_prototypes=yes
acx_cv_prog_cc_warning__Wwrite_strings=yes
am_cv_make_support_nested_variables=yes
am_cv_prog_cc_c_o=yes
libbacktrace_cv_c_random_seed_string=yes
libbacktrace_cv_c_unwind_tables=yes
libbacktrace_cv_lib_dwarf5=yes
libbacktrace_cv_objcopy_debuglink=yes
libbacktrace_cv_proc=no
libbacktrace_cv_procargs=no
libbacktrace_cv_sys_atomic=yes
libbacktrace_cv_sys_filetype=elf64
libbacktrace_cv_sys_native=yes
libbacktrace_cv_sys_sync=yes
libgo_cv_ld_compress=yes
libgo_cv_lib_pthread=yes
lt_cv_deplibs_check_method=pass_all
lt_cv_file_magic_cmd='$MAGIC_CMD'
lt_cv_file_magic_test_file=
lt_cv_ld_reload_flag=-r
lt_cv_nm_interface='BSD nm'
lt_cv_objdir=.libs
lt_cv_path_LD=ld
lt_cv_path_NM=nm
lt_cv_prog_compiler_c_o=yes
lt_cv_prog_compiler_pic_works=yes
lt_cv_prog_compiler_rtti_exceptions=no
lt_cv_prog_compiler_static_works=yes
lt_cv_prog_gnu_ld=yes
lt_cv_shlibpath_overrides_runpath=yes
lt_cv_sys_global_symbol_pipe='sed -n -e '\''s/^.*[	 ]\([ABCDGIRSTW][ABCDGIRSTW]*\)[	 ][	 ]*\([_A-Za-z][_A-Za-z0-9]*\)$/\1 \2 \2/p'\'''
lt_cv_sys_global_symbol_to_c_name_address='sed -n -e '\''s/^: \([^ ]*\) $/  {\"\1\", (void *) 0},/p'\'' -e '\''s/^[ABCDGIRSTW]* \([^ ]*\) \([^ ]*\)$/  {"\2", (void *) \&\2},/p'\'''
lt_cv_sys_global_symbol_to_c_name_address_lib_prefix='sed -n -e '\''s/^: \([^ ]*\) $/  {\"\1\", (void *) 0},/p'\'' -e '\''s/^[ABCDGIRSTW]* \([^ ]*\) \(lib[^ ]*\)$/  {"\2", (void *) \&\2},/p'\'' -e '\''s/^[ABCDGIRSTW]* \([^ ]*\) \([^ ]*\)$/  {"lib\2", (void *) \&\2},/p'\'''
lt_cv_sys_global_symbol_to_cdecl='sed -n -e '\''s/^T .* \(.*\)$/extern int \1();/p'\'' -e '\''s/^[ABCDGIRSTW]* .* \(.*\)$/extern char \1;/p'\'''
lt_cv_sys_max_cmd_len=1572864

## ----------------- ##
## Output variables. ##
## ----------------- ##

ACLOCAL='${SHELL} /data/gcc/missing aclocal-1.15'
ALLOC_FILE='mmap.lo'
AMTAR='$${TAR-tar}'
AM_BACKSLASH='\'
AM_DEFAULT_V='$(AM_DEFAULT_VERBOSITY)'
AM_DEFAULT_VERBOSITY='1'
AM_V='$(V)'
AR='ar'
AUTOCONF='${SHELL} /data/gcc/missing autoconf'
AUTOHEADER='${SHELL} /data/gcc/missing autoheader'
AUTOMAKE='${SHELL} /data/gcc/missing automake-1.15'
AWK='gawk'
BACKTRACE_FILE='backtrace.lo simple.lo'
BACKTRACE_SUPPORTED='1'
BACKTRACE_SUPPORTS_DATA='1'
BACKTRACE_SUPPORTS_THREADS='1'
BACKTRACE_USES_MALLOC='0'
CC='gcc'
CET_HOST_FLAGS=''
CFLAGS='-g'
CLOCK_GETTIME_LINK=''
COMM='comm'
CPP='gcc -E'
CPPFLAGS=''
CYGPATH_W='echo'
DEFS='-DHAVE_CONFIG_H'
DSYMUTIL='dsymutil'
DUMPBIN=''
DWZ='dwz'
ECHO_C=''
ECHO_N='-n'
ECHO_T=''
EGREP='/usr/bin/grep -E'
EXEEXT=''
EXTRA_FLAGS='-funwind-tables -frandom-seed=$@'
FGREP='/usr/bin/grep -F'
FORMAT_FILE='elf.lo'
GREP='/usr/bin/grep'
HAVE_COMM_FALSE='#'
HAVE_COMM_TRUE=''
HAVE_COMPRESSED_DEBUG_FALSE='#'
HAVE_COMPRESSED_DEBUG_TRUE=''
HAVE_DWARF5_FALSE='#'
HAVE_DWARF5_TRUE=''
HAVE_DWZ_FALSE='#'
HAVE_DWZ_TRUE=''
HAVE_ELF_FALSE='#'
HAVE_ELF_TRUE=''
HAVE_LIBLZMA_FALSE='#'
HAVE_LIBLZMA_TRUE=''
HAVE_MINIDEBUG_FALSE='#'
HAVE_MINIDEBUG_TRUE=''
HAVE_OBJCOPY_DEBUGLINK_FALSE='#'
HAVE_OBJCOPY_DEBUGLINK_TRUE=''
HAVE_PTHREAD_FALSE='#'
HAVE_PTHREAD_TRUE=''
HAVE_XZ_FALSE='#'
HAVE_XZ_TRUE=''
HAVE_ZLIB_FALSE='#'
HAVE_ZLIB_TRUE=''
INSTALL_DATA='/usr/bin/install -c -m 644'
INSTALL_PROGRAM='/usr/bin/install -c'
INSTALL_SCRIPT='/usr/bin/install -c'
INSTALL_STRIP_PROGRAM='$(install_sh) -c -s'
LD='ld -m elf_x86_64'
LDFLAGS='-static-libstdc++ -static-libgcc '
LIBOBJS=''
LIBS=''
LIBTOOL='$(SHELL) $(top_builddir)/libtool'
LIPO=''
LN_S='ln -s'
LTLIBOBJS=''
MAINT='#'
MAINTAINER_MODE_FALSE=''
MAINTAINER_MODE_TRUE='#'
MAKEINFO='/data/gcc/missing makeinfo --split-size=5000000 --split-size=5000000'
MKDIR_P='/usr/bin/mkdir -p'
NATIVE_FALSE='#'
NATIVE_TRUE=''
NM='nm'
NMEDIT=''
OBJCOPY='objcopy'
OBJDUMP='objdump'
OBJEXT='o'
OTOOL64=''
OTOOL='otool'
PACKAGE='libbacktrace'
PACKAGE_BUGREPORT=''
PACKAGE_NAME='package-unused'
PACKAGE_STRING='package-unused version-unused'
PACKAGE_TARNAME='libbacktrace'
PACKAGE_URL=''
PACKAGE_VERSION='version-unused'
PATH_SEPARATOR=':'
PIC_FLAG=''
PTHREAD_CFLAGS='-pthread'
RANLIB='ranlib'
READELF='readelf'
SED='/usr/bin/sed'
SET_MAKE=''
SHELL='/bin/bash'
STRIP='strip'
USE_DSYMUTIL_FALSE=''
USE_DSYMUTIL_TRUE='#'
VERSION='version-unused'
VIEW_FILE='mmapio.lo'
WARN_FLAGS='-W -Wall -Wwrite-strings -Wstrict-prototypes -Wmissing-prototypes -Wold-style-definition -Wmissing-format-attribute -Wcast-qual'
XZ='xz'
ac_ct_CC=''
ac_ct_DUMPBIN=''
am__EXEEXT_FALSE=''
am__EXEEXT_TRUE='#'
am__isrc=' -I$(srcdir)'
am__leading_dot='.'
am__tar='$${TAR-tar} chof - "$$tardir"'
am__untar='$${TAR-tar} xf -'
bindir='${exec_prefix}/bin'
build='x86_64-pc-linux-gnu'
build_alias='x86_64-pc-linux-gnu'
build_cpu='x86_64'
build_os='linux-gnu'
build_vendor='pc'
datadir='${datarootdir}'
datarootdir='${prefix}/share'
docdir='${datarootdir}/doc/${PACKAGE_TARNAME}'
dvidir='${docdir}'
exec_prefix='${prefix}'
host='x86_64-pc-linux-gnu'
host_alias='x86_64-pc-linux-gnu'
host_cpu='x86_64'
host_os='linux-gnu'
host_vendor='pc'
htmldir='${docdir}'
includedir='${prefix}/include'
infodir='${datarootdir}/info'
install_sh='${SHELL} /data/gcc/install-sh'
libdir='${exec_prefix}/lib'
libexecdir='${exec_prefix}/libexec'
libtool_VERSION='1:0:0'
localedir='${datarootdir}/locale'
localstatedir='${prefix}/var'
mandir='${datarootdir}/man'
mkdir_p='$(MKDIR_P)'
multi_basedir=''
oldincludedir='/usr/include'
pdfdir='${docdir}'
prefix='/data/gcc/build/out'
program_transform_name='s,y,y,'
psdir='${docdir}'
sbindir='${exec_prefix}/sbin'
sharedstatedir='${prefix}/com'
sysconfdir='${prefix}/etc'
target='x86_64-pc-linux-gnu'
target_alias='x86_64-pc-linux-gnu'
target_cpu='x86_64'
target_os='linux-gnu'
target_vendor='pc'

## ----------- ##
## confdefs.h. ##
## ----------- ##

/* confdefs.h */
#define PACKAGE_NAME "package-unused"
#define PACKAGE_TARNAME "libbacktrace"
#define PACKAGE_VERSION "version-unused"
#define PACKAGE_STRING "package-unused version-unused"
#define PACKAGE_BUGREPORT ""
#define PACKAGE_URL ""
#define STDC_HEADERS 1
#define HAVE_SYS_TYPES_H 1
#define HAVE_SYS_STAT_H 1
#define HAVE_STDLIB_H 1
#define HAVE_STRING_H 1
#define HAVE_MEMORY_H 1
#define HAVE_STRINGS_H 1
#define HAVE_INTTYPES_H 1
#define HAVE_STDINT_H 1
#define HAVE_UNISTD_H 1
#define __EXTENSIONS__ 1
#define _ALL_SOURCE 1
#define _GNU_SOURCE 1
#define _POSIX_PTHREAD_SEMANTICS 1
#define _TANDEM_SOURCE 1
#define HAVE_DLFCN_H 1
#define LT_OBJDIR ".libs/"
#define HAVE_GETIPINFO 1
#define HAVE_SYNC_FUNCTIONS 1
#define HAVE_ATOMIC_FUNCTIONS 1
#define BACKTRACE_ELF_SIZE 64
#define BACKTRACE_XCOFF_SIZE unused
#define HAVE_SYS_MMAN_H 1
#define HAVE_LINK_H 1
#define HAVE_DL_ITERATE_PHDR 1
#define HAVE_FCNTL 1
#define HAVE_DECL_STRNLEN 1
#define HAVE_DECL_GETPAGESIZE 1
#define HAVE_LSTAT 1
#define HAVE_READLINK 1
#define HAVE_CLOCK_GETTIME 1
#define HAVE_ZLIB 1
#define HAVE_LIBLZMA 1

configure: exit 0
