This file contains any messages produced by compilers while
running configure, to aid debugging if configure makes a mistake.

It was created by zlib configure 1.1.4, which was
generated by GNU Autoconf 2.69.  Invocation command line was

  $ /data/gcc/zlib/configure --srcdir=../../zlib --cache-file=./config.cache --prefix=/data/gcc/build/out --enable-stage1-languages=c --disable-multilib --disable-debug --disable-profiling --disable-doc --disable-libitm --disable-libsanitizer --disable-libquadmath --disable-libgomp --disable-plugins --disable-lto --enable-static --disable-shared --without-isl --without-cloog --without-c++tools --enable-languages=c,c++ --program-transform-name=s,y,y, --disable-option-checking --build=x86_64-pc-linux-gnu --host=x86_64-pc-linux-gnu --target=x86_64-pc-linux-gnu --disable-intermodule --enable-checking=yes,types --disable-coverage --enable-languages=c,c++ --disable-build-format-warnings

## --------- ##
## Platform. ##
## --------- ##

hostname = wisper-UOSx64
uname -m = x86_64
uname -r = 5.10.0-amd64-desktop
uname -s = Linux
uname -v = #20.00.61.00-release SMP Thu Jul 20 15:49:09 CST 2023

/usr/bin/uname -p = unknown
/bin/uname -X     = unknown

/bin/arch              = x86_64
/usr/bin/arch -k       = unknown
/usr/convex/getsysinfo = unknown
/usr/bin/hostinfo      = unknown
/bin/machine           = unknown
/usr/bin/oslevel       = unknown
/bin/universe          = unknown

PATH: /usr/share/safe-rm/bin
PATH: /usr/local/sbin
PATH: /usr/local/bin
PATH: /usr/sbin
PATH: /usr/bin
PATH: /sbin
PATH: /bin


## ----------- ##
## Core tests. ##
## ----------- ##

configure:2153: creating cache ./config.cache
configure:2307: checking build system type
configure:2321: result: x86_64-pc-linux-gnu
configure:2341: checking host system type
configure:2354: result: x86_64-pc-linux-gnu
configure:2374: checking target system type
configure:2387: result: x86_64-pc-linux-gnu
configure:2435: checking for a BSD-compatible install
configure:2503: result: /usr/bin/install -c
configure:2514: checking whether build environment is sane
configure:2569: result: yes
configure:2718: checking for a thread-safe mkdir -p
configure:2757: result: /usr/bin/mkdir -p
configure:2764: checking for gawk
configure:2791: result: gawk
configure:2802: checking whether make sets $(MAKE)
configure:2824: result: yes
configure:2853: checking whether make supports nested variables
configure:2870: result: yes
configure:2998: checking whether to enable maintainer-specific portions of Makefiles
configure:3007: result: no
configure:3078: checking for x86_64-pc-linux-gnu-gcc
configure:3105: result: gcc
configure:3374: checking for C compiler version
configure:3383: gcc --version >&5
gcc (GCC) 12.4.0
Copyright (C) 2022 Free Software Foundation, Inc.
This is free software; see the source for copying conditions.  There is NO
warranty; not even for MERCHANTABILITY or FITNESS FOR A PARTICULAR PURPOSE.

configure:3394: $? = 0
configure:3383: gcc -v >&5
Using built-in specs.
COLLECT_GCC=gcc
COLLECT_LTO_WRAPPER=/usr/local/libexec/gcc/x86_64-pc-linux-gnu/12.4.0/lto-wrapper
Target: x86_64-pc-linux-gnu
Configured with: ../configure --disable-multilib
Thread model: posix
Supported LTO compression algorithms: zlib
gcc version 12.4.0 (GCC) 
configure:3394: $? = 0
configure:3383: gcc -V >&5
gcc: error: unrecognized command-line option '-V'
gcc: fatal error: no input files
compilation terminated.
configure:3394: $? = 1
configure:3383: gcc -qversion >&5
gcc: error: unrecognized command-line option '-qversion'; did you mean '--version'?
gcc: fatal error: no input files
compilation terminated.
configure:3394: $? = 1
configure:3410: gcc -o conftest -g  -static-libstdc++ -static-libgcc  conftest.c  >&5
configure:3413: $? = 0
configure:3442: checking whether the C compiler works
configure:3464: gcc -g  -static-libstdc++ -static-libgcc  conftest.c  >&5
configure:3468: $? = 0
configure:3516: result: yes
configure:3519: checking for C compiler default output file name
configure:3521: result: a.out
configure:3527: checking for suffix of executables
configure:3534: gcc -o conftest -g  -static-libstdc++ -static-libgcc  conftest.c  >&5
configure:3538: $? = 0
configure:3560: result: 
configure:3582: checking whether we are cross compiling
configure:3590: gcc -o conftest -g  -static-libstdc++ -static-libgcc  conftest.c  >&5
configure:3594: $? = 0
configure:3601: ./conftest
configure:3605: $? = 0
configure:3620: result: no
configure:3593: checking for suffix of object files
configure:3615: gcc -c -g  conftest.c >&5
configure:3619: $? = 0
configure:3640: result: o
configure:3644: checking whether we are using the GNU C compiler
configure:3663: gcc -c -g  conftest.c >&5
configure:3663: $? = 0
configure:3672: result: yes
configure:3681: checking whether gcc accepts -g
configure:3701: gcc -c -g  conftest.c >&5
configure:3701: $? = 0
configure:3742: result: yes
configure:3759: checking for gcc option to accept ISO C89
configure:3822: gcc  -c -g  conftest.c >&5
configure:3822: $? = 0
configure:3835: result: none needed
configure:3860: checking whether gcc understands -c and -o together
configure:3882: gcc -c conftest.c -o conftest2.o
configure:3885: $? = 0
configure:3882: gcc -c conftest.c -o conftest2.o
configure:3885: $? = 0
configure:3897: result: yes
configure:3925: checking for style of include used by make
configure:3953: result: GNU
configure:3979: checking dependency style of gcc
configure:4090: result: gcc3
configure:4124: checking for CET support
configure:4153: gcc -c -g -fcf-protection  conftest.c >&5
configure:4153: $? = 0
configure:4189: result: yes
configure:4244: checking how to print strings
configure:4271: result: printf
configure:4292: checking for a sed that does not truncate output
configure:4356: result: /usr/bin/sed
configure:4374: checking for grep that handles long lines and -e
configure:4432: result: /usr/bin/grep
configure:4437: checking for egrep
configure:4499: result: /usr/bin/grep -E
configure:4504: checking for fgrep
configure:4566: result: /usr/bin/grep -F
configure:4601: checking for ld used by gcc
configure:4668: result: ld
configure:4675: checking if the linker (ld) is GNU ld
configure:4690: result: yes
configure:4702: checking for BSD- or MS-compatible name lister (nm)
configure:4751: result: nm
configure:4881: checking the name lister (nm) interface
configure:4888: gcc -c -g  conftest.c >&5
configure:4891: nm "conftest.o"
configure:4894: output
0000000000000000 B some_variable
configure:4895: result: BSD nm
configure:4898: checking whether ln -s works
configure:4902: result: yes
configure:4910: checking the maximum length of command line arguments
configure:5035: result: 1572864
configure:5052: checking whether the shell understands some XSI constructs
configure:5061: result: yes
configure:5065: checking whether the shell understands "+="
configure:5069: result: yes
configure:5104: checking for ld option to reload object files
configure:5111: result: -r
configure:5140: checking for x86_64-pc-linux-gnu-objdump
configure:5167: result: objdump
configure:5239: checking how to recognize dependent libraries
configure:5440: result: pass_all
configure:5460: checking for x86_64-pc-linux-gnu-ar
configure:5487: result: ar
configure:5565: checking for x86_64-pc-linux-gnu-strip
configure:5595: result: no
configure:5605: checking for strip
configure:5621: found /usr/bin/strip
configure:5632: result: strip
configure:5664: checking for x86_64-pc-linux-gnu-ranlib
configure:5691: result: ranlib
configure:5833: checking command to parse nm output from gcc object
configure:5951: gcc -c -g  conftest.c >&5
configure:5954: $? = 0
configure:5958: nm conftest.o \| sed -n -e 's/^.*[ ]\([ABCDGIRSTW][ABCDGIRSTW]*\)[ ][ ]*\([_A-Za-z][_A-Za-z0-9]*\)$/\1 \2 \2/p' \> conftest.nm
configure:5961: $? = 0
configure:6015: gcc -o conftest -g  -static-libstdc++ -static-libgcc  conftest.c conftstm.o >&5
configure:6018: $? = 0
configure:6056: result: ok
configure:6151: gcc -c -g  conftest.c >&5
configure:6154: $? = 0
configure:6915: checking how to run the C preprocessor
configure:6946: gcc -E  conftest.c
configure:6946: $? = 0
configure:6960: gcc -E  conftest.c
conftest.c:11:10: fatal error: ac_nonexistent.h: No such file or directory
   11 | #include <ac_nonexistent.h>
      |          ^~~~~~~~~~~~~~~~~~
compilation terminated.
configure:6960: $? = 1
configure: failed program was:
| /* confdefs.h */
| #define PACKAGE_NAME "zlib"
| #define PACKAGE_TARNAME "zlib"
| #define PACKAGE_VERSION "1.1.4"
| #define PACKAGE_STRING "zlib 1.1.4"
| #define PACKAGE_BUGREPORT ""
| #define PACKAGE_URL ""
| #define PACKAGE "zlib"
| #define VERSION "1.1.4"
| /* end confdefs.h.  */
| #include <ac_nonexistent.h>
configure:6985: result: gcc -E
configure:7005: gcc -E  conftest.c
configure:7005: $? = 0
configure:7019: gcc -E  conftest.c
conftest.c:11:10: fatal error: ac_nonexistent.h: No such file or directory
   11 | #include <ac_nonexistent.h>
      |          ^~~~~~~~~~~~~~~~~~
compilation terminated.
configure:7019: $? = 1
configure: failed program was:
| /* confdefs.h */
| #define PACKAGE_NAME "zlib"
| #define PACKAGE_TARNAME "zlib"
| #define PACKAGE_VERSION "1.1.4"
| #define PACKAGE_STRING "zlib 1.1.4"
| #define PACKAGE_BUGREPORT ""
| #define PACKAGE_URL ""
| #define PACKAGE "zlib"
| #define VERSION "1.1.4"
| /* end confdefs.h.  */
| #include <ac_nonexistent.h>
configure:7048: checking for ANSI C header files
configure:7068: gcc -c -g  conftest.c >&5
configure:7068: $? = 0
configure:7141: gcc -o conftest -g  -static-libstdc++ -static-libgcc  conftest.c  >&5
configure:7141: $? = 0
configure:7141: ./conftest
configure:7141: $? = 0
configure:7152: result: yes
configure:7165: checking for sys/types.h
configure:7165: gcc -c -g  conftest.c >&5
configure:7165: $? = 0
configure:7165: result: yes
configure:7165: checking for sys/stat.h
configure:7165: gcc -c -g  conftest.c >&5
configure:7165: $? = 0
configure:7165: result: yes
configure:7165: checking for stdlib.h
configure:7165: gcc -c -g  conftest.c >&5
configure:7165: $? = 0
configure:7165: result: yes
configure:7165: checking for string.h
configure:7165: gcc -c -g  conftest.c >&5
configure:7165: $? = 0
configure:7165: result: yes
configure:7165: checking for memory.h
configure:7165: gcc -c -g  conftest.c >&5
configure:7165: $? = 0
configure:7165: result: yes
configure:7165: checking for strings.h
configure:7165: gcc -c -g  conftest.c >&5
configure:7165: $? = 0
configure:7165: result: yes
configure:7165: checking for inttypes.h
configure:7165: gcc -c -g  conftest.c >&5
configure:7165: $? = 0
configure:7165: result: yes
configure:7165: checking for stdint.h
configure:7165: gcc -c -g  conftest.c >&5
configure:7165: $? = 0
configure:7165: result: yes
configure:7165: checking for unistd.h
configure:7165: gcc -c -g  conftest.c >&5
configure:7165: $? = 0
configure:7165: result: yes
configure:7179: checking for dlfcn.h
configure:7179: gcc -c -g  conftest.c >&5
configure:7179: $? = 0
configure:7179: result: yes
configure:7366: checking for objdir
configure:7381: result: .libs
configure:7652: checking if gcc supports -fno-rtti -fno-exceptions
configure:7670: gcc -c -g  -fno-rtti -fno-exceptions conftest.c >&5
cc1: warning: command-line option '-fno-rtti' is valid for C++/D/ObjC++ but not for C
configure:7674: $? = 0
configure:7687: result: no
configure:7707: checking for gcc option to produce PIC
configure:7993: result: -fPIC -DPIC
configure:8005: checking if gcc PIC flag -fPIC -DPIC works
configure:8023: gcc -c -g  -fPIC -DPIC -DPIC conftest.c >&5
configure:8027: $? = 0
configure:8040: result: yes
configure:8064: checking if gcc static flag -static works
configure:8092: result: yes
configure:8107: checking if gcc supports -c -o file.o
configure:8128: gcc -c -g  -o out/conftest2.o conftest.c >&5
configure:8132: $? = 0
configure:8154: result: yes
configure:8162: checking if gcc supports -c -o file.o
configure:8209: result: yes
configure:8242: checking whether the gcc linker (ld -m elf_x86_64) supports shared libraries
configure:9322: result: yes
configure:9567: checking dynamic linker characteristics
configure:10016: gcc -o conftest -g  -static-libstdc++ -static-libgcc  -Wl,-rpath -Wl,/foo conftest.c  >&5
configure:10016: $? = 0
configure:10238: result: GNU/Linux ld.so
configure:10345: checking how to hardcode library paths into programs
configure:10370: result: immediate
configure:10925: checking whether stripping libraries is possible
configure:10930: result: yes
configure:10965: checking if libtool supports shared libraries
configure:10967: result: yes
configure:10970: checking whether to build shared libraries
configure:10991: result: no
configure:10994: checking whether to build static libraries
configure:10998: result: yes
configure:8166: checking how to run the C preprocessor
configure:8236: result: gcc -E
configure:8256: gcc -E  conftest.c
configure:8256: $? = 0
configure:8270: gcc -E  conftest.c
conftest.c:23:10: fatal error: ac_nonexistent.h: No such file or directory
   23 | #include <ac_nonexistent.h>
      |          ^~~~~~~~~~~~~~~~~~
compilation terminated.
configure:8270: $? = 1
configure: failed program was:
| /* confdefs.h */
| #define PACKAGE_NAME "zlib"
| #define PACKAGE_TARNAME "zlib"
| #define PACKAGE_VERSION "1.1.4"
| #define PACKAGE_STRING "zlib 1.1.4"
| #define PACKAGE_BUGREPORT ""
| #define PACKAGE_URL ""
| #define PACKAGE "zlib"
| #define VERSION "1.1.4"
| #define STDC_HEADERS 1
| #define HAVE_SYS_TYPES_H 1
| #define HAVE_SYS_STAT_H 1
| #define HAVE_STDLIB_H 1
| #define HAVE_STRING_H 1
| #define HAVE_MEMORY_H 1
| #define HAVE_STRINGS_H 1
| #define HAVE_INTTYPES_H 1
| #define HAVE_STDINT_H 1
| #define HAVE_UNISTD_H 1
| #define HAVE_DLFCN_H 1
| #define LT_OBJDIR ".libs/"
| /* end confdefs.h.  */
| #include <ac_nonexistent.h>
configure:8323: checking for stdlib.h
configure:8323: result: yes
configure:8323: checking for unistd.h
configure:8323: result: yes
configure:8323: checking for sys/param.h
configure:8323: gcc -c -g  conftest.c >&5
configure:8323: $? = 0
configure:8323: result: yes
configure:8343: checking for getpagesize
configure:8343: gcc -o conftest -g  -static-libstdc++ -static-libgcc  conftest.c  >&5
configure:8343: $? = 0
configure:8343: result: yes
configure:8352: checking for working mmap
configure:8499: gcc -o conftest -g  -static-libstdc++ -static-libgcc  conftest.c  >&5
configure:8499: $? = 0
configure:8499: ./conftest
configure:8499: $? = 0
configure:8509: result: yes
configure:8522: checking for memcpy
configure:8522: gcc -o conftest -g  -static-libstdc++ -static-libgcc  conftest.c  >&5
conftest.c:51:6: warning: conflicting types for built-in function 'memcpy'; expected 'void *(void *, const void *, long unsigned int)' [-Wbuiltin-declaration-mismatch]
   51 | char memcpy ();
      |      ^~~~~~
conftest.c:39:1: note: 'memcpy' is declared in header '<string.h>'
   38 | # include <limits.h>
   39 | #else
configure:8522: $? = 0
configure:8522: result: yes
configure:8522: checking for strerror
configure:8522: gcc -o conftest -g  -static-libstdc++ -static-libgcc  conftest.c  >&5
configure:8522: $? = 0
configure:8522: result: yes
configure:8535: checking for unistd.h
configure:8535: result: yes
configure:8672: updating cache ./config.cache
configure:8752: checking that generated files are newer than configure
configure:8758: result: done
configure:8789: creating ./config.status

## ---------------------- ##
## Running config.status. ##
## ---------------------- ##

This file was extended by zlib config.status 1.1.4, which was
generated by GNU Autoconf 2.69.  Invocation command line was

  CONFIG_FILES    = 
  CONFIG_HEADERS  = 
  CONFIG_LINKS    = 
  CONFIG_COMMANDS = 
  $ ./config.status 

on wisper-UOSx64

config.status:1017: creating Makefile
config.status:1174: executing depfiles commands
config.status:1174: executing libtool commands

## ---------------- ##
## Cache variables. ##
## ---------------- ##

ac_cv_build=x86_64-pc-linux-gnu
ac_cv_c_compiler_gnu=yes
ac_cv_env_CPPFLAGS_set=
ac_cv_env_CPPFLAGS_value=
ac_cv_env_CPP_set=
ac_cv_env_CPP_value=
ac_cv_env_build_alias_set=set
ac_cv_env_build_alias_value=x86_64-pc-linux-gnu
ac_cv_env_host_alias_set=set
ac_cv_env_host_alias_value=x86_64-pc-linux-gnu
ac_cv_env_target_alias_set=set
ac_cv_env_target_alias_value=x86_64-pc-linux-gnu
ac_cv_func_getpagesize=yes
ac_cv_func_memcpy=yes
ac_cv_func_mmap_fixed_mapped=yes
ac_cv_func_strerror=yes
ac_cv_header_dlfcn_h=yes
ac_cv_header_inttypes_h=yes
ac_cv_header_memory_h=yes
ac_cv_header_stdc=yes
ac_cv_header_stdint_h=yes
ac_cv_header_stdlib_h=yes
ac_cv_header_string_h=yes
ac_cv_header_strings_h=yes
ac_cv_header_sys_param_h=yes
ac_cv_header_sys_stat_h=yes
ac_cv_header_sys_types_h=yes
ac_cv_header_unistd_h=yes
ac_cv_host=x86_64-pc-linux-gnu
ac_cv_objext=o
ac_cv_path_EGREP='/usr/bin/grep -E'
ac_cv_path_FGREP='/usr/bin/grep -F'
ac_cv_path_GREP=/usr/bin/grep
ac_cv_path_SED=/usr/bin/sed
ac_cv_path_mkdir=/usr/bin/mkdir
ac_cv_prog_AR=ar
ac_cv_prog_AWK=gawk
ac_cv_prog_CC=gcc
ac_cv_prog_CPP='gcc -E'
ac_cv_prog_OBJDUMP=objdump
ac_cv_prog_RANLIB=ranlib
ac_cv_prog_ac_ct_STRIP=strip
ac_cv_prog_cc_c89=
ac_cv_prog_cc_g=yes
ac_cv_prog_make_make_set=yes
ac_cv_target=x86_64-pc-linux-gnu
am_cv_CC_dependencies_compiler_type=gcc3
am_cv_make_support_nested_variables=yes
am_cv_prog_cc_c_o=yes
lt_cv_deplibs_check_method=pass_all
lt_cv_file_magic_cmd='$MAGIC_CMD'
lt_cv_file_magic_test_file=
lt_cv_ld_reload_flag=-r
lt_cv_nm_interface='BSD nm'
lt_cv_objdir=.libs
lt_cv_path_LD=ld
lt_cv_path_NM=nm
lt_cv_prog_compiler_c_o=yes
lt_cv_prog_compiler_pic_works=yes
lt_cv_prog_compiler_rtti_exceptions=no
lt_cv_prog_compiler_static_works=yes
lt_cv_prog_gnu_ld=yes
lt_cv_shlibpath_overrides_runpath=yes
lt_cv_sys_global_symbol_pipe='sed -n -e '\''s/^.*[	 ]\([ABCDGIRSTW][ABCDGIRSTW]*\)[	 ][	 ]*\([_A-Za-z][_A-Za-z0-9]*\)$/\1 \2 \2/p'\'''
lt_cv_sys_global_symbol_to_c_name_address='sed -n -e '\''s/^: \([^ ]*\) $/  {\"\1\", (void *) 0},/p'\'' -e '\''s/^[ABCDGIRSTW]* \([^ ]*\) \([^ ]*\)$/  {"\2", (void *) \&\2},/p'\'''
lt_cv_sys_global_symbol_to_c_name_address_lib_prefix='sed -n -e '\''s/^: \([^ ]*\) $/  {\"\1\", (void *) 0},/p'\'' -e '\''s/^[ABCDGIRSTW]* \([^ ]*\) \(lib[^ ]*\)$/  {"\2", (void *) \&\2},/p'\'' -e '\''s/^[ABCDGIRSTW]* \([^ ]*\) \([^ ]*\)$/  {"lib\2", (void *) \&\2},/p'\'''
lt_cv_sys_global_symbol_to_cdecl='sed -n -e '\''s/^T .* \(.*\)$/extern int \1();/p'\'' -e '\''s/^[ABCDGIRSTW]* .* \(.*\)$/extern char \1;/p'\'''
lt_cv_sys_max_cmd_len=1572864

## ----------------- ##
## Output variables. ##
## ----------------- ##

ACLOCAL='${SHELL} /data/gcc/missing aclocal-1.15'
AMDEPBACKSLASH='\'
AMDEP_FALSE='#'
AMDEP_TRUE=''
AMTAR='$${TAR-tar}'
AM_BACKSLASH='\'
AM_DEFAULT_V='$(AM_DEFAULT_VERBOSITY)'
AM_DEFAULT_VERBOSITY='1'
AM_V='$(V)'
AR='ar'
AUTOCONF='${SHELL} /data/gcc/missing autoconf'
AUTOHEADER='${SHELL} /data/gcc/missing autoheader'
AUTOMAKE='${SHELL} /data/gcc/missing automake-1.15'
AWK='gawk'
CC='gcc'
CCDEPMODE='depmode=gcc3'
CET_FLAGS='-fcf-protection -mshstk'
CFLAGS='-g'
COMPPATH='.'
CPP='gcc -E'
CPPFLAGS=''
CYGPATH_W='echo'
DEFS='-DPACKAGE_NAME=\"zlib\" -DPACKAGE_TARNAME=\"zlib\" -DPACKAGE_VERSION=\"1.1.4\" -DPACKAGE_STRING=\"zlib\ 1.1.4\" -DPACKAGE_BUGREPORT=\"\" -DPACKAGE_URL=\"\" -DPACKAGE=\"zlib\" -DVERSION=\"1.1.4\" -DSTDC_HEADERS=1 -DHAVE_SYS_TYPES_H=1 -DHAVE_SYS_STAT_H=1 -DHAVE_STDLIB_H=1 -DHAVE_STRING_H=1 -DHAVE_MEMORY_H=1 -DHAVE_STRINGS_H=1 -DHAVE_INTTYPES_H=1 -DHAVE_STDINT_H=1 -DHAVE_UNISTD_H=1 -DHAVE_DLFCN_H=1 -DLT_OBJDIR=\".libs/\" -DHAVE_STDLIB_H=1 -DHAVE_UNISTD_H=1 -DHAVE_SYS_PARAM_H=1 -DHAVE_GETPAGESIZE=1 -DHAVE_MMAP=1 -DHAVE_MEMCPY=1 -DHAVE_STRERROR=1 -DHAVE_UNISTD_H=1'
DEPDIR='.deps'
DSYMUTIL='dsymutil'
DUMPBIN=''
ECHO_C=''
ECHO_N='-n'
ECHO_T=''
EGREP='/usr/bin/grep -E'
EXEEXT=''
FGREP='/usr/bin/grep -F'
GREP='/usr/bin/grep'
INSTALL_DATA='/usr/bin/install -c -m 644'
INSTALL_PROGRAM='/usr/bin/install -c'
INSTALL_SCRIPT='/usr/bin/install -c'
INSTALL_STRIP_PROGRAM='$(install_sh) -c -s'
LD='ld -m elf_x86_64'
LDFLAGS='-static-libstdc++ -static-libgcc '
LIBOBJS=''
LIBS=''
LIBTOOL='$(SHELL) $(top_builddir)/libtool'
LIPO=''
LN_S='ln -s'
LTLIBOBJS=''
MAINT='#'
MAINTAINER_MODE_FALSE=''
MAINTAINER_MODE_TRUE='#'
MAKEINFO='/data/gcc/missing makeinfo --split-size=5000000 --split-size=5000000'
MKDIR_P='/usr/bin/mkdir -p'
NM='nm'
NMEDIT=''
OBJDUMP='objdump'
OBJEXT='o'
OTOOL64=''
OTOOL='otool'
PACKAGE='zlib'
PACKAGE_BUGREPORT=''
PACKAGE_NAME='zlib'
PACKAGE_STRING='zlib 1.1.4'
PACKAGE_TARNAME='zlib'
PACKAGE_URL=''
PACKAGE_VERSION='1.1.4'
PATH_SEPARATOR=':'
PICFLAG=''
RANLIB='ranlib'
SED='/usr/bin/sed'
SET_MAKE=''
SHELL='/bin/bash'
STRIP='strip'
TARGET_LIBRARY_FALSE=''
TARGET_LIBRARY_TRUE='#'
VERSION='1.1.4'
ac_ct_CC=''
ac_ct_DUMPBIN=''
am__EXEEXT_FALSE=''
am__EXEEXT_TRUE='#'
am__fastdepCC_FALSE='#'
am__fastdepCC_TRUE=''
am__include='include'
am__isrc=' -I$(srcdir)'
am__leading_dot='.'
am__nodep='_no'
am__quote=''
am__tar='$${TAR-tar} chof - "$$tardir"'
am__untar='$${TAR-tar} xf -'
bindir='${exec_prefix}/bin'
build='x86_64-pc-linux-gnu'
build_alias='x86_64-pc-linux-gnu'
build_cpu='x86_64'
build_os='linux-gnu'
build_vendor='pc'
datadir='${datarootdir}'
datarootdir='${prefix}/share'
docdir='${datarootdir}/doc/${PACKAGE_TARNAME}'
dvidir='${docdir}'
exec_prefix='${prefix}'
host='x86_64-pc-linux-gnu'
host_alias='x86_64-pc-linux-gnu'
host_cpu='x86_64'
host_os='linux-gnu'
host_vendor='pc'
htmldir='${docdir}'
includedir='${prefix}/include'
infodir='${datarootdir}/info'
install_sh='${SHELL} /data/gcc/install-sh'
libdir='${exec_prefix}/lib'
libexecdir='${exec_prefix}/libexec'
localedir='${datarootdir}/locale'
localstatedir='${prefix}/var'
mandir='${datarootdir}/man'
mkdir_p='$(MKDIR_P)'
mkinstalldirs='/data/gcc/mkinstalldirs'
multi_basedir=''
oldincludedir='/usr/include'
pdfdir='${docdir}'
prefix='/data/gcc/build/out'
program_transform_name='s,y,y,'
psdir='${docdir}'
sbindir='${exec_prefix}/sbin'
sharedstatedir='${prefix}/com'
sysconfdir='${prefix}/etc'
target='x86_64-pc-linux-gnu'
target_alias='x86_64-pc-linux-gnu'
target_cpu='x86_64'
target_os='linux-gnu'
target_vendor='pc'
toolexecdir='$(libdir)/gcc-lib/$(target_alias)'
toolexeclibdir='$(libdir)/../lib64'

## ----------- ##
## confdefs.h. ##
## ----------- ##

/* confdefs.h */
#define PACKAGE_NAME "zlib"
#define PACKAGE_TARNAME "zlib"
#define PACKAGE_VERSION "1.1.4"
#define PACKAGE_STRING "zlib 1.1.4"
#define PACKAGE_BUGREPORT ""
#define PACKAGE_URL ""
#define PACKAGE "zlib"
#define VERSION "1.1.4"
#define STDC_HEADERS 1
#define HAVE_SYS_TYPES_H 1
#define HAVE_SYS_STAT_H 1
#define HAVE_STDLIB_H 1
#define HAVE_STRING_H 1
#define HAVE_MEMORY_H 1
#define HAVE_STRINGS_H 1
#define HAVE_INTTYPES_H 1
#define HAVE_STDINT_H 1
#define HAVE_UNISTD_H 1
#define HAVE_DLFCN_H 1
#define LT_OBJDIR ".libs/"
#define HAVE_STDLIB_H 1
#define HAVE_UNISTD_H 1
#define HAVE_SYS_PARAM_H 1
#define HAVE_GETPAGESIZE 1
#define HAVE_MMAP 1
#define HAVE_MEMCPY 1
#define HAVE_STRERROR 1
#define HAVE_UNISTD_H 1

configure: exit 0
