This file contains any messages produced by compilers while
running configure, to aid debugging if configure makes a mistake.

It was created by codylib configure 0.0, which was
generated by GNU Autoconf 2.69.  Invocation command line was

  $ /data/gcc/libcody/configure --srcdir=../../libcody --cache-file=./config.cache --prefix=/data/gcc/build/out --enable-stage1-languages=c --disable-multilib --disable-debug --disable-profiling --disable-doc --disable-libitm --disable-libsanitizer --disable-libquadmath --disable-libgomp --disable-plugins --disable-lto --enable-static --disable-shared --without-isl --without-cloog --without-c++tools --enable-languages=c,c++ --program-transform-name=s,y,y, --disable-option-checking --build=x86_64-pc-linux-gnu --host=x86_64-pc-linux-gnu --target=x86_64-pc-linux-gnu --disable-intermodule --enable-checking=yes,types --disable-coverage --enable-languages=c,c++ --disable-build-format-warnings

## --------- ##
## Platform. ##
## --------- ##

hostname = wisper-UOSx64
uname -m = x86_64
uname -r = 5.10.0-amd64-desktop
uname -s = Linux
uname -v = #20.00.61.00-release SMP Thu Jul 20 15:49:09 CST 2023

/usr/bin/uname -p = unknown
/bin/uname -X     = unknown

/bin/arch              = x86_64
/usr/bin/arch -k       = unknown
/usr/convex/getsysinfo = unknown
/usr/bin/hostinfo      = unknown
/bin/machine           = unknown
/usr/bin/oslevel       = unknown
/bin/universe          = unknown

PATH: /usr/share/safe-rm/bin
PATH: /usr/local/sbin
PATH: /usr/local/bin
PATH: /usr/sbin
PATH: /usr/bin
PATH: /sbin
PATH: /bin


## ----------- ##
## Core tests. ##
## ----------- ##

configure:1743: creating cache ./config.cache
configure:1871: checking build system type
configure:1885: result: x86_64-pc-linux-gnu
configure:1905: checking host system type
configure:1918: result: x86_64-pc-linux-gnu
configure:1954: checking maintainer-mode
configure:1956: result: 
configure:2094: checking for C++ compiler version
configure:2103: g++ -std=c++11 --version >&5
g++ (GCC) 12.4.0
Copyright (C) 2022 Free Software Foundation, Inc.
This is free software; see the source for copying conditions.  There is NO
warranty; not even for MERCHANTABILITY or FITNESS FOR A PARTICULAR PURPOSE.

configure:2114: $? = 0
configure:2103: g++ -std=c++11 -v >&5
Using built-in specs.
COLLECT_GCC=g++
COLLECT_LTO_WRAPPER=/usr/local/libexec/gcc/x86_64-pc-linux-gnu/12.4.0/lto-wrapper
Target: x86_64-pc-linux-gnu
Configured with: ../configure --disable-multilib
Thread model: posix
Supported LTO compression algorithms: zlib
gcc version 12.4.0 (GCC) 
configure:2114: $? = 0
configure:2103: g++ -std=c++11 -V >&5
g++: error: unrecognized command-line option '-V'
g++: fatal error: no input files
compilation terminated.
configure:2114: $? = 1
configure:2103: g++ -std=c++11 -qversion >&5
g++: error: unrecognized command-line option '-qversion'; did you mean '--version'?
g++: fatal error: no input files
compilation terminated.
configure:2114: $? = 1
configure:2134: checking whether the C++ compiler works
configure:2156: g++ -std=c++11 -g  -static-libstdc++ -static-libgcc  conftest.cpp  >&5
configure:2160: $? = 0
configure:2208: result: yes
configure:2211: checking for C++ compiler default output file name
configure:2213: result: a.out
configure:2219: checking for suffix of executables
configure:2226: g++ -std=c++11 -o conftest -g  -static-libstdc++ -static-libgcc  conftest.cpp  >&5
configure:2230: $? = 0
configure:2252: result: 
configure:2274: checking whether we are cross compiling
configure:2282: g++ -std=c++11 -o conftest -g  -static-libstdc++ -static-libgcc  conftest.cpp  >&5
configure:2286: $? = 0
configure:2293: ./conftest
configure:2297: $? = 0
configure:2285: result: no
configure:2290: checking for suffix of object files
configure:2312: g++ -std=c++11 -c -g  conftest.cpp >&5
configure:2316: $? = 0
configure:2337: result: o
configure:2341: checking whether we are using the GNU C++ compiler
configure:2360: g++ -std=c++11 -c -g  conftest.cpp >&5
configure:2360: $? = 0
configure:2369: result: yes
configure:2378: checking whether g++ -std=c++11 accepts -g
configure:2398: g++ -std=c++11 -c -g  conftest.cpp >&5
configure:2398: $? = 0
configure:2439: result: yes
configure:2463: checking whether g++ -std=c++11 is for C++11
configure:2480: g++ -std=c++11 -c -g  conftest.cpp >&5
configure:2480: $? = 0
configure:2481: result: yes
configure:2535: checking adding -Wl,--no-undefined to linker
configure:2550: g++ -std=c++11 -o conftest -g  -static-libstdc++ -static-libgcc  -Wl,--no-undefined conftest.cpp  >&5
configure:2550: $? = 0
configure:2551: result: ok
configure:2629: checking exceptions
configure:2631: result: no
configure:2641: checking for x86_64-pc-linux-gnu-ranlib
configure:2668: result: ranlib
configure:2733: checking for x86_64-pc-linux-gnu-ar
configure:2760: result: ar
configure:2889: updating cache ./config.cache
configure:2938: creating ./config.status

## ---------------------- ##
## Running config.status. ##
## ---------------------- ##

This file was extended by codylib config.status 0.0, which was
generated by GNU Autoconf 2.69.  Invocation command line was

  CONFIG_FILES    = 
  CONFIG_HEADERS  = 
  CONFIG_LINKS    = 
  CONFIG_COMMANDS = 
  $ ./config.status 

on wisper-UOSx64

config.status:800: creating Makefile
config.status:800: creating config.h

## ---------------- ##
## Cache variables. ##
## ---------------- ##

ac_cv_build=x86_64-pc-linux-gnu
ac_cv_cxx_compiler_gnu=yes
ac_cv_env_CCC_set=
ac_cv_env_CCC_value=
ac_cv_env_CPPFLAGS_set=
ac_cv_env_CPPFLAGS_value=
ac_cv_env_CXXFLAGS_set=set
ac_cv_env_CXXFLAGS_value=-g
ac_cv_env_CXX_set=set
ac_cv_env_CXX_value='g++ -std=c++11'
ac_cv_env_LDFLAGS_set=set
ac_cv_env_LDFLAGS_value='-static-libstdc++ -static-libgcc '
ac_cv_env_LIBS_set=
ac_cv_env_LIBS_value=
ac_cv_env_build_alias_set=set
ac_cv_env_build_alias_value=x86_64-pc-linux-gnu
ac_cv_env_host_alias_set=set
ac_cv_env_host_alias_value=x86_64-pc-linux-gnu
ac_cv_env_target_alias_set=set
ac_cv_env_target_alias_value=x86_64-pc-linux-gnu
ac_cv_host=x86_64-pc-linux-gnu
ac_cv_objext=o
ac_cv_prog_AR=ar
ac_cv_prog_RANLIB=ranlib
ac_cv_prog_cxx_g=yes

## ----------------- ##
## Output variables. ##
## ----------------- ##

AR='ar'
CPPFLAGS=''
CXX='g++ -std=c++11'
CXXFLAGS='-g'
DEFS='-DHAVE_CONFIG_H'
ECHO_C=''
ECHO_N='-n'
ECHO_T=''
EXCEPTIONS=''
EXEEXT=''
LDFLAGS='-static-libstdc++ -static-libgcc  -Wl,--no-undefined'
LIBOBJS=''
LIBS=''
LTLIBOBJS=''
MAINTAINER=''
OBJEXT='o'
PACKAGE_BUGREPORT='github.com/urnathan/libcody'
PACKAGE_NAME='codylib'
PACKAGE_STRING='codylib 0.0'
PACKAGE_TARNAME='codylib'
PACKAGE_URL=''
PACKAGE_VERSION='0.0'
PATH_SEPARATOR=':'
PICFLAG=''
RANLIB='ranlib'
SHELL='/bin/bash'
ac_ct_CXX=''
bindir='${exec_prefix}/bin'
build='x86_64-pc-linux-gnu'
build_alias='x86_64-pc-linux-gnu'
build_cpu='x86_64'
build_os='linux-gnu'
build_vendor='pc'
configure_args=' '\''--srcdir=../../libcody'\'' '\''--cache-file=./config.cache'\'' '\''--prefix=/data/gcc/build/out'\'' '\''--enable-stage1-languages=c'\'' '\''--disable-multilib'\'' '\''--disable-debug'\'' '\''--disable-profiling'\'' '\''--disable-doc'\'' '\''--disable-libitm'\'' '\''--disable-libsanitizer'\'' '\''--disable-libquadmath'\'' '\''--disable-libgomp'\'' '\''--disable-plugins'\'' '\''--disable-lto'\'' '\''--enable-static'\'' '\''--disable-shared'\'' '\''--without-isl'\'' '\''--without-cloog'\'' '\''--without-c++tools'\'' '\''--program-transform-name=s,y,y,'\'' '\''--disable-option-checking'\'' '\''--build=x86_64-pc-linux-gnu'\'' '\''--host=x86_64-pc-linux-gnu'\'' '\''--target=x86_64-pc-linux-gnu'\'' '\''--disable-intermodule'\'' '\''--enable-checking=yes,types'\'' '\''--disable-coverage'\'' '\''--enable-languages=c,c++'\'' '\''--disable-build-format-warnings'\'' '\''build_alias=x86_64-pc-linux-gnu'\'' '\''host_alias=x86_64-pc-linux-gnu'\'' '\''target_alias=x86_64-pc-linux-gnu'\'' '\''CXX=g++ -std=c++11'\'' '\''CXXFLAGS=-g'\'' '\''LDFLAGS=-static-libstdc++ -static-libgcc '\'''
datadir='${datarootdir}'
datarootdir='${prefix}/share'
docdir='${datarootdir}/doc/${PACKAGE_TARNAME}'
dvidir='${docdir}'
exec_prefix='${prefix}'
host='x86_64-pc-linux-gnu'
host_alias='x86_64-pc-linux-gnu'
host_cpu='x86_64'
host_os='linux-gnu'
host_vendor='pc'
htmldir='${docdir}'
includedir='${prefix}/include'
infodir='${datarootdir}/info'
libdir='${exec_prefix}/lib'
libexecdir='${exec_prefix}/libexec'
localedir='${datarootdir}/locale'
localstatedir='${prefix}/var'
mandir='${datarootdir}/man'
oldincludedir='/usr/include'
pdfdir='${docdir}'
prefix='/data/gcc/build/out'
program_transform_name='s,y,y,'
psdir='${docdir}'
sbindir='${exec_prefix}/sbin'
sharedstatedir='${prefix}/com'
sysconfdir='${prefix}/etc'
target_alias='x86_64-pc-linux-gnu'

## ----------- ##
## confdefs.h. ##
## ----------- ##

/* confdefs.h */
#define PACKAGE_NAME "codylib"
#define PACKAGE_TARNAME "codylib"
#define PACKAGE_VERSION "0.0"
#define PACKAGE_STRING "codylib 0.0"
#define PACKAGE_BUGREPORT "github.com/urnathan/libcody"
#define PACKAGE_URL ""
#define NMS_CHECKING 1

configure: exit 0
