This file contains any messages produced by compilers while
running configure, to aid debugging if configure makes a mistake.

It was created by libcharset configure 1.5, which was
generated by GNU Autoconf 2.72.  Invocation command line was

  $ ../../../libiconv/libcharset/configure --disable-option-checking --prefix=/data/gcc/build/out --enable-stage1-languages=c --disable-multilib --disable-debug --disable-profiling --disable-doc --disable-libitm --disable-libsanitizer --disable-libquadmath --disable-libgomp --disable-plugins --disable-lto --enable-static --without-isl --without-cloog --without-c++tools --program-transform-name=s,y,y, --build=x86_64-pc-linux-gnu --host=x86_64-pc-linux-gnu --target=x86_64-pc-linux-gnu --disable-intermodule --enable-checking=yes,types --disable-coverage --enable-languages=c,c++ --disable-build-format-warnings --disable-shared build_alias=x86_64-pc-linux-gnu host_alias=x86_64-pc-linux-gnu target_alias=x86_64-pc-linux-gnu CC=gcc CFLAGS=-g 'LDFLAGS=-static-libstdc++ -static-libgcc ' --cache-file=.././config.cache --srcdir=../../../libiconv/libcharset

## --------- ##
## Platform. ##
## --------- ##

hostname = wisper-UOSx64
uname -m = x86_64
uname -r = 5.10.0-amd64-desktop
uname -s = Linux
uname -v = #20.00.61.00-release SMP Thu Jul 20 15:49:09 CST 2023

/usr/bin/uname -p = unknown
/bin/uname -X     = unknown

/bin/arch              = x86_64
/usr/bin/arch -k       = unknown
/usr/convex/getsysinfo = unknown
/usr/bin/hostinfo      = unknown
/bin/machine           = unknown
/usr/bin/oslevel       = unknown
/bin/universe          = unknown

PATH: /usr/share/safe-rm/bin/
PATH: /usr/local/sbin/
PATH: /usr/local/bin/
PATH: /usr/sbin/
PATH: /usr/bin/
PATH: /sbin/
PATH: /bin/


## ----------- ##
## Core tests. ##
## ----------- ##

configure:2064: loading cache .././config.cache
configure:2428: looking for aux files: ltmain.sh config.guess config.sub install-sh
configure:2441:  trying ../../../libiconv/libcharset/build-aux/
configure:2470:   ../../../libiconv/libcharset/build-aux/ltmain.sh found
configure:2470:   ../../../libiconv/libcharset/build-aux/config.guess found
configure:2470:   ../../../libiconv/libcharset/build-aux/config.sub found
configure:2452:   ../../../libiconv/libcharset/build-aux/install-sh found
configure:2586: checking whether make sets $(MAKE)
configure:2610: result: yes
configure:2638: checking for x86_64-pc-linux-gnu-gcc
configure:2671: result: gcc
configure:3076: checking for C compiler version
configure:3085: gcc --version >&5
gcc (GCC) 12.4.0
Copyright (C) 2022 Free Software Foundation, Inc.
This is free software; see the source for copying conditions.  There is NO
warranty; not even for MERCHANTABILITY or FITNESS FOR A PARTICULAR PURPOSE.

configure:3096: $? = 0
configure:3085: gcc -v >&5
Using built-in specs.
COLLECT_GCC=gcc
COLLECT_LTO_WRAPPER=/usr/local/libexec/gcc/x86_64-pc-linux-gnu/12.4.0/lto-wrapper
Target: x86_64-pc-linux-gnu
Configured with: ../configure --disable-multilib
Thread model: posix
Supported LTO compression algorithms: zlib
gcc version 12.4.0 (GCC) 
configure:3096: $? = 0
configure:3085: gcc -V >&5
gcc: error: unrecognized command-line option '-V'
gcc: fatal error: no input files
compilation terminated.
configure:3096: $? = 1
configure:3085: gcc -qversion >&5
gcc: error: unrecognized command-line option '-qversion'; did you mean '--version'?
gcc: fatal error: no input files
compilation terminated.
configure:3096: $? = 1
configure:3085: gcc -version >&5
gcc: error: unrecognized command-line option '-version'
gcc: fatal error: no input files
compilation terminated.
configure:3096: $? = 1
configure:3116: checking whether the C compiler works
configure:3138: gcc -g  -static-libstdc++ -static-libgcc  conftest.c  >&5
configure:3142: $? = 0
configure:3193: result: yes
configure:3197: checking for C compiler default output file name
configure:3199: result: a.out
configure:3205: checking for suffix of executables
configure:3212: gcc -o conftest -g  -static-libstdc++ -static-libgcc  conftest.c  >&5
configure:3216: $? = 0
configure:3240: result: 
configure:3264: checking whether we are cross compiling
configure:3272: gcc -o conftest -g  -static-libstdc++ -static-libgcc  conftest.c  >&5
configure:3276: $? = 0
configure:3283: ./conftest
configure:3287: $? = 0
configure:3275: result: no
configure:3281: checking for suffix of object files
configure:3332: result: o
configure:3336: checking whether the compiler supports GNU C
configure:3368: result: yes
configure:3379: checking whether gcc accepts -g
configure:3447: result: yes
configure:3467: checking for gcc option to enable C11 features
configure:3501: result: none needed
configure:3624: checking how to run the C preprocessor
configure:3695: result: gcc -E
configure:3709: gcc -E  conftest.c
configure:3709: $? = 0
configure:3725: gcc -E  conftest.c
conftest.c:9:10: fatal error: ac_nonexistent.h: No such file or directory
    9 | #include <ac_nonexistent.h>
      |          ^~~~~~~~~~~~~~~~~~
compilation terminated.
configure:3725: $? = 1
configure: failed program was:
| /* confdefs.h */
| #define PACKAGE_NAME "libcharset"
| #define PACKAGE_TARNAME "libcharset"
| #define PACKAGE_VERSION "1.5"
| #define PACKAGE_STRING "libcharset 1.5"
| #define PACKAGE_BUGREPORT ""
| #define PACKAGE_URL ""
| /* end confdefs.h.  */
| #include <ac_nonexistent.h>
configure:3773: checking for a BSD-compatible install
configure:3847: result: /usr/bin/install -c
configure:3866: checking build system type
configure:3882: result: x86_64-pc-linux-gnu
configure:3902: checking host system type
configure:3917: result: x86_64-pc-linux-gnu
configure:3946: checking for stdio.h
configure:3946: result: yes
configure:3946: checking for stdlib.h
configure:3946: result: yes
configure:3946: checking for string.h
configure:3946: result: yes
configure:3946: checking for inttypes.h
configure:3946: result: yes
configure:3946: checking for stdint.h
configure:3946: result: yes
configure:3946: checking for strings.h
configure:3946: result: yes
configure:3946: checking for sys/stat.h
configure:3946: result: yes
configure:3946: checking for sys/types.h
configure:3946: result: yes
configure:3946: checking for unistd.h
configure:3946: result: yes
configure:3946: checking for wchar.h
configure:3946: result: yes
configure:3946: checking for minix/config.h
configure:3946: result: no
configure:3977: checking whether it is safe to define __EXTENSIONS__
configure:4006: result: yes
configure:4009: checking whether _XOPEN_SOURCE should be defined
configure:4060: result: no
configure:4173: checking how to print strings
configure:4200: result: printf
configure:4221: checking for a sed that does not truncate output
configure:4293: result: /usr/bin/sed
configure:4311: checking for grep that handles long lines and -e
configure:4377: result: /usr/bin/grep
configure:4382: checking for egrep
configure:4452: result: /usr/bin/grep -E
configure:4459: checking for fgrep
configure:4529: result: /usr/bin/grep -F
configure:4566: checking for ld used by gcc
configure:4635: result: ld
configure:4642: checking if the linker (ld) is GNU ld
configure:4659: result: yes
configure:4671: checking for BSD- or MS-compatible name lister (nm)
configure:4727: result: nm
configure:4869: checking the name lister (nm) interface
configure:4891: result: BSD nm
configure:4894: checking whether ln -s works
configure:4898: result: yes
configure:4906: checking the maximum length of command line arguments
configure:5039: result: 1572864
configure:5087: checking how to convert x86_64-pc-linux-gnu file names to x86_64-pc-linux-gnu format
configure:5129: result: func_convert_file_noop
configure:5136: checking how to convert x86_64-pc-linux-gnu file names to toolchain format
configure:5158: result: func_convert_file_noop
configure:5165: checking for ld option to reload object files
configure:5174: result: -r
configure:5207: checking for file
configure:5241: result: file
configure:5258: checking for x86_64-pc-linux-gnu-objdump
configure:5291: result: objdump
configure:5366: checking how to recognize dependent libraries
configure:5575: result: pass_all
configure:5620: checking for x86_64-pc-linux-gnu-dlltool
configure:5653: result: dlltool
configure:5729: checking how to associate runtime and link libraries
configure:5758: result: printf %s\n
configure:5772: checking for x86_64-pc-linux-gnu-ranlib
configure:5805: result: ranlib
configure:5878: checking for x86_64-pc-linux-gnu-ar
configure:5911: result: ar
configure:6014: checking for archiver @FILE support
configure:6060: result: @
configure:6078: checking for x86_64-pc-linux-gnu-strip
configure:6111: result: /usr/bin/strip
configure:6235: checking for gawk
configure:6268: result: gawk
configure:6308: checking command to parse nm output from gcc object
configure:6577: result: ok
configure:6624: checking for sysroot
configure:6658: result: no
configure:6665: checking for a working dd
configure:6710: result: /usr/bin/dd
configure:6714: checking how to truncate binary pipes
configure:6731: result: /usr/bin/dd bs=4096 count=1
configure:6868: gcc -c -g  conftest.c >&5
configure:6871: $? = 0
configure:7025: checking for x86_64-pc-linux-gnu-mt
configure:7061: result: no
configure:7071: checking for mt
configure:7104: result: mt
configure:7127: checking if mt is a manifest tool
configure:7143: result: no
configure:7936: checking for dlfcn.h
configure:7936: result: yes
configure:8573: checking for objdir
configure:8590: result: .libs
configure:8856: checking if gcc supports -fno-rtti -fno-exceptions
configure:8893: result: no
configure:9266: checking for gcc option to produce PIC
configure:9275: result: -fPIC -DPIC
configure:9283: checking if gcc PIC flag -fPIC -DPIC works
configure:9320: result: yes
configure:9349: checking if gcc static flag -static works
configure:9379: result: yes
configure:9394: checking if gcc supports -c -o file.o
configure:9443: result: yes
configure:9451: checking if gcc supports -c -o file.o
configure:9500: result: yes
configure:9533: checking whether the gcc linker (ld -m elf_x86_64) supports shared libraries
configure:10817: result: yes
configure:11059: checking dynamic linker characteristics
configure:12443: result: GNU/Linux ld.so
configure:12565: checking how to hardcode library paths into programs
configure:12590: result: immediate
configure:13190: checking whether stripping libraries is possible
configure:13199: result: yes
configure:13241: checking if libtool supports shared libraries
configure:13243: result: yes
configure:13246: checking whether to build shared libraries
configure:13271: result: no
configure:13274: checking whether to build static libraries
configure:13278: result: yes
configure:13340: checking for ld
configure:13473: result: ld -m elf_x86_64
configure:13480: checking if the linker (ld -m elf_x86_64) is GNU ld
configure:13497: result: yes
configure:13504: checking 32-bit host C ABI
configure:13571: result: no
configure:13577: checking for shared library path variable
configure:13592: result: LD_LIBRARY_PATH
configure:13597: checking whether to activate relocatable installation
configure:13614: result: no
configure:13808: checking whether the -Werror option is usable
configure:13839: result: yes
configure:13841: checking for simple visibility declarations
configure:13885: result: yes
configure:13901: checking for nl_langinfo and CODESET
configure:13930: result: yes
configure:13942: checking for symlink
configure:13942: result: yes
configure:13956: checking for working fcntl.h
configure:14087: result: yes
configure:14106: checking for setlocale
configure:14106: result: yes
configure:14183: updating cache .././config.cache
configure:14240: creating ./config.status

## ---------------------- ##
## Running config.status. ##
## ---------------------- ##

This file was extended by libcharset config.status 1.5, which was
generated by GNU Autoconf 2.72.  Invocation command line was

  CONFIG_FILES    = 
  CONFIG_HEADERS  = 
  CONFIG_LINKS    = 
  CONFIG_COMMANDS = 
  $ ./config.status 

on wisper-UOSx64

config.status:1089: creating Makefile
config.status:1089: creating lib/Makefile
config.status:1089: creating include/libcharset.h
config.status:1089: creating include/libcharset.h.inst
config.status:1089: creating include/localcharset.h
config.status:1089: creating include/localcharset.h.inst
config.status:1089: creating config.h
config.status:1263: executing libtool commands

## ---------------- ##
## Cache variables. ##
## ---------------- ##

ac_cv_build=x86_64-pc-linux-gnu
ac_cv_c_bigendian=no
ac_cv_c_compiler_gnu=yes
ac_cv_c_restrict=__restrict__
ac_cv_c_undeclared_builtin_options='none needed'
ac_cv_c_vararrays=yes
ac_cv_decl_EILSEQ=yes
ac_cv_env_CC_set=set
ac_cv_env_CC_value=gcc
ac_cv_env_CFLAGS_set=set
ac_cv_env_CFLAGS_value=-g
ac_cv_env_CPPFLAGS_set=
ac_cv_env_CPPFLAGS_value=
ac_cv_env_CPP_set=
ac_cv_env_CPP_value=
ac_cv_env_LDFLAGS_set=set
ac_cv_env_LDFLAGS_value='-static-libstdc++ -static-libgcc '
ac_cv_env_LIBS_set=
ac_cv_env_LIBS_value=
ac_cv_env_LT_SYS_LIBRARY_PATH_set=
ac_cv_env_LT_SYS_LIBRARY_PATH_value=
ac_cv_env_build_alias_set=set
ac_cv_env_build_alias_value=x86_64-pc-linux-gnu
ac_cv_env_host_alias_set=set
ac_cv_env_host_alias_value=x86_64-pc-linux-gnu
ac_cv_env_target_alias_set=set
ac_cv_env_target_alias_value=x86_64-pc-linux-gnu
ac_cv_func__set_invalid_parameter_handler=no
ac_cv_func_alloca_works=yes
ac_cv_func_canonicalize_file_name=yes
ac_cv_func_error=yes
ac_cv_func_faccessat=yes
ac_cv_func_fcntl=yes
ac_cv_func_getc_unlocked=yes
ac_cv_func_getcwd=yes
ac_cv_func_getdtablesize=yes
ac_cv_func_getexecname=no
ac_cv_func_getprogname=no
ac_cv_func_lstat=yes
ac_cv_func_malloc_0_nonnull=yes
ac_cv_func_mbrtowc=yes
ac_cv_func_mbsinit=yes
ac_cv_func_memmove=yes
ac_cv_func_mempcpy=yes
ac_cv_func_raise=yes
ac_cv_func_rawmemchr=yes
ac_cv_func_readlink=yes
ac_cv_func_readlinkat=yes
ac_cv_func_realpath=yes
ac_cv_func_setenv=yes
ac_cv_func_setlocale=yes
ac_cv_func_sigprocmask=yes
ac_cv_func_strerror_r_char_p=yes
ac_cv_func_symlink=yes
ac_cv_func_tsearch=yes
ac_cv_func_wcrtomb=yes
ac_cv_have_decl___argv=no
ac_cv_have_decl__putenv=no
ac_cv_have_decl_clearerr_unlocked=yes
ac_cv_have_decl_ecvt=yes
ac_cv_have_decl_error_at_line=yes
ac_cv_have_decl_execvpe=yes
ac_cv_have_decl_fcloseall=yes
ac_cv_have_decl_fcvt=yes
ac_cv_have_decl_feof_unlocked=yes
ac_cv_have_decl_ferror_unlocked=yes
ac_cv_have_decl_fflush_unlocked=yes
ac_cv_have_decl_fgets_unlocked=yes
ac_cv_have_decl_fputc_unlocked=yes
ac_cv_have_decl_fputs_unlocked=yes
ac_cv_have_decl_fread_unlocked=yes
ac_cv_have_decl_fwrite_unlocked=yes
ac_cv_have_decl_gcvt=yes
ac_cv_have_decl_getc_unlocked=yes
ac_cv_have_decl_getchar_unlocked=yes
ac_cv_have_decl_getdtablesize=yes
ac_cv_have_decl_getw=yes
ac_cv_have_decl_program_invocation_name=yes
ac_cv_have_decl_program_invocation_short_name=yes
ac_cv_have_decl_putc_unlocked=yes
ac_cv_have_decl_putchar_unlocked=yes
ac_cv_have_decl_putw=yes
ac_cv_have_decl_setenv=yes
ac_cv_have_decl_strerror_r=yes
ac_cv_have_decl_wcsdup=yes
ac_cv_header_crtdefs_h=no
ac_cv_header_dlfcn_h=yes
ac_cv_header_error_h=yes
ac_cv_header_features_h=yes
ac_cv_header_inttypes_h=yes
ac_cv_header_limits_h=yes
ac_cv_header_minix_config_h=no
ac_cv_header_search_h=yes
ac_cv_header_stat_broken=no
ac_cv_header_stdbool_h=yes
ac_cv_header_stdckdint_h=no
ac_cv_header_stdint_h=yes
ac_cv_header_stdio_h=yes
ac_cv_header_stdlib_h=yes
ac_cv_header_string_h=yes
ac_cv_header_strings_h=yes
ac_cv_header_sys_param_h=yes
ac_cv_header_sys_socket_h=yes
ac_cv_header_sys_stat_h=yes
ac_cv_header_sys_time_h=yes
ac_cv_header_sys_types_h=yes
ac_cv_header_unistd_h=yes
ac_cv_header_wchar_h=yes
ac_cv_host=x86_64-pc-linux-gnu
ac_cv_lib_error_at_line=yes
ac_cv_member_struct_stat_st_atim_tv_nsec=yes
ac_cv_member_struct_stat_st_birthtim_tv_nsec=no
ac_cv_member_struct_stat_st_birthtimensec=no
ac_cv_member_struct_stat_st_birthtimespec_tv_nsec=no
ac_cv_objext=o
ac_cv_path_EGREP='/usr/bin/grep -E'
ac_cv_path_EGREP_TRADITIONAL='/usr/bin/grep -E'
ac_cv_path_FGREP='/usr/bin/grep -F'
ac_cv_path_GMSGFMT=/usr/bin/msgfmt
ac_cv_path_GREP=/usr/bin/grep
ac_cv_path_MSGFMT=/usr/bin/msgfmt
ac_cv_path_MSGMERGE=/usr/bin/msgmerge
ac_cv_path_SED=/usr/bin/sed
ac_cv_path_STRIP=/usr/bin/strip
ac_cv_path_XGETTEXT=/usr/bin/xgettext
ac_cv_path_lt_DD=/usr/bin/dd
ac_cv_path_mkdir=/usr/bin/mkdir
ac_cv_prog_AR=ar
ac_cv_prog_AWK=gawk
ac_cv_prog_CC=gcc
ac_cv_prog_CPP='gcc -E'
ac_cv_prog_DLLTOOL=dlltool
ac_cv_prog_FILECMD=file
ac_cv_prog_OBJDUMP=objdump
ac_cv_prog_RANLIB=ranlib
ac_cv_prog_STRIP=/usr/bin/strip
ac_cv_prog_ac_ct_MANIFEST_TOOL=mt
ac_cv_prog_cc_c11=
ac_cv_prog_cc_g=yes
ac_cv_prog_cc_stdc=
ac_cv_prog_make_make_set=yes
ac_cv_safe_to_define___extensions__=yes
ac_cv_should_define__xopen_source=no
ac_cv_sys_largefile_opts='none needed'
ac_cv_type_gid_t=yes
ac_cv_type_mbstate_t=yes
ac_cv_type_mode_t=yes
ac_cv_type_nlink_t=yes
ac_cv_type_pid_t=yes
ac_cv_type_sighandler_t=yes
ac_cv_type_sigset_t=yes
ac_cv_type_size_t=yes
ac_cv_type_uid_t=yes
ac_cv_type_volatile_sig_atomic_t=yes
ac_cv_typeof_struct_stat_st_atim_is_struct_timespec=yes
ac_cv_working_alloca_h=yes
acl_cv_hardcode_direct=no
acl_cv_hardcode_libdir_flag_spec='${wl}-rpath ${wl}$libdir'
acl_cv_hardcode_libdir_separator=
acl_cv_hardcode_minus_L=no
acl_cv_libdirstems=lib,lib,lib64
acl_cv_libext=a
acl_cv_libname_spec='lib$name'
acl_cv_libpath=LD_LIBRARY_PATH
acl_cv_library_names_spec='$libname$shrext'
acl_cv_prog_gnu_ld=yes
acl_cv_rpath=done
acl_cv_shlibext=so
acl_cv_shlibpath_var=LD_LIBRARY_PATH
acl_cv_wl=-Wl,
am_cv_CC_dependencies_compiler_type=none
am_cv_filesystem_timestamp_resolution=0.01
am_cv_func_iconv=yes
am_cv_func_iconv_summary='yes, in libiconv'
am_cv_func_iconv_works=yes
am_cv_langinfo_codeset=yes
am_cv_lib_iconv=yes
am_cv_make_support_nested_variables=yes
am_cv_prog_cc_c_o=yes
am_cv_sleep_fractional_seconds=yes
am_cv_xargs_n_works=yes
cl_cv_prog_LN=ln
cl_cv_prog_cp='cp -p'
gl_cv___builtin_expect=yes
gl_cv_c___inline=yes
gl_cv_c_amsterdam_compiler=no
gl_cv_c_bool=no
gl_cv_c_multiarch=no
gl_cv_cc_vis_werror=yes
gl_cv_cc_visibility=yes
gl_cv_cc_wallow=-Wno-error
gl_cv_clean_version_stddef=yes
gl_cv_compiler_check_decl_option=none
gl_cv_compiler_clang=no
gl_cv_decl_null_works=yes
gl_cv_decl_readlink_works=yes
gl_cv_double_slash_root=no
gl_cv_elf=yes
gl_cv_func_dup2_works=yes
gl_cv_func_fcntl_f_dupfd_cloexec='needs runtime check'
gl_cv_func_fcntl_f_dupfd_works=yes
gl_cv_func_free_preserves_errno=no
gl_cv_func_getdtablesize_works=yes
gl_cv_func_lstat_dereferences_slashed_symlink=yes
gl_cv_func_malloc_posix=yes
gl_cv_func_open_slash=yes
gl_cv_func_printf_attribute_flavor=system
gl_cv_func_readlink_trailing_slash=yes
gl_cv_func_readlink_truncate=yes
gl_cv_func_realloc_0_nonnull=no
gl_cv_func_realloc_sanitize=no
gl_cv_func_realpath_works=yes
gl_cv_func_stat_file_slash=yes
gl_cv_func_strerror_0_works=yes
gl_cv_func_unreachable=no
gl_cv_func_working_error=yes
gl_cv_func_working_strerror=yes
gl_cv_have___header_inline=no
gl_cv_have_include_next=yes
gl_cv_header_errno_h_complete=yes
gl_cv_header_limits_width=no
gl_cv_header_signal_h_SIGPIPE=yes
gl_cv_header_stdint_width=yes
gl_cv_header_stdint_without_STDC_macros=yes
gl_cv_header_wchar_h_correct_inline=yes
gl_cv_header_wchar_h_standalone=yes
gl_cv_header_working_fcntl_h=yes
gl_cv_header_working_stdalign_h='yes, <stdalign.h> macros'
gl_cv_header_working_stdint_h=yes
gl_cv_host_cpu_c_abi_32bit=no
gl_cv_iconv_nonconst=yes
gl_cv_macro_MB_CUR_MAX_good=yes
gl_cv_macro_O_CLOEXEC=yes
gl_cv_malloc_ptrdiff=yes
gl_cv_minmax_in_limits_h=no
gl_cv_minmax_in_sys_param_h=yes
gl_cv_next_error_h='<error.h>'
gl_cv_next_fcntl_h='<fcntl.h>'
gl_cv_next_inttypes_h='<inttypes.h>'
gl_cv_next_limits_h='<limits.h>'
gl_cv_next_signal_h='<signal.h>'
gl_cv_next_stddef_h='<stddef.h>'
gl_cv_next_stdint_h='<stdint.h>'
gl_cv_next_stdio_h='<stdio.h>'
gl_cv_next_stdlib_h='<stdlib.h>'
gl_cv_next_string_h='<string.h>'
gl_cv_next_sys_stat_h='<sys/stat.h>'
gl_cv_next_sys_types_h='<sys/types.h>'
gl_cv_next_time_h='<time.h>'
gl_cv_next_unistd_h='<unistd.h>'
gl_cv_next_wchar_h='<wchar.h>'
gl_cv_nullptr_t_needs_stddef=yes
gl_cv_off64_t=yes
gl_cv_onwards_func_error=yes
gl_cv_onwards_func_faccessat=yes
gl_cv_onwards_func_getprogname=no
gl_cv_onwards_func_mempcpy=yes
gl_cv_onwards_func_readlinkat=yes
gl_cv_onwards_func_tsearch=yes
gl_cv_prog_as_underscore=no
gl_cv_promoted_mode_t=mode_t
gl_cv_source_line_length_unlimited=yes
gl_cv_ssize_t=yes
gl_cv_static_assert='yes, an <assert.h> macro'
gl_cv_sys_struct_timespec_in_time_h=yes
gl_cv_time_h_has_TIME_UTC=yes
gl_cv_type_max_align_t=yes
gl_cv_type_sigset_t=yes
gl_cv_type_wint_t_large_enough=yes
gt_cv_c_wint_t=yes
gt_cv_func_CFLocaleCopyPreferredLanguages=no
gt_cv_func_CFPreferencesCopyAppValue=no
gt_cv_func_gnugettext2_libc=yes
gt_cv_locale_en_utf8=en_US.UTF-8
gt_cv_var_environ_declaration=yes
lt_cv_ar_at_file=@
lt_cv_deplibs_check_method=pass_all
lt_cv_file_magic_cmd='$MAGIC_CMD'
lt_cv_file_magic_test_file=
lt_cv_ld_reload_flag=-r
lt_cv_nm_interface='BSD nm'
lt_cv_objdir=.libs
lt_cv_path_LD=ld
lt_cv_path_NM=nm
lt_cv_path_manifest_tool=no
lt_cv_prog_compiler_c_o=yes
lt_cv_prog_compiler_c_o_RC=yes
lt_cv_prog_compiler_pic='-fPIC -DPIC'
lt_cv_prog_compiler_pic_works=yes
lt_cv_prog_compiler_rtti_exceptions=no
lt_cv_prog_compiler_static_works=yes
lt_cv_prog_gnu_ld=yes
lt_cv_sharedlib_from_linklib_cmd='printf %s\n'
lt_cv_shlibpath_overrides_runpath=yes
lt_cv_sys_global_symbol_pipe='/usr/bin/sed -n -e '\''s/^.*[	 ]\([ABCDGIRSTW][ABCDGIRSTW]*\)[	 ][	 ]*\([_A-Za-z][_A-Za-z0-9]*\)$/\1 \2 \2/p'\'' | /usr/bin/sed '\''/ __gnu_lto/d'\'''
lt_cv_sys_global_symbol_to_c_name_address='/usr/bin/sed -n -e '\''s/^: \(.*\) .*$/  {"\1", (void *) 0},/p'\'' -e '\''s/^[ABCDGIRSTW][ABCDGIRSTW]* .* \(.*\)$/  {"\1", (void *) \&\1},/p'\'''
lt_cv_sys_global_symbol_to_c_name_address_lib_prefix='/usr/bin/sed -n -e '\''s/^: \(.*\) .*$/  {"\1", (void *) 0},/p'\'' -e '\''s/^[ABCDGIRSTW][ABCDGIRSTW]* .* \(lib.*\)$/  {"\1", (void *) \&\1},/p'\'' -e '\''s/^[ABCDGIRSTW][ABCDGIRSTW]* .* \(.*\)$/  {"lib\1", (void *) \&\1},/p'\'''
lt_cv_sys_global_symbol_to_cdecl='/usr/bin/sed -n -e '\''s/^T .* \(.*\)$/extern int \1();/p'\'' -e '\''s/^[ABCDGIRSTW][ABCDGIRSTW]* .* \(.*\)$/extern char \1;/p'\'''
lt_cv_sys_global_symbol_to_import=
lt_cv_sys_max_cmd_len=1572864
lt_cv_to_host_file_cmd=func_convert_file_noop
lt_cv_to_tool_file_cmd=func_convert_file_noop
lt_cv_truncate_bin='/usr/bin/dd bs=4096 count=1'

## ----------------- ##
## Output variables. ##
## ----------------- ##

AR='ar'
AS='as'
AWK='gawk'
CC='gcc'
CFLAGS='-g'
CFLAG_VISIBILITY='-fvisibility=hidden'
CPP='gcc -E'
CPPFLAGS=''
DEFS='-DHAVE_CONFIG_H'
DLLTOOL='dlltool'
DSYMUTIL='dsymutil'
DUMPBIN=''
ECHO_C=''
ECHO_N='-n'
ECHO_T=''
EGREP='/usr/bin/grep -E'
EXEEXT=''
FGREP='/usr/bin/grep -F'
FILECMD='file'
GREP='/usr/bin/grep'
HAVE_VISIBILITY='1'
INSTALL_DATA='/usr/bin/install -c -m 644'
INSTALL_PROGRAM='/usr/bin/install -c'
INSTALL_PROGRAM_ENV=''
INSTALL_SCRIPT='/usr/bin/install -c'
LD='ld -m elf_x86_64'
LDFLAGS='-static-libstdc++ -static-libgcc '
LIBOBJS=''
LIBS=''
LIBTOOL='/bin/bash $(top_builddir)/libtool'
LIPO=''
LN_S='ln -s'
LTLIBOBJS=''
LT_SYS_LIBRARY_PATH=''
MANIFEST_TOOL=':'
NM='nm'
NMEDIT=''
OBJDUMP='objdump'
OBJEXT='o'
OTOOL64=''
OTOOL='otool'
PACKAGE_BUGREPORT=''
PACKAGE_NAME='libcharset'
PACKAGE_STRING='libcharset 1.5'
PACKAGE_TARNAME='libcharset'
PACKAGE_URL=''
PACKAGE_VERSION='1.5'
PATH_SEPARATOR=':'
RANLIB='ranlib'
RELOCATABLE='no'
RELOCATABLE_BUILD_DIR='$(top_builddir)/'
RELOCATABLE_CONFIG_H_DIR='$(top_builddir)'
RELOCATABLE_LDFLAGS=''
RELOCATABLE_LIBRARY_PATH=''
RELOCATABLE_SRC_DIR='$(top_srcdir)/'
RELOCATABLE_STRIP=':'
RELOCATABLE_VIA_LD_FALSE=''
RELOCATABLE_VIA_LD_TRUE='#'
RELOCATABLE_VIA_WRAPPER_FALSE=''
RELOCATABLE_VIA_WRAPPER_TRUE='#'
SED='/usr/bin/sed'
SET_MAKE=''
SHELL='/bin/bash'
STRIP='/usr/bin/strip'
ac_ct_AR=''
ac_ct_CC=''
ac_ct_DUMPBIN=''
bindir='${exec_prefix}/bin'
build='x86_64-pc-linux-gnu'
build_alias='x86_64-pc-linux-gnu'
build_cpu='x86_64'
build_os='linux-gnu'
build_vendor='pc'
datadir='${datarootdir}'
datarootdir='${prefix}/share'
docdir='${datarootdir}/doc/${PACKAGE_TARNAME}'
dvidir='${docdir}'
exec_prefix='${prefix}'
host='x86_64-pc-linux-gnu'
host_alias='x86_64-pc-linux-gnu'
host_cpu='x86_64'
host_os='linux-gnu'
host_vendor='pc'
htmldir='${docdir}'
includedir='${prefix}/include'
infodir='${datarootdir}/info'
libdir='${exec_prefix}/lib'
libexecdir='${exec_prefix}/libexec'
localedir='${datarootdir}/locale'
localstatedir='${prefix}/var'
mandir='${datarootdir}/man'
oldincludedir='/usr/include'
pdfdir='${docdir}'
prefix='/data/gcc/build/out'
program_transform_name='s,y,y,'
psdir='${docdir}'
reloc_final_prefix_c='"/data/gcc/build/out"'
reloc_final_prefix_c_make='\"$(reloc_final_prefix)\"'
runstatedir='${localstatedir}/run'
sbindir='${exec_prefix}/sbin'
sharedstatedir='${prefix}/com'
sysconfdir='${prefix}/etc'
target_alias='x86_64-pc-linux-gnu'

## ----------- ##
## confdefs.h. ##
## ----------- ##

/* confdefs.h */
#define PACKAGE_NAME "libcharset"
#define PACKAGE_TARNAME "libcharset"
#define PACKAGE_VERSION "1.5"
#define PACKAGE_STRING "libcharset 1.5"
#define PACKAGE_BUGREPORT ""
#define PACKAGE_URL ""
#define HAVE_STDIO_H 1
#define HAVE_STDLIB_H 1
#define HAVE_STRING_H 1
#define HAVE_INTTYPES_H 1
#define HAVE_STDINT_H 1
#define HAVE_STRINGS_H 1
#define HAVE_SYS_STAT_H 1
#define HAVE_SYS_TYPES_H 1
#define HAVE_UNISTD_H 1
#define HAVE_WCHAR_H 1
#define STDC_HEADERS 1
#define _ALL_SOURCE 1
#define _DARWIN_C_SOURCE 1
#define _GNU_SOURCE 1
#define _HPUX_ALT_XOPEN_SOCKET_API 1
#define _NETBSD_SOURCE 1
#define _OPENBSD_SOURCE 1
#define _POSIX_PTHREAD_SEMANTICS 1
#define __STDC_WANT_IEC_60559_ATTRIBS_EXT__ 1
#define __STDC_WANT_IEC_60559_BFP_EXT__ 1
#define __STDC_WANT_IEC_60559_DFP_EXT__ 1
#define __STDC_WANT_IEC_60559_EXT__ 1
#define __STDC_WANT_IEC_60559_FUNCS_EXT__ 1
#define __STDC_WANT_IEC_60559_TYPES_EXT__ 1
#define __STDC_WANT_LIB_EXT2__ 1
#define __STDC_WANT_MATH_SPEC_FUNCS__ 1
#define _TANDEM_SOURCE 1
#define __EXTENSIONS__ 1
#define HAVE_DLFCN_H 1
#define LT_OBJDIR ".libs/"
#define INSTALLPREFIX "/data/gcc/build/out"
#define HAVE_VISIBILITY 1
#define HAVE_LANGINFO_CODESET 1
#define HAVE_SYMLINK 1
#define HAVE_WORKING_O_NOATIME 1
#define HAVE_WORKING_O_NOFOLLOW 1
#define HAVE_SETLOCALE 1

configure: exit 0
